

================================================================
== Vitis HLS Report for 'lms_filter_Pipeline_VITIS_LOOP_41_2'
================================================================
* Date:           Sun Apr 26 14:51:13 2026

* Version:        2025.2 (Build 6295257 on Nov 14 2025)
* Project:        lms_filter
* Solution:       hls (Vivado IP Flow Target)
* Product family: zynq
* Target device:  xc7z007s-clg400-1


================================================================
== Performance Estimates
================================================================
+ Timing: 
    * Summary: 
    +--------+----------+-----------+------------+
    |  Clock |  Target  | Estimated | Uncertainty|
    +--------+----------+-----------+------------+
    |ap_clk  |  10.00 ns|  46.744 ns|     2.70 ns|
    +--------+----------+-----------+------------+

+ Latency: 
    * Summary: 
    +---------+---------+----------+----------+-----+-----+-------------------+
    |  Latency (cycles) |  Latency (absolute) |  Interval |      Pipeline     |
    |   min   |   max   |    min   |    max   | min | max |        Type       |
    +---------+---------+----------+----------+-----+-----+-------------------+
    |       23|       23|  1.075 us|  1.075 us|    0|    0|  loop pipeline stp|
    +---------+---------+----------+----------+-----+-----+-------------------+

    + Detail: 
        * Instance: 
        N/A

        * Loop: 
        +-------------------+---------+---------+----------+-----------+-----------+------+----------+
        |                   |  Latency (cycles) | Iteration|  Initiation Interval  | Trip |          |
        |     Loop Name     |   min   |   max   |  Latency |  achieved |   target  | Count| Pipelined|
        +-------------------+---------+---------+----------+-----------+-----------+------+----------+
        |- VITIS_LOOP_41_2  |       21|       21|         7|          1|          1|    16|       yes|
        +-------------------+---------+---------+----------+-----------+-----------+------+----------+



================================================================
== Utilization Estimates
================================================================
* Summary: 
+-----------------+---------+----+-------+-------+-----+
|       Name      | BRAM_18K| DSP|   FF  |  LUT  | URAM|
+-----------------+---------+----+-------+-------+-----+
|DSP              |        -|   -|      -|      -|    -|
|Expression       |        -|   -|      0|     29|    -|
|FIFO             |        -|   -|      -|      -|    -|
|Instance         |        -|   2|    177|    385|    -|
|Memory           |        -|   -|      -|      -|    -|
|Multiplexer      |        -|   -|      0|     54|    -|
|Register         |        -|   -|    147|     32|    -|
+-----------------+---------+----+-------+-------+-----+
|Total            |        0|   2|    324|    500|    0|
+-----------------+---------+----+-------+-------+-----+
|Available        |      100|  66|  28800|  14400|    0|
+-----------------+---------+----+-------+-------+-----+
|Utilization (%)  |        0|   3|      1|      3|    0|
+-----------------+---------+----+-------+-------+-----+

+ Detail: 
    * Instance: 
    +-----------------------------------+--------------------------------+---------+----+-----+-----+-----+
    |              Instance             |             Module             | BRAM_18K| DSP|  FF | LUT | URAM|
    +-----------------------------------+--------------------------------+---------+----+-----+-----+-----+
    |fadd_32ns_32ns_32_2_full_dsp_1_U2  |fadd_32ns_32ns_32_2_full_dsp_1  |        0|   2|  177|  385|    0|
    +-----------------------------------+--------------------------------+---------+----+-----+-----+-----+
    |Total                              |                                |        0|   2|  177|  385|    0|
    +-----------------------------------+--------------------------------+---------+----+-----+-----+-----+

    * DSP: 
    N/A

    * Memory: 
    N/A

    * FIFO: 
    N/A

    * Expression: 
    +---------------------+----------+----+---+----+------------+------------+
    |    Variable Name    | Operation| DSP| FF| LUT| Bitwidth P0| Bitwidth P1|
    +---------------------+----------+----+---+----+------------+------------+
    |add_ln41_fu_106_p2   |         +|   0|  0|  13|           5|           1|
    |icmp_ln41_fu_100_p2  |      icmp|   0|  0|  14|           5|           6|
    |ap_enable_pp0        |       xor|   0|  0|   2|           1|           2|
    +---------------------+----------+----+---+----+------------+------------+
    |Total                |          |   0|  0|  29|          11|           9|
    +---------------------+----------+----+---+----+------------+------------+

    * Multiplexer: 
    +------------------------------+----+-----------+-----+-----------+
    |             Name             | LUT| Input Size| Bits| Total Bits|
    +------------------------------+----+-----------+-----+-----------+
    |add255_fu_36                  |   9|          2|   32|         64|
    |ap_done_int                   |   9|          2|    1|          2|
    |ap_enable_reg_pp0_iter1       |   9|          2|    1|          2|
    |ap_sig_allocacmp_add255_load  |   9|          2|   32|         64|
    |ap_sig_allocacmp_i            |   9|          2|    5|         10|
    |i_1_fu_40                     |   9|          2|    5|         10|
    +------------------------------+----+-----------+-----+-----------+
    |Total                         |  54|         12|   76|        152|
    +------------------------------+----+-----------+-----+-----------+

    * Register: 
    +----------------------------------+----+----+-----+-----------+
    |               Name               | FF | LUT| Bits| Const Bits|
    +----------------------------------+----+----+-----+-----------+
    |add255_fu_36                      |  32|   0|   32|          0|
    |ap_CS_fsm                         |   1|   0|    1|          0|
    |ap_done_reg                       |   1|   0|    1|          0|
    |ap_enable_reg_pp0_iter1           |   1|   0|    1|          0|
    |ap_enable_reg_pp0_iter2           |   1|   0|    1|          0|
    |ap_enable_reg_pp0_iter3           |   1|   0|    1|          0|
    |ap_enable_reg_pp0_iter4           |   1|   0|    1|          0|
    |ap_enable_reg_pp0_iter5           |   1|   0|    1|          0|
    |ap_enable_reg_pp0_iter6           |   1|   0|    1|          0|
    |ap_loop_exit_ready_pp0_iter1_reg  |   1|   0|    1|          0|
    |ap_loop_exit_ready_pp0_iter2_reg  |   1|   0|    1|          0|
    |ap_loop_exit_ready_pp0_iter3_reg  |   1|   0|    1|          0|
    |ap_loop_exit_ready_pp0_iter4_reg  |   1|   0|    1|          0|
    |ap_loop_exit_ready_pp0_iter5_reg  |   1|   0|    1|          0|
    |i_1_fu_40                         |   5|   0|    5|          0|
    |icmp_ln41_reg_151                 |   1|   0|    1|          0|
    |mul_reg_175                       |  32|   0|   32|          0|
    |icmp_ln41_reg_151                 |  64|  32|    1|          0|
    +----------------------------------+----+----+-----+-----------+
    |Total                             | 147|  32|   84|          0|
    +----------------------------------+----+----+-----+-----------+



================================================================
== Interface
================================================================
* Summary: 
+--------------------+-----+-----+------------+-------------------------------------+--------------+
|      RTL Ports     | Dir | Bits|  Protocol  |            Source Object            |    C Type    |
+--------------------+-----+-----+------------+-------------------------------------+--------------+
|ap_clk              |   in|    1|  ap_ctrl_hs|  lms_filter_Pipeline_VITIS_LOOP_41_2|  return value|
|ap_rst              |   in|    1|  ap_ctrl_hs|  lms_filter_Pipeline_VITIS_LOOP_41_2|  return value|
|ap_start            |   in|    1|  ap_ctrl_hs|  lms_filter_Pipeline_VITIS_LOOP_41_2|  return value|
|ap_done             |  out|    1|  ap_ctrl_hs|  lms_filter_Pipeline_VITIS_LOOP_41_2|  return value|
|ap_idle             |  out|    1|  ap_ctrl_hs|  lms_filter_Pipeline_VITIS_LOOP_41_2|  return value|
|ap_ready            |  out|    1|  ap_ctrl_hs|  lms_filter_Pipeline_VITIS_LOOP_41_2|  return value|
|grp_fu_417_p_din0   |  out|   32|  ap_ctrl_hs|  lms_filter_Pipeline_VITIS_LOOP_41_2|  return value|
|grp_fu_417_p_din1   |  out|   32|  ap_ctrl_hs|  lms_filter_Pipeline_VITIS_LOOP_41_2|  return value|
|grp_fu_417_p_dout0  |   in|   32|  ap_ctrl_hs|  lms_filter_Pipeline_VITIS_LOOP_41_2|  return value|
|grp_fu_417_p_ce     |  out|    1|  ap_ctrl_hs|  lms_filter_Pipeline_VITIS_LOOP_41_2|  return value|
|add255_out          |  out|   32|      ap_vld|                           add255_out|       pointer|
|add255_out_ap_vld   |  out|    1|      ap_vld|                           add255_out|       pointer|
|weights_address0    |  out|    4|   ap_memory|                              weights|         array|
|weights_ce0         |  out|    1|   ap_memory|                              weights|         array|
|weights_q0          |   in|   32|   ap_memory|                              weights|         array|
|x_buf_address0      |  out|    4|   ap_memory|                                x_buf|         array|
|x_buf_ce0           |  out|    1|   ap_memory|                                x_buf|         array|
|x_buf_q0            |   in|   32|   ap_memory|                                x_buf|         array|
+--------------------+-----+-----+------------+-------------------------------------+--------------+

