

================================================================
== Vitis HLS Report for 'lms_filter'
================================================================
* Date:           Sun Apr 26 14:51:13 2026

* Version:        2025.2 (Build 6295257 on Nov 14 2025)
* Project:        lms_filter
* Solution:       hls (Vivado IP Flow Target)
* Product family: zynq
* Target device:  xc7z007s-clg400-1


================================================================
== Performance Estimates
================================================================
+ Timing: 
    * Summary: 
    +--------+----------+-----------+------------+
    |  Clock |  Target  | Estimated | Uncertainty|
    +--------+----------+-----------+------------+
    |ap_clk  |  10.00 ns|  46.744 ns|     2.70 ns|
    +--------+----------+-----------+------------+

+ Latency: 
    * Summary: 
    +---------+---------+-----------+----------+-----+-----+---------+
    |  Latency (cycles) |  Latency (absolute)  |  Interval | Pipeline|
    |   min   |   max   |    min    |    max   | min | max |   Type  |
    +---------+---------+-----------+----------+-----+-----+---------+
    |        1|       92|  46.744 ns|  4.300 us|    2|   93|       no|
    +---------+---------+-----------+----------+-----+-----+---------+

    + Detail: 
        * Instance: 
        +------------------------------------------------+-------------------------------------+---------+---------+----------+----------+-----+-----+-------------------+
        |                                                |                                     |  Latency (cycles) |  Latency (absolute) |  Interval |      Pipeline     |
        |                    Instance                    |                Module               |   min   |   max   |    min   |    max   | min | max |        Type       |
        +------------------------------------------------+-------------------------------------+---------+---------+----------+----------+-----+-----+-------------------+
        |grp_lms_filter_Pipeline_VITIS_LOOP_33_1_fu_198  |lms_filter_Pipeline_VITIS_LOOP_33_1  |       17|       17|  0.170 us|  0.170 us|    0|    0|  loop pipeline stp|
        |grp_lms_filter_Pipeline_VITIS_LOOP_41_2_fu_204  |lms_filter_Pipeline_VITIS_LOOP_41_2  |       23|       23|  1.075 us|  1.075 us|    0|    0|  loop pipeline stp|
        |grp_lms_filter_Pipeline_VITIS_LOOP_49_3_fu_213  |lms_filter_Pipeline_VITIS_LOOP_49_3  |       28|       28|  0.280 us|  0.280 us|    0|    0|  loop pipeline stp|
        +------------------------------------------------+-------------------------------------+---------+---------+----------+----------+-----+-----+-------------------+

        * Loop: 
        N/A



================================================================
== Utilization Estimates
================================================================
* Summary: 
+-----------------+---------+----+-------+-------+-----+
|       Name      | BRAM_18K| DSP|   FF  |  LUT  | URAM|
+-----------------+---------+----+-------+-------+-----+
|DSP              |        -|   -|      -|      -|    -|
|Expression       |        -|   -|      0|     24|    -|
|FIFO             |        -|   -|      -|      -|    -|
|Instance         |        -|  10|   1050|   1693|    -|
|Memory           |        0|   -|    128|     16|    0|
|Multiplexer      |        -|   -|      0|    407|    -|
|Register         |        -|   -|    176|      -|    -|
+-----------------+---------+----+-------+-------+-----+
|Total            |        0|  10|   1354|   2140|    0|
+-----------------+---------+----+-------+-------+-----+
|Available        |      100|  66|  28800|  14400|    0|
+-----------------+---------+----+-------+-------+-----+
|Utilization (%)  |        0|  15|      4|     14|    0|
+-----------------+---------+----+-------+-------+-----+

+ Detail: 
    * Instance: 
    +------------------------------------------------+-------------------------------------+---------+----+-----+-----+-----+
    |                    Instance                    |                Module               | BRAM_18K| DSP|  FF | LUT | URAM|
    +------------------------------------------------+-------------------------------------+---------+----+-----+-----+-----+
    |faddfsub_32ns_32ns_32_5_full_dsp_1_U13          |faddfsub_32ns_32ns_32_5_full_dsp_1   |        0|   2|  205|  390|    0|
    |fmul_32ns_32ns_32_4_max_dsp_1_U14               |fmul_32ns_32ns_32_4_max_dsp_1        |        0|   3|  143|  321|    0|
    |fmul_32ns_32ns_32_4_max_dsp_1_U16               |fmul_32ns_32ns_32_4_max_dsp_1        |        0|   3|  143|  321|    0|
    |grp_lms_filter_Pipeline_VITIS_LOOP_33_1_fu_198  |lms_filter_Pipeline_VITIS_LOOP_33_1  |        0|   0|   11|   64|    0|
    |grp_lms_filter_Pipeline_VITIS_LOOP_41_2_fu_204  |lms_filter_Pipeline_VITIS_LOOP_41_2  |        0|   2|  324|  500|    0|
    |grp_lms_filter_Pipeline_VITIS_LOOP_49_3_fu_213  |lms_filter_Pipeline_VITIS_LOOP_49_3  |        0|   0|  224|   97|    0|
    |sitofp_32s_32_6_no_dsp_1_U15                    |sitofp_32s_32_6_no_dsp_1             |        0|   0|    0|    0|    0|
    +------------------------------------------------+-------------------------------------+---------+----+-----+-----+-----+
    |Total                                           |                                     |        0|  10| 1050| 1693|    0|
    +------------------------------------------------+-------------------------------------+---------+----+-----+-----+-----+

    * DSP: 
    N/A

    * Memory: 
    +-----------+---------------------+---------+----+----+-----+------+-----+------+-------------+
    |   Memory  |        Module       | BRAM_18K| FF | LUT| URAM| Words| Bits| Banks| W*Bits*Banks|
    +-----------+---------------------+---------+----+----+-----+------+-----+------+-------------+
    |x_buf_U    |x_buf_RAM_AUTO_1R1W  |        0|  64|   8|    0|    16|   32|     1|          512|
    |weights_U  |x_buf_RAM_AUTO_1R1W  |        0|  64|   8|    0|    16|   32|     1|          512|
    +-----------+---------------------+---------+----+----+-----+------+-----+------+-------------+
    |Total      |                     |        0| 128|  16|    0|    32|   64|     2|         1024|
    +-----------+---------------------+---------+----+----+-----+------+-----+------+-------------+

    * FIFO: 
    N/A

    * Expression: 
    +----------------------------------+----------+----+---+----+------------+------------+
    |           Variable Name          | Operation| DSP| FF| LUT| Bitwidth P0| Bitwidth P1|
    +----------------------------------+----------+----+---+----+------------+------------+
    |ap_block_state25_on_subcall_done  |       and|   0|  0|   2|           1|           1|
    |ap_predicate_op116_call_state25   |       and|   0|  0|   2|           1|           1|
    |ap_predicate_op57_read_state1     |       and|   0|  0|   2|           1|           1|
    |tmp_1_nbreadreq_fu_118_p6         |       and|   0|  0|   2|           1|           0|
    |tmp_nbreadreq_fu_104_p6           |       and|   0|  0|   2|           1|           0|
    |ap_block_state1                   |        or|   0|  0|   2|           1|           1|
    |ap_block_state20                  |        or|   0|  0|   2|           1|           1|
    |ap_block_state25                  |        or|   0|  0|   2|           1|           1|
    |or_ln60_fu_288_p2                 |        or|   0|  0|   2|           1|           1|
    |x_buf_we0                         |        or|   0|  0|   2|           1|           1|
    |xor_ln29_fu_266_p2                |       xor|   0|  0|   2|           1|           2|
    |xor_ln30_fu_305_p2                |       xor|   0|  0|   2|           1|           2|
    +----------------------------------+----------+----+---+----+------------+------------+
    |Total                             |          |   0|  0|  24|          12|          12|
    +----------------------------------+----------+----+---+----+------------+------------+

    * Multiplexer: 
    +-------------------+-----+-----------+-----+-----------+
    |        Name       | LUT | Input Size| Bits| Total Bits|
    +-------------------+-----+-----------+-----+-----------+
    |ap_NS_fsm          |  117|         26|    1|         26|
    |d_in_TDATA_blk_n   |    9|          2|    1|          2|
    |e_out_TDATA_blk_n  |    9|          2|    1|          2|
    |grp_fu_222_ce      |    9|          2|    1|          2|
    |grp_fu_222_opcode  |   14|          3|    2|          6|
    |grp_fu_222_p0      |   14|          3|   32|         96|
    |grp_fu_222_p1      |   14|          3|   32|         96|
    |grp_fu_226_p0      |   20|          4|   32|        128|
    |grp_fu_226_p1      |   14|          3|   32|         96|
    |grp_fu_232_p0      |   14|          3|   32|         96|
    |grp_fu_417_ce      |   14|          3|    1|          3|
    |grp_fu_417_p0      |   14|          3|   32|         96|
    |grp_fu_417_p1      |   14|          3|   32|         96|
    |weights_address0   |   14|          3|    4|         12|
    |weights_ce0        |   14|          3|    1|          3|
    |weights_ce1        |    9|          2|    1|          2|
    |weights_we0        |    9|          2|    1|          2|
    |x_buf_address0     |   20|          4|    4|         16|
    |x_buf_ce0          |   20|          4|    1|          4|
    |x_buf_ce1          |    9|          2|    1|          2|
    |x_buf_d0           |    9|          2|   32|         64|
    |x_buf_we0          |    9|          2|    1|          2|
    |x_in_TDATA_blk_n   |    9|          2|    1|          2|
    |y_out_TDATA_blk_n  |    9|          2|    1|          2|
    +-------------------+-----+-----------+-----+-----------+
    |Total              |  407|         88|  279|        856|
    +-------------------+-----+-----------+-----+-----------+

    * Register: 
    +-------------------------------------------------------------+----+----+-----+-----------+
    |                             Name                            | FF | LUT| Bits| Const Bits|
    +-------------------------------------------------------------+----+----+-----+-----------+
    |ap_CS_fsm                                                    |  25|   0|   25|          0|
    |bit_sel1_reg_357                                             |   1|   0|    1|          0|
    |conv3_reg_388                                                |  32|   0|   32|          0|
    |conv8_reg_393                                                |  32|   0|   32|          0|
    |e_reg_401                                                    |  32|   0|   32|          0|
    |grp_lms_filter_Pipeline_VITIS_LOOP_33_1_fu_198_ap_start_reg  |   1|   0|    1|          0|
    |grp_lms_filter_Pipeline_VITIS_LOOP_41_2_fu_204_ap_start_reg  |   1|   0|    1|          0|
    |grp_lms_filter_Pipeline_VITIS_LOOP_49_3_fu_213_ap_start_reg  |   1|   0|    1|          0|
    |or_ln60_reg_367                                              |   1|   0|    1|          0|
    |reg_235                                                      |  32|   0|   32|          0|
    |tmp_1_reg_343                                                |   1|   0|    1|          0|
    |tmp_reg_339                                                  |   1|   0|    1|          0|
    |trunc_ln29_reg_352                                           |   7|   0|    7|          0|
    |trunc_ln30_reg_362                                           |   7|   0|    7|          0|
    |xor_ln29_reg_347                                             |   1|   0|    1|          0|
    |xor_ln30_reg_378                                             |   1|   0|    1|          0|
    +-------------------------------------------------------------+----+----+-----+-----------+
    |Total                                                        | 176|   0|  176|          0|
    +-------------------------------------------------------------+----+----+-----+-----------+



================================================================
== Interface
================================================================
* Summary: 
+--------------+-----+-----+--------------+----------------+--------------+
|   RTL Ports  | Dir | Bits|   Protocol   |  Source Object |    C Type    |
+--------------+-----+-----+--------------+----------------+--------------+
|ap_clk        |   in|    1|  ap_ctrl_none|      lms_filter|  return value|
|ap_rst_n      |   in|    1|  ap_ctrl_none|      lms_filter|  return value|
|x_in_TDATA    |   in|    8|          axis|   x_in_V_data_V|       pointer|
|x_in_TVALID   |   in|    1|          axis|   x_in_V_last_V|       pointer|
|x_in_TREADY   |  out|    1|          axis|   x_in_V_last_V|       pointer|
|x_in_TLAST    |   in|    1|          axis|   x_in_V_last_V|       pointer|
|x_in_TKEEP    |   in|    1|          axis|   x_in_V_keep_V|       pointer|
|x_in_TSTRB    |   in|    1|          axis|   x_in_V_strb_V|       pointer|
|d_in_TDATA    |   in|    8|          axis|   d_in_V_data_V|       pointer|
|d_in_TVALID   |   in|    1|          axis|   d_in_V_last_V|       pointer|
|d_in_TREADY   |  out|    1|          axis|   d_in_V_last_V|       pointer|
|d_in_TLAST    |   in|    1|          axis|   d_in_V_last_V|       pointer|
|d_in_TKEEP    |   in|    1|          axis|   d_in_V_keep_V|       pointer|
|d_in_TSTRB    |   in|    1|          axis|   d_in_V_strb_V|       pointer|
|e_out_TDATA   |  out|   32|          axis|  e_out_V_data_V|       pointer|
|e_out_TVALID  |  out|    1|          axis|  e_out_V_last_V|       pointer|
|e_out_TREADY  |   in|    1|          axis|  e_out_V_last_V|       pointer|
|e_out_TLAST   |  out|    1|          axis|  e_out_V_last_V|       pointer|
|e_out_TKEEP   |  out|    4|          axis|  e_out_V_keep_V|       pointer|
|e_out_TSTRB   |  out|    4|          axis|  e_out_V_strb_V|       pointer|
|y_out_TDATA   |  out|   32|          axis|  y_out_V_data_V|       pointer|
|y_out_TVALID  |  out|    1|          axis|  y_out_V_last_V|       pointer|
|y_out_TREADY  |   in|    1|          axis|  y_out_V_last_V|       pointer|
|y_out_TLAST   |  out|    1|          axis|  y_out_V_last_V|       pointer|
|y_out_TKEEP   |  out|    4|          axis|  y_out_V_keep_V|       pointer|
|y_out_TSTRB   |  out|    4|          axis|  y_out_V_strb_V|       pointer|
+--------------+-----+-----+--------------+----------------+--------------+

