
*** Running vivado
    with args -log design_1_axi_mem_intercon_imp_auto_pc_0.vds -m64 -product Vivado -mode batch -messageDb vivado.pb -notrace -source design_1_axi_mem_intercon_imp_auto_pc_0.tcl



****** Vivado v2025.2 (64-bit)
  **** SW Build 6299465 on Fri Nov 14 19:35:11 GMT 2025
  **** IP Build 6300035 on Fri Nov 14 10:48:45 MST 2025
  **** SharedData Build 6298862 on Thu Nov 13 04:50:51 MST 2025
  **** Start of session at: Wed Mar  4 12:28:04 2026
    ** Copyright 1986-2022 Xilinx, Inc. All Rights Reserved.
    ** Copyright 2022-2025 Advanced Micro Devices, Inc. All Rights Reserved.

source design_1_axi_mem_intercon_imp_auto_pc_0.tcl -notrace
create_project: Time (s): cpu = 00:00:12 ; elapsed = 00:00:11 . Memory (MB): peak = 528.742 ; gain = 219.301
Command: synth_design -top design_1_axi_mem_intercon_imp_auto_pc_0 -part xc7z007sclg400-1 -incremental_mode off -mode out_of_context
Starting synth_design
Attempting to get a license for feature 'Synthesis' and/or device 'xc7z007s'
INFO: [Common 17-349] Got license for feature 'Synthesis' and/or device 'xc7z007s'
INFO: [Device 21-403] Loading part xc7z007sclg400-1
INFO: [Synth 8-7079] Multithreading enabled for synth_design using a maximum of 2 processes.
INFO: [Synth 8-7078] Launching helper process for spawning children vivado processes
INFO: [Synth 8-7075] Helper process launched with PID 23840
---------------------------------------------------------------------------------
Starting RTL Elaboration : Time (s): cpu = 00:00:10 ; elapsed = 00:00:11 . Memory (MB): peak = 1298.305 ; gain = 539.730
---------------------------------------------------------------------------------
INFO: [Synth 8-6157] synthesizing module 'design_1_axi_mem_intercon_imp_auto_pc_0' [c:/Users/doppy/Documents/Multi_Disciplinary/ZYNQ/ZYNQ.gen/sources_1/bd/design_1/ip/design_1_axi_mem_intercon_imp_auto_pc_0/synth/design_1_axi_mem_intercon_imp_auto_pc_0.v:53]
INFO: [Synth 8-6157] synthesizing module 'axi_protocol_converter_v2_1_37_axi_protocol_converter' [c:/Users/doppy/Documents/Multi_Disciplinary/ZYNQ/ZYNQ.gen/sources_1/bd/design_1/ipshared/d98a/hdl/axi_protocol_converter_v2_1_vl_rfs.v:5285]
INFO: [Synth 8-6157] synthesizing module 'axi_protocol_converter_v2_1_37_axi3_conv' [c:/Users/doppy/Documents/Multi_Disciplinary/ZYNQ/ZYNQ.gen/sources_1/bd/design_1/ipshared/d98a/hdl/axi_protocol_converter_v2_1_vl_rfs.v:951]
INFO: [Synth 8-6157] synthesizing module 'axi_protocol_converter_v2_1_37_b_downsizer' [c:/Users/doppy/Documents/Multi_Disciplinary/ZYNQ/ZYNQ.gen/sources_1/bd/design_1/ipshared/d98a/hdl/axi_protocol_converter_v2_1_vl_rfs.v:2269]
INFO: [Synth 8-6155] done synthesizing module 'axi_protocol_converter_v2_1_37_b_downsizer' (0#1) [c:/Users/doppy/Documents/Multi_Disciplinary/ZYNQ/ZYNQ.gen/sources_1/bd/design_1/ipshared/d98a/hdl/axi_protocol_converter_v2_1_vl_rfs.v:2269]
INFO: [Synth 8-6157] synthesizing module 'axi_protocol_converter_v2_1_37_a_axi3_conv' [c:/Users/doppy/Documents/Multi_Disciplinary/ZYNQ/ZYNQ.gen/sources_1/bd/design_1/ipshared/d98a/hdl/axi_protocol_converter_v2_1_vl_rfs.v:60]
INFO: [Synth 8-6157] synthesizing module 'axi_data_fifo_v2_1_36_axic_fifo' [c:/Users/doppy/Documents/Multi_Disciplinary/ZYNQ/ZYNQ.gen/sources_1/bd/design_1/ipshared/fb46/hdl/axi_data_fifo_v2_1_vl_rfs.v:62]
INFO: [Synth 8-6157] synthesizing module 'axi_data_fifo_v2_1_36_fifo_gen' [c:/Users/doppy/Documents/Multi_Disciplinary/ZYNQ/ZYNQ.gen/sources_1/bd/design_1/ipshared/fb46/hdl/axi_data_fifo_v2_1_vl_rfs.v:165]
INFO: [Synth 8-6157] synthesizing module 'xpm_cdc_async_rst' [C:/AMDDESIGNTOOLS/2025.2/Vivado/data/ip/xpm/xpm_cdc/hdl/xpm_cdc.sv:1175]
INFO: [Synth 8-6155] done synthesizing module 'xpm_cdc_async_rst' (0#1) [C:/AMDDESIGNTOOLS/2025.2/Vivado/data/ip/xpm/xpm_cdc/hdl/xpm_cdc.sv:1175]
INFO: [Synth 8-6155] done synthesizing module 'axi_data_fifo_v2_1_36_fifo_gen' (0#1) [c:/Users/doppy/Documents/Multi_Disciplinary/ZYNQ/ZYNQ.gen/sources_1/bd/design_1/ipshared/fb46/hdl/axi_data_fifo_v2_1_vl_rfs.v:165]
INFO: [Synth 8-6155] done synthesizing module 'axi_data_fifo_v2_1_36_axic_fifo' (0#1) [c:/Users/doppy/Documents/Multi_Disciplinary/ZYNQ/ZYNQ.gen/sources_1/bd/design_1/ipshared/fb46/hdl/axi_data_fifo_v2_1_vl_rfs.v:62]
INFO: [Synth 8-6155] done synthesizing module 'axi_protocol_converter_v2_1_37_a_axi3_conv' (0#1) [c:/Users/doppy/Documents/Multi_Disciplinary/ZYNQ/ZYNQ.gen/sources_1/bd/design_1/ipshared/d98a/hdl/axi_protocol_converter_v2_1_vl_rfs.v:60]
INFO: [Synth 8-6157] synthesizing module 'axi_protocol_converter_v2_1_37_w_axi3_conv' [c:/Users/doppy/Documents/Multi_Disciplinary/ZYNQ/ZYNQ.gen/sources_1/bd/design_1/ipshared/d98a/hdl/axi_protocol_converter_v2_1_vl_rfs.v:1998]
INFO: [Synth 8-6155] done synthesizing module 'axi_protocol_converter_v2_1_37_w_axi3_conv' (0#1) [c:/Users/doppy/Documents/Multi_Disciplinary/ZYNQ/ZYNQ.gen/sources_1/bd/design_1/ipshared/d98a/hdl/axi_protocol_converter_v2_1_vl_rfs.v:1998]
INFO: [Synth 8-6155] done synthesizing module 'axi_protocol_converter_v2_1_37_axi3_conv' (0#1) [c:/Users/doppy/Documents/Multi_Disciplinary/ZYNQ/ZYNQ.gen/sources_1/bd/design_1/ipshared/d98a/hdl/axi_protocol_converter_v2_1_vl_rfs.v:951]
INFO: [Synth 8-6155] done synthesizing module 'axi_protocol_converter_v2_1_37_axi_protocol_converter' (0#1) [c:/Users/doppy/Documents/Multi_Disciplinary/ZYNQ/ZYNQ.gen/sources_1/bd/design_1/ipshared/d98a/hdl/axi_protocol_converter_v2_1_vl_rfs.v:5285]
INFO: [Synth 8-6155] done synthesizing module 'design_1_axi_mem_intercon_imp_auto_pc_0' (0#1) [c:/Users/doppy/Documents/Multi_Disciplinary/ZYNQ/ZYNQ.gen/sources_1/bd/design_1/ip/design_1_axi_mem_intercon_imp_auto_pc_0/synth/design_1_axi_mem_intercon_imp_auto_pc_0.v:53]
INFO: [Synth 8-6014] Unused sequential element S_AXI_AUSER_Q_reg was removed.  [c:/Users/doppy/Documents/Multi_Disciplinary/ZYNQ/ZYNQ.gen/sources_1/bd/design_1/ipshared/d98a/hdl/axi_protocol_converter_v2_1_vl_rfs.v:280]
INFO: [Synth 8-7129] Port S_AXI_WLAST in module axi_protocol_converter_v2_1_37_w_axi3_conv is either unconnected or has no load
INFO: [Synth 8-7129] Port S_AXI_WUSER[0] in module axi_protocol_converter_v2_1_37_w_axi3_conv is either unconnected or has no load
INFO: [Synth 8-7129] Port ALMOST_FULL_I in module output_blk is either unconnected or has no load
INFO: [Synth 8-7129] Port PROG_FULL_I in module output_blk is either unconnected or has no load
INFO: [Synth 8-7129] Port ALMOST_EMPTY_I in module output_blk is either unconnected or has no load
INFO: [Synth 8-7129] Port PROG_EMPTY_I in module output_blk is either unconnected or has no load
INFO: [Synth 8-7129] Port WR_ACK_I in module output_blk is either unconnected or has no load
INFO: [Synth 8-7129] Port VALID_I in module output_blk is either unconnected or has no load
INFO: [Synth 8-7129] Port OVERFLOW_I in module output_blk is either unconnected or has no load
INFO: [Synth 8-7129] Port UNDERFLOW_I in module output_blk is either unconnected or has no load
INFO: [Synth 8-7129] Port DATA_COUNT_I[5] in module output_blk is either unconnected or has no load
INFO: [Synth 8-7129] Port DATA_COUNT_I[4] in module output_blk is either unconnected or has no load
INFO: [Synth 8-7129] Port DATA_COUNT_I[3] in module output_blk is either unconnected or has no load
INFO: [Synth 8-7129] Port DATA_COUNT_I[2] in module output_blk is either unconnected or has no load
INFO: [Synth 8-7129] Port DATA_COUNT_I[1] in module output_blk is either unconnected or has no load
INFO: [Synth 8-7129] Port DATA_COUNT_I[0] in module output_blk is either unconnected or has no load
INFO: [Synth 8-7129] Port WR_DATA_COUNT_I[5] in module output_blk is either unconnected or has no load
INFO: [Synth 8-7129] Port WR_DATA_COUNT_I[4] in module output_blk is either unconnected or has no load
INFO: [Synth 8-7129] Port WR_DATA_COUNT_I[3] in module output_blk is either unconnected or has no load
INFO: [Synth 8-7129] Port WR_DATA_COUNT_I[2] in module output_blk is either unconnected or has no load
INFO: [Synth 8-7129] Port WR_DATA_COUNT_I[1] in module output_blk is either unconnected or has no load
INFO: [Synth 8-7129] Port WR_DATA_COUNT_I[0] in module output_blk is either unconnected or has no load
INFO: [Synth 8-7129] Port RD_DATA_COUNT_I[5] in module output_blk is either unconnected or has no load
INFO: [Synth 8-7129] Port RD_DATA_COUNT_I[4] in module output_blk is either unconnected or has no load
INFO: [Synth 8-7129] Port RD_DATA_COUNT_I[3] in module output_blk is either unconnected or has no load
INFO: [Synth 8-7129] Port RD_DATA_COUNT_I[2] in module output_blk is either unconnected or has no load
INFO: [Synth 8-7129] Port RD_DATA_COUNT_I[1] in module output_blk is either unconnected or has no load
INFO: [Synth 8-7129] Port RD_DATA_COUNT_I[0] in module output_blk is either unconnected or has no load
INFO: [Synth 8-7129] Port SBITERR_I in module output_blk is either unconnected or has no load
INFO: [Synth 8-7129] Port DBITERR_I in module output_blk is either unconnected or has no load
INFO: [Synth 8-7129] Port SRST_FULL_FF in module wr_status_flags_ss is either unconnected or has no load
INFO: [Synth 8-7129] Port WR_RST in module wr_status_flags_ss is either unconnected or has no load
INFO: [Synth 8-7129] Port SRST in module wr_status_flags_ss is either unconnected or has no load
INFO: [Synth 8-7129] Port SAFETY_CKT_WR_RST in module wr_status_flags_ss is either unconnected or has no load
INFO: [Synth 8-7129] Port WR_PNTR_PLUS2[4] in module wr_status_flags_ss is either unconnected or has no load
INFO: [Synth 8-7129] Port WR_PNTR_PLUS2[3] in module wr_status_flags_ss is either unconnected or has no load
INFO: [Synth 8-7129] Port WR_PNTR_PLUS2[2] in module wr_status_flags_ss is either unconnected or has no load
INFO: [Synth 8-7129] Port WR_PNTR_PLUS2[1] in module wr_status_flags_ss is either unconnected or has no load
INFO: [Synth 8-7129] Port WR_PNTR_PLUS2[0] in module wr_status_flags_ss is either unconnected or has no load
INFO: [Synth 8-7129] Port WR_PNTR_PLUS3[4] in module wr_status_flags_ss is either unconnected or has no load
INFO: [Synth 8-7129] Port WR_PNTR_PLUS3[3] in module wr_status_flags_ss is either unconnected or has no load
INFO: [Synth 8-7129] Port WR_PNTR_PLUS3[2] in module wr_status_flags_ss is either unconnected or has no load
INFO: [Synth 8-7129] Port WR_PNTR_PLUS3[1] in module wr_status_flags_ss is either unconnected or has no load
INFO: [Synth 8-7129] Port WR_PNTR_PLUS3[0] in module wr_status_flags_ss is either unconnected or has no load
INFO: [Synth 8-7129] Port SRST in module wr_bin_cntr is either unconnected or has no load
INFO: [Synth 8-7129] Port WR_EN_INTO_LOGIC in module wr_logic is either unconnected or has no load
INFO: [Synth 8-7129] Port WR_RST_INTO_LOGIC in module wr_logic is either unconnected or has no load
INFO: [Synth 8-7129] Port RD_EN in module wr_logic is either unconnected or has no load
INFO: [Synth 8-7129] Port WR_RST_BUSY in module wr_logic is either unconnected or has no load
INFO: [Synth 8-7129] Port EMPTY in module wr_logic is either unconnected or has no load
INFO: [Synth 8-7129] Port ALMOST_EMPTY in module wr_logic is either unconnected or has no load
INFO: [Synth 8-7129] Port PROG_FULL_THRESH[4] in module wr_logic is either unconnected or has no load
INFO: [Synth 8-7129] Port PROG_FULL_THRESH[3] in module wr_logic is either unconnected or has no load
INFO: [Synth 8-7129] Port PROG_FULL_THRESH[2] in module wr_logic is either unconnected or has no load
INFO: [Synth 8-7129] Port PROG_FULL_THRESH[1] in module wr_logic is either unconnected or has no load
INFO: [Synth 8-7129] Port PROG_FULL_THRESH[0] in module wr_logic is either unconnected or has no load
INFO: [Synth 8-7129] Port PROG_FULL_THRESH_ASSERT[4] in module wr_logic is either unconnected or has no load
INFO: [Synth 8-7129] Port PROG_FULL_THRESH_ASSERT[3] in module wr_logic is either unconnected or has no load
INFO: [Synth 8-7129] Port PROG_FULL_THRESH_ASSERT[2] in module wr_logic is either unconnected or has no load
INFO: [Synth 8-7129] Port PROG_FULL_THRESH_ASSERT[1] in module wr_logic is either unconnected or has no load
INFO: [Synth 8-7129] Port PROG_FULL_THRESH_ASSERT[0] in module wr_logic is either unconnected or has no load
INFO: [Synth 8-7129] Port PROG_FULL_THRESH_NEGATE[4] in module wr_logic is either unconnected or has no load
INFO: [Synth 8-7129] Port PROG_FULL_THRESH_NEGATE[3] in module wr_logic is either unconnected or has no load
INFO: [Synth 8-7129] Port PROG_FULL_THRESH_NEGATE[2] in module wr_logic is either unconnected or has no load
INFO: [Synth 8-7129] Port PROG_FULL_THRESH_NEGATE[1] in module wr_logic is either unconnected or has no load
INFO: [Synth 8-7129] Port PROG_FULL_THRESH_NEGATE[0] in module wr_logic is either unconnected or has no load
INFO: [Synth 8-7129] Port SRST in module rd_fwft is either unconnected or has no load
INFO: [Synth 8-7129] Port SAFETY_CKT_RD_RST in module rd_fwft is either unconnected or has no load
INFO: [Synth 8-7129] Port RAM_ALMOST_EMPTY in module rd_fwft is either unconnected or has no load
INFO: [Synth 8-7129] Port SRST in module rd_status_flags_ss is either unconnected or has no load
INFO: [Synth 8-7129] Port SAFETY_CKT_RD_RST in module rd_status_flags_ss is either unconnected or has no load
INFO: [Synth 8-7129] Port RD_PNTR_PLUS2[4] in module rd_status_flags_ss is either unconnected or has no load
INFO: [Synth 8-7129] Port RD_PNTR_PLUS2[3] in module rd_status_flags_ss is either unconnected or has no load
INFO: [Synth 8-7129] Port RD_PNTR_PLUS2[2] in module rd_status_flags_ss is either unconnected or has no load
INFO: [Synth 8-7129] Port RD_PNTR_PLUS2[1] in module rd_status_flags_ss is either unconnected or has no load
INFO: [Synth 8-7129] Port RD_PNTR_PLUS2[0] in module rd_status_flags_ss is either unconnected or has no load
INFO: [Synth 8-7129] Port SRST in module rd_bin_cntr is either unconnected or has no load
INFO: [Synth 8-7129] Port RD_EN_INTO_LOGIC in module rd_logic is either unconnected or has no load
INFO: [Synth 8-7129] Port RD_RST_INTO_LOGIC in module rd_logic is either unconnected or has no load
INFO: [Synth 8-7129] Port RD_RST_BUSY in module rd_logic is either unconnected or has no load
INFO: [Synth 8-7129] Port RST_FULL_FF in module rd_logic is either unconnected or has no load
INFO: [Synth 8-7129] Port ALMOST_FULL_FB in module rd_logic is either unconnected or has no load
INFO: [Synth 8-7129] Port FULL in module rd_logic is either unconnected or has no load
INFO: [Synth 8-7129] Port WR_PNTR_PLUS1_RD[4] in module rd_logic is either unconnected or has no load
INFO: [Synth 8-7129] Port WR_PNTR_PLUS1_RD[3] in module rd_logic is either unconnected or has no load
INFO: [Synth 8-7129] Port WR_PNTR_PLUS1_RD[2] in module rd_logic is either unconnected or has no load
INFO: [Synth 8-7129] Port WR_PNTR_PLUS1_RD[1] in module rd_logic is either unconnected or has no load
INFO: [Synth 8-7129] Port WR_PNTR_PLUS1_RD[0] in module rd_logic is either unconnected or has no load
INFO: [Synth 8-7129] Port PROG_EMPTY_THRESH[4] in module rd_logic is either unconnected or has no load
INFO: [Synth 8-7129] Port PROG_EMPTY_THRESH[3] in module rd_logic is either unconnected or has no load
INFO: [Synth 8-7129] Port PROG_EMPTY_THRESH[2] in module rd_logic is either unconnected or has no load
INFO: [Synth 8-7129] Port PROG_EMPTY_THRESH[1] in module rd_logic is either unconnected or has no load
INFO: [Synth 8-7129] Port PROG_EMPTY_THRESH[0] in module rd_logic is either unconnected or has no load
INFO: [Synth 8-7129] Port PROG_EMPTY_THRESH_ASSERT[4] in module rd_logic is either unconnected or has no load
INFO: [Synth 8-7129] Port PROG_EMPTY_THRESH_ASSERT[3] in module rd_logic is either unconnected or has no load
INFO: [Synth 8-7129] Port PROG_EMPTY_THRESH_ASSERT[2] in module rd_logic is either unconnected or has no load
INFO: [Synth 8-7129] Port PROG_EMPTY_THRESH_ASSERT[1] in module rd_logic is either unconnected or has no load
INFO: [Synth 8-7129] Port PROG_EMPTY_THRESH_ASSERT[0] in module rd_logic is either unconnected or has no load
INFO: [Synth 8-7129] Port PROG_EMPTY_THRESH_NEGATE[4] in module rd_logic is either unconnected or has no load
INFO: [Synth 8-7129] Port PROG_EMPTY_THRESH_NEGATE[3] in module rd_logic is either unconnected or has no load
INFO: [Common 17-14] Message 'Synth 8-7129' appears 100 times and further instances of the messages will be disabled. Use the Tcl command set_msg_config to change the current settings.
---------------------------------------------------------------------------------
Finished RTL Elaboration : Time (s): cpu = 00:00:19 ; elapsed = 00:00:21 . Memory (MB): peak = 1560.457 ; gain = 801.883
---------------------------------------------------------------------------------
---------------------------------------------------------------------------------
Start Handling Custom Attributes
---------------------------------------------------------------------------------
---------------------------------------------------------------------------------
Finished Handling Custom Attributes : Time (s): cpu = 00:00:19 ; elapsed = 00:00:21 . Memory (MB): peak = 1560.457 ; gain = 801.883
---------------------------------------------------------------------------------
---------------------------------------------------------------------------------
Finished RTL Optimization Phase 1 : Time (s): cpu = 00:00:19 ; elapsed = 00:00:21 . Memory (MB): peak = 1560.457 ; gain = 801.883
---------------------------------------------------------------------------------
Netlist sorting complete. Time (s): cpu = 00:00:00 ; elapsed = 00:00:00.067 . Memory (MB): peak = 1560.457 ; gain = 0.000
INFO: [Project 1-570] Preparing netlist for logic optimization

Processing XDC Constraints
Initializing timing engine
Parsing XDC File [c:/Users/doppy/Documents/Multi_Disciplinary/ZYNQ/ZYNQ.gen/sources_1/bd/design_1/ip/design_1_axi_mem_intercon_imp_auto_pc_0/design_1_axi_mem_intercon_imp_auto_pc_0_ooc.xdc] for cell 'inst'
Finished Parsing XDC File [c:/Users/doppy/Documents/Multi_Disciplinary/ZYNQ/ZYNQ.gen/sources_1/bd/design_1/ip/design_1_axi_mem_intercon_imp_auto_pc_0/design_1_axi_mem_intercon_imp_auto_pc_0_ooc.xdc] for cell 'inst'
Parsing XDC File [C:/Users/doppy/Documents/Multi_Disciplinary/ZYNQ/ZYNQ.runs/design_1_axi_mem_intercon_imp_auto_pc_0_synth_1/dont_touch.xdc]
Finished Parsing XDC File [C:/Users/doppy/Documents/Multi_Disciplinary/ZYNQ/ZYNQ.runs/design_1_axi_mem_intercon_imp_auto_pc_0_synth_1/dont_touch.xdc]
INFO: [Project 1-1714] 2 XPM XDC files have been applied to the design.
Completed Processing XDC Constraints

Netlist sorting complete. Time (s): cpu = 00:00:00 ; elapsed = 00:00:00.001 . Memory (MB): peak = 1605.254 ; gain = 0.000
INFO: [Project 1-111] Unisim Transformation Summary:
No Unisim elements were transformed.

Constraint Validation Runtime : Time (s): cpu = 00:00:00 ; elapsed = 00:00:00.060 . Memory (MB): peak = 1605.254 ; gain = 0.000
INFO: [Designutils 20-5008] Incremental synthesis strategy off
---------------------------------------------------------------------------------
Finished Constraint Validation : Time (s): cpu = 00:00:29 ; elapsed = 00:00:32 . Memory (MB): peak = 1605.254 ; gain = 846.680
---------------------------------------------------------------------------------
---------------------------------------------------------------------------------
Start Loading Part and Timing Information
---------------------------------------------------------------------------------
Loading part: xc7z007sclg400-1
---------------------------------------------------------------------------------
Finished Loading Part and Timing Information : Time (s): cpu = 00:00:29 ; elapsed = 00:00:32 . Memory (MB): peak = 1605.254 ; gain = 846.680
---------------------------------------------------------------------------------
---------------------------------------------------------------------------------
Start Applying 'set_property' XDC Constraints
---------------------------------------------------------------------------------
---------------------------------------------------------------------------------
Finished applying 'set_property' XDC Constraints : Time (s): cpu = 00:00:29 ; elapsed = 00:00:32 . Memory (MB): peak = 1605.254 ; gain = 846.680
---------------------------------------------------------------------------------
INFO: [Synth 8-802] inferred FSM for state register 'gpregsm1.curr_fwft_state_reg' in module 'rd_fwft'
INFO: [Synth 8-6159] Found Keep on FSM register 'gpregsm1.curr_fwft_state_reg' in module 'rd_fwft', re-encoding will not be performed
---------------------------------------------------------------------------------------------------
                   State |                     New Encoding |                Previous Encoding 
---------------------------------------------------------------------------------------------------
                 invalid |                               00 |                               00
            stage1_valid |                               10 |                               10
       both_stages_valid |                               11 |                               11
            stage2_valid |                               01 |                               01
---------------------------------------------------------------------------------------------------
---------------------------------------------------------------------------------
Finished RTL Optimization Phase 2 : Time (s): cpu = 00:00:30 ; elapsed = 00:00:33 . Memory (MB): peak = 1605.254 ; gain = 846.680
---------------------------------------------------------------------------------
---------------------------------------------------------------------------------
Start RTL Component Statistics 
---------------------------------------------------------------------------------
---------------------------------------------------------------------------------
Finished RTL Component Statistics 
---------------------------------------------------------------------------------
---------------------------------------------------------------------------------
Start Part Resource Summary
---------------------------------------------------------------------------------
Part Resources:
DSPs: 66 (col length:40)
BRAMs: 100 (col length: RAMB18 40 RAMB36 20)
---------------------------------------------------------------------------------
Finished Part Resource Summary
---------------------------------------------------------------------------------
---------------------------------------------------------------------------------
Start Cross Boundary and Area Optimization
---------------------------------------------------------------------------------
---------------------------------------------------------------------------------
Finished Cross Boundary and Area Optimization : Time (s): cpu = 00:00:34 ; elapsed = 00:00:37 . Memory (MB): peak = 1605.254 ; gain = 846.680
---------------------------------------------------------------------------------
---------------------------------------------------------------------------------
Start Applying XDC Timing Constraints
---------------------------------------------------------------------------------
---------------------------------------------------------------------------------
Finished Applying XDC Timing Constraints : Time (s): cpu = 00:00:41 ; elapsed = 00:00:44 . Memory (MB): peak = 1644.680 ; gain = 886.105
---------------------------------------------------------------------------------
---------------------------------------------------------------------------------
Start Timing Optimization
---------------------------------------------------------------------------------
---------------------------------------------------------------------------------
Finished Timing Optimization : Time (s): cpu = 00:00:42 ; elapsed = 00:00:45 . Memory (MB): peak = 1679.336 ; gain = 920.762
---------------------------------------------------------------------------------
---------------------------------------------------------------------------------
Start Technology Mapping
---------------------------------------------------------------------------------
---------------------------------------------------------------------------------
Finished Technology Mapping : Time (s): cpu = 00:00:42 ; elapsed = 00:00:45 . Memory (MB): peak = 1679.336 ; gain = 920.762
---------------------------------------------------------------------------------
---------------------------------------------------------------------------------
Start IO Insertion
---------------------------------------------------------------------------------
---------------------------------------------------------------------------------
Start Flattening Before IO Insertion
---------------------------------------------------------------------------------
---------------------------------------------------------------------------------
Finished Flattening Before IO Insertion
---------------------------------------------------------------------------------
---------------------------------------------------------------------------------
Start Final Netlist Cleanup
---------------------------------------------------------------------------------
---------------------------------------------------------------------------------
Finished Final Netlist Cleanup
---------------------------------------------------------------------------------
---------------------------------------------------------------------------------
Finished IO Insertion : Time (s): cpu = 00:00:48 ; elapsed = 00:00:51 . Memory (MB): peak = 1906.773 ; gain = 1148.199
---------------------------------------------------------------------------------
---------------------------------------------------------------------------------
Start Renaming Generated Instances
---------------------------------------------------------------------------------
---------------------------------------------------------------------------------
Finished Renaming Generated Instances : Time (s): cpu = 00:00:48 ; elapsed = 00:00:51 . Memory (MB): peak = 1906.773 ; gain = 1148.199
---------------------------------------------------------------------------------
---------------------------------------------------------------------------------
Start Rebuilding User Hierarchy
---------------------------------------------------------------------------------
---------------------------------------------------------------------------------
Finished Rebuilding User Hierarchy : Time (s): cpu = 00:00:48 ; elapsed = 00:00:51 . Memory (MB): peak = 1906.773 ; gain = 1148.199
---------------------------------------------------------------------------------
---------------------------------------------------------------------------------
Start Renaming Generated Ports
---------------------------------------------------------------------------------
---------------------------------------------------------------------------------
Finished Renaming Generated Ports : Time (s): cpu = 00:00:48 ; elapsed = 00:00:51 . Memory (MB): peak = 1906.773 ; gain = 1148.199
---------------------------------------------------------------------------------
---------------------------------------------------------------------------------
Start Handling Custom Attributes
---------------------------------------------------------------------------------
---------------------------------------------------------------------------------
Finished Handling Custom Attributes : Time (s): cpu = 00:00:48 ; elapsed = 00:00:51 . Memory (MB): peak = 1906.773 ; gain = 1148.199
---------------------------------------------------------------------------------
---------------------------------------------------------------------------------
Start Renaming Generated Nets
---------------------------------------------------------------------------------
---------------------------------------------------------------------------------
Finished Renaming Generated Nets : Time (s): cpu = 00:00:48 ; elapsed = 00:00:51 . Memory (MB): peak = 1906.773 ; gain = 1148.199
---------------------------------------------------------------------------------
---------------------------------------------------------------------------------
Start Writing Synthesis Report
---------------------------------------------------------------------------------

Report BlackBoxes: 
+-+--------------+----------+
| |BlackBox name |Instances |
+-+--------------+----------+
+-+--------------+----------+

Report Cell Usage: 
+------+-------+------+
|      |Cell   |Count |
+------+-------+------+
|1     |CARRY4 |     8|
|2     |LUT1   |    29|
|3     |LUT2   |    22|
|4     |LUT3   |    28|
|5     |LUT4   |    34|
|6     |LUT5   |    80|
|7     |LUT6   |    41|
|8     |RAM32M |     2|
|9     |FDCE   |    46|
|10    |FDPE   |    22|
|11    |FDRE   |   165|
|12    |FDSE   |     2|
+------+-------+------+
---------------------------------------------------------------------------------
Finished Writing Synthesis Report : Time (s): cpu = 00:00:48 ; elapsed = 00:00:51 . Memory (MB): peak = 1906.773 ; gain = 1148.199
---------------------------------------------------------------------------------
Synthesis finished with 0 errors, 0 critical warnings and 0 warnings.
Synthesis Optimization Runtime : Time (s): cpu = 00:00:26 ; elapsed = 00:00:48 . Memory (MB): peak = 1906.773 ; gain = 1103.402
Synthesis Optimization Complete : Time (s): cpu = 00:00:48 ; elapsed = 00:00:51 . Memory (MB): peak = 1906.773 ; gain = 1148.199
INFO: [Project 1-571] Translating synthesized netlist
Netlist sorting complete. Time (s): cpu = 00:00:00 ; elapsed = 00:00:00.028 . Memory (MB): peak = 1906.773 ; gain = 0.000
INFO: [Netlist 29-17] Analyzing 10 Unisim elements for replacement
INFO: [Netlist 29-28] Unisim Transformation completed in 0 CPU seconds
INFO: [Project 1-570] Preparing netlist for logic optimization
INFO: [Opt 31-138] Pushed 0 inverter(s) to 0 load pin(s).
Netlist sorting complete. Time (s): cpu = 00:00:00 ; elapsed = 00:00:00 . Memory (MB): peak = 1909.223 ; gain = 0.000
INFO: [Project 1-111] Unisim Transformation Summary:
  A total of 2 instances were transformed.
  RAM32M => RAM32M (RAMD32(x6), RAMS32(x2)): 2 instances

Synth Design complete | Checksum: 3dc70c26
INFO: [Common 17-83] Releasing license: Synthesis
138 Infos, 0 Warnings, 0 Critical Warnings and 0 Errors encountered.
synth_design completed successfully
synth_design: Time (s): cpu = 00:00:54 ; elapsed = 00:00:58 . Memory (MB): peak = 1909.223 ; gain = 1362.047
Write ShapeDB Complete: Time (s): cpu = 00:00:00 ; elapsed = 00:00:00.002 . Memory (MB): peak = 1909.223 ; gain = 0.000
INFO: [Common 17-1381] The checkpoint 'C:/Users/doppy/Documents/Multi_Disciplinary/ZYNQ/ZYNQ.runs/design_1_axi_mem_intercon_imp_auto_pc_0_synth_1/design_1_axi_mem_intercon_imp_auto_pc_0.dcp' has been generated.
INFO: [Coretcl 2-1648] Added synthesis output to IP cache for IP design_1_axi_mem_intercon_imp_auto_pc_0, cache-ID = a257c2bab1a29396
INFO: [Coretcl 2-1174] Renamed 39 cell refs.
Write ShapeDB Complete: Time (s): cpu = 00:00:00 ; elapsed = 00:00:00.002 . Memory (MB): peak = 1909.223 ; gain = 0.000
INFO: [Common 17-1381] The checkpoint 'C:/Users/doppy/Documents/Multi_Disciplinary/ZYNQ/ZYNQ.runs/design_1_axi_mem_intercon_imp_auto_pc_0_synth_1/design_1_axi_mem_intercon_imp_auto_pc_0.dcp' has been generated.
INFO: [Vivado 12-24828] Executing command : report_utilization -file design_1_axi_mem_intercon_imp_auto_pc_0_utilization_synth.rpt -pb design_1_axi_mem_intercon_imp_auto_pc_0_utilization_synth.pb
INFO: [Common 17-206] Exiting Vivado at Wed Mar  4 12:29:24 2026...
