

================================================================
== Vitis HLS Report for 'lms_filter_Pipeline_VITIS_LOOP_41_2'
================================================================
* Date:           Sun Apr 26 14:51:11 2026

* Version:        2025.2 (Build 6295257 on Nov 14 2025)
* Project:        lms_filter
* Solution:       hls (Vivado IP Flow Target)
* Product family: zynq
* Target device:  xc7z007s-clg400-1


================================================================
== Performance Estimates
================================================================
+ Timing: 
    * Summary: 
    +--------+----------+-----------+------------+
    |  Clock |  Target  | Estimated | Uncertainty|
    +--------+----------+-----------+------------+
    |ap_clk  |  10.00 ns|  46.744 ns|     2.70 ns|
    +--------+----------+-----------+------------+

+ Latency: 
    * Summary: 
    +---------+---------+----------+----------+-----+-----+-------------------+
    |  Latency (cycles) |  Latency (absolute) |  Interval |      Pipeline     |
    |   min   |   max   |    min   |    max   | min | max |        Type       |
    +---------+---------+----------+----------+-----+-----+-------------------+
    |       23|       23|  1.075 us|  1.075 us|    0|    0|  loop pipeline stp|
    +---------+---------+----------+----------+-----+-----+-------------------+

    + Detail: 
        * Instance: 
        N/A

        * Loop: 
        +-------------------+---------+---------+----------+-----------+-----------+------+----------+
        |                   |  Latency (cycles) | Iteration|  Initiation Interval  | Trip |          |
        |     Loop Name     |   min   |   max   |  Latency |  achieved |   target  | Count| Pipelined|
        +-------------------+---------+---------+----------+-----------+-----------+------+----------+
        |- VITIS_LOOP_41_2  |       21|       21|         7|          1|          1|    16|       yes|
        +-------------------+---------+---------+----------+-----------+-----------+------+----------+

============================================================
+ Verbose Summary: Synthesis Manager
============================================================
InlineROM: 1
ExposeGlobal: 0
============================================================
+ Verbose Summary: CDFG Model
============================================================
IsTopModel: 0
ResetActiveHigh: 1
IsCombinational: 0
IsDatapathOnly: 0
HasWiredReturn: 1
HasMFsm: 2
HasVarLatency: 1
IsPipeline: 0
IsRtlPipelined: 0
IsInstanceOverlapped: 0
IsDontTouch: 0
HasImplIP: 0
IsGatedGlobalClock: 0

+ Individual pipeline summary: 
  * Pipeline-0: initiation interval (II) = 1, depth = 7


============================================================
+ Verbose Summary: Schedule
============================================================
* Number of FSM states : 7
* Pipeline : 1
  Pipeline-0 : II = 1, D = 7, States = { 1 2 3 4 5 6 7 }
* Dataflow Pipeline: 0

* FSM state transitions: 
1 --> 2 
2 --> 3 
3 --> 4 
4 --> 5 
5 --> 6 
6 --> 7 
7 --> 

* FSM state operations: 

State 1 <SV = 0> <Delay = 4.95>
ST_1 : Operation 10 [1/1] (0.00ns)   --->   "%add255 = alloca i32 1"   --->   Operation 10 'alloca' 'add255' <Predicate = true> <Delay = 0.00>
ST_1 : Operation 11 [1/1] (0.00ns)   --->   "%i_1 = alloca i32 1" [../lms_filter.cpp:41]   --->   Operation 11 'alloca' 'i_1' <Predicate = true> <Delay = 0.00>
ST_1 : Operation 12 [1/1] (1.58ns)   --->   "%store_ln41 = store i5 0, i5 %i_1" [../lms_filter.cpp:41]   --->   Operation 12 'store' 'store_ln41' <Predicate = true> <Delay = 1.58>
ST_1 : Operation 13 [1/1] (1.58ns)   --->   "%store_ln0 = store i32 0, i32 %add255"   --->   Operation 13 'store' 'store_ln0' <Predicate = true> <Delay = 1.58>
ST_1 : Operation 14 [1/1] (0.00ns)   --->   "%br_ln0 = br void %for.inc22"   --->   Operation 14 'br' 'br_ln0' <Predicate = true> <Delay = 0.00>
ST_1 : Operation 15 [1/1] (0.00ns)   --->   "%i = load i5 %i_1" [../lms_filter.cpp:41]   --->   Operation 15 'load' 'i' <Predicate = true> <Delay = 0.00>
ST_1 : Operation 16 [1/1] (1.78ns)   --->   "%icmp_ln41 = icmp_eq  i5 %i, i5 16" [../lms_filter.cpp:41]   --->   Operation 16 'icmp' 'icmp_ln41' <Predicate = true> <Delay = 1.78> <CoreInst = "Cmp">   --->   Core 9 'Cmp' <Latency = 0> <II = 1> <Delay = 1.78> <FuncUnit> <Opcode : 'seteq' 'setne' 'setle' 'setge' 'setlt' 'setgt'> <InPorts = 2> <OutPorts = 1>
ST_1 : Operation 17 [1/1] (1.78ns)   --->   "%add_ln41 = add i5 %i, i5 1" [../lms_filter.cpp:41]   --->   Operation 17 'add' 'add_ln41' <Predicate = true> <Delay = 1.78> <CoreInst = "Adder">   --->   Core 1 'Adder' <Latency = 0> <II = 1> <Delay = 1.78> <FuncUnit> <Opcode : 'add' 'sub'> <InPorts = 2> <OutPorts = 1>
ST_1 : Operation 18 [1/1] (0.00ns)   --->   "%br_ln41 = br i1 %icmp_ln41, void %for.inc22.split, void %for.cond.cleanup16.exitStub" [../lms_filter.cpp:41]   --->   Operation 18 'br' 'br_ln41' <Predicate = true> <Delay = 0.00>
ST_1 : Operation 19 [1/1] (0.00ns)   --->   "%zext_ln41 = zext i5 %i" [../lms_filter.cpp:41]   --->   Operation 19 'zext' 'zext_ln41' <Predicate = (!icmp_ln41)> <Delay = 0.00>
ST_1 : Operation 20 [1/1] (0.00ns)   --->   "%weights_addr = getelementptr i32 %weights, i64 0, i64 %zext_ln41" [../lms_filter.cpp:43]   --->   Operation 20 'getelementptr' 'weights_addr' <Predicate = (!icmp_ln41)> <Delay = 0.00>
ST_1 : Operation 21 [2/2] (2.32ns)   --->   "%weights_load = load i4 %weights_addr" [../lms_filter.cpp:43]   --->   Operation 21 'load' 'weights_load' <Predicate = (!icmp_ln41)> <Delay = 2.32> <CoreInst = "RAM">   --->   Core 81 'RAM' <Latency = 1> <II = 1> <Delay = 2.32> <Storage> <Opcode : 'load' 'store'> <Ports = 2> <Width = 32> <Depth = 16> <RAM>
ST_1 : Operation 22 [1/1] (0.00ns)   --->   "%x_buf_addr = getelementptr i32 %x_buf, i64 0, i64 %zext_ln41" [../lms_filter.cpp:43]   --->   Operation 22 'getelementptr' 'x_buf_addr' <Predicate = (!icmp_ln41)> <Delay = 0.00>
ST_1 : Operation 23 [2/2] (2.32ns)   --->   "%x_buf_load = load i4 %x_buf_addr" [../lms_filter.cpp:43]   --->   Operation 23 'load' 'x_buf_load' <Predicate = (!icmp_ln41)> <Delay = 2.32> <CoreInst = "RAM">   --->   Core 81 'RAM' <Latency = 1> <II = 1> <Delay = 2.32> <Storage> <Opcode : 'load' 'store'> <Ports = 2> <Width = 32> <Depth = 16> <RAM>
ST_1 : Operation 24 [1/1] (1.58ns)   --->   "%store_ln41 = store i5 %add_ln41, i5 %i_1" [../lms_filter.cpp:41]   --->   Operation 24 'store' 'store_ln41' <Predicate = (!icmp_ln41)> <Delay = 1.58>

State 2 <SV = 1> <Delay = 8.02>
ST_2 : Operation 25 [1/2] ( I:2.32ns O:2.32ns )   --->   "%weights_load = load i4 %weights_addr" [../lms_filter.cpp:43]   --->   Operation 25 'load' 'weights_load' <Predicate = true> <Delay = 2.32> <CoreInst = "RAM">   --->   Core 81 'RAM' <Latency = 1> <II = 1> <Delay = 2.32> <Storage> <Opcode : 'load' 'store'> <Ports = 2> <Width = 32> <Depth = 16> <RAM>
ST_2 : Operation 26 [1/2] ( I:2.32ns O:2.32ns )   --->   "%x_buf_load = load i4 %x_buf_addr" [../lms_filter.cpp:43]   --->   Operation 26 'load' 'x_buf_load' <Predicate = true> <Delay = 2.32> <CoreInst = "RAM">   --->   Core 81 'RAM' <Latency = 1> <II = 1> <Delay = 2.32> <Storage> <Opcode : 'load' 'store'> <Ports = 2> <Width = 32> <Depth = 16> <RAM>
ST_2 : Operation 27 [4/4] (5.70ns)   --->   "%mul = fmul i32 %weights_load, i32 %x_buf_load" [../lms_filter.cpp:43]   --->   Operation 27 'fmul' 'mul' <Predicate = true> <Delay = 5.70> <CoreInst = "FMul_maxdsp">   --->   Core 30 'FMul_maxdsp' <Latency = 3> <II = 1> <Delay = 5.70> <FuncUnit> <Opcode : 'fmul'> <InPorts = 2> <OutPorts = 1>

State 3 <SV = 2> <Delay = 5.70>
ST_3 : Operation 28 [3/4] (5.70ns)   --->   "%mul = fmul i32 %weights_load, i32 %x_buf_load" [../lms_filter.cpp:43]   --->   Operation 28 'fmul' 'mul' <Predicate = true> <Delay = 5.70> <CoreInst = "FMul_maxdsp">   --->   Core 30 'FMul_maxdsp' <Latency = 3> <II = 1> <Delay = 5.70> <FuncUnit> <Opcode : 'fmul'> <InPorts = 2> <OutPorts = 1>

State 4 <SV = 3> <Delay = 5.70>
ST_4 : Operation 29 [2/4] (5.70ns)   --->   "%mul = fmul i32 %weights_load, i32 %x_buf_load" [../lms_filter.cpp:43]   --->   Operation 29 'fmul' 'mul' <Predicate = true> <Delay = 5.70> <CoreInst = "FMul_maxdsp">   --->   Core 30 'FMul_maxdsp' <Latency = 3> <II = 1> <Delay = 5.70> <FuncUnit> <Opcode : 'fmul'> <InPorts = 2> <OutPorts = 1>

State 5 <SV = 4> <Delay = 5.70>
ST_5 : Operation 30 [1/4] (5.70ns)   --->   "%mul = fmul i32 %weights_load, i32 %x_buf_load" [../lms_filter.cpp:43]   --->   Operation 30 'fmul' 'mul' <Predicate = true> <Delay = 5.70> <CoreInst = "FMul_maxdsp">   --->   Core 30 'FMul_maxdsp' <Latency = 3> <II = 1> <Delay = 5.70> <FuncUnit> <Opcode : 'fmul'> <InPorts = 2> <OutPorts = 1>

State 6 <SV = 5> <Delay = 22.5>
ST_6 : Operation 31 [1/1] (0.00ns)   --->   "%add255_load = load i32 %add255" [../lms_filter.cpp:43]   --->   Operation 31 'load' 'add255_load' <Predicate = true> <Delay = 0.00>
ST_6 : Operation 32 [2/2] (22.5ns)   --->   "%y = fadd i32 %add255_load, i32 %mul" [../lms_filter.cpp:43]   --->   Operation 32 'fadd' 'y' <Predicate = true> <Delay = 22.5> <CoreInst = "FAddSub_fulldsp">   --->   Core 18 'FAddSub_fulldsp' <Latency = 1> <II = 1> <Delay = 22.5> <FuncUnit> <Opcode : 'fadd' 'fsub'> <InPorts = 2> <OutPorts = 1>
ST_6 : Operation 39 [1/1] (0.00ns)   --->   "%add255_load_1 = load i32 %add255"   --->   Operation 39 'load' 'add255_load_1' <Predicate = (icmp_ln41)> <Delay = 0.00>
ST_6 : Operation 40 [1/1] (0.00ns)   --->   "%write_ln0 = write void @_ssdm_op_Write.ap_auto.floatP0A, i32 %add255_out, i32 %add255_load_1"   --->   Operation 40 'write' 'write_ln0' <Predicate = (icmp_ln41)> <Delay = 0.00>
ST_6 : Operation 41 [1/1] (1.58ns)   --->   "%ret_ln0 = ret"   --->   Operation 41 'ret' 'ret_ln0' <Predicate = (icmp_ln41)> <Delay = 1.58>

State 7 <SV = 6> <Delay = 46.7>
ST_7 : Operation 33 [1/1] (0.00ns)   --->   "%specpipeline_ln42 = specpipeline void @_ssdm_op_SpecPipeline, i32 1, i32 0, i32 0, i32 0, i32 4294967295, void @empty_1" [../lms_filter.cpp:42]   --->   Operation 33 'specpipeline' 'specpipeline_ln42' <Predicate = true> <Delay = 0.00>
ST_7 : Operation 34 [1/1] (0.00ns)   --->   "%speclooptripcount_ln41 = speclooptripcount void @_ssdm_op_SpecLoopTripCount, i64 16, i64 16, i64 16" [../lms_filter.cpp:41]   --->   Operation 34 'speclooptripcount' 'speclooptripcount_ln41' <Predicate = true> <Delay = 0.00>
ST_7 : Operation 35 [1/1] (0.00ns)   --->   "%specloopname_ln41 = specloopname void @_ssdm_op_SpecLoopName, void @empty_9" [../lms_filter.cpp:41]   --->   Operation 35 'specloopname' 'specloopname_ln41' <Predicate = true> <Delay = 0.00>
ST_7 : Operation 36 [1/2] (22.5ns)   --->   "%y = fadd i32 %add255_load, i32 %mul" [../lms_filter.cpp:43]   --->   Operation 36 'fadd' 'y' <Predicate = true> <Delay = 22.5> <CoreInst = "FAddSub_fulldsp">   --->   Core 18 'FAddSub_fulldsp' <Latency = 1> <II = 1> <Delay = 22.5> <FuncUnit> <Opcode : 'fadd' 'fsub'> <InPorts = 2> <OutPorts = 1>
ST_7 : Operation 37 [1/1] (1.58ns)   --->   "%store_ln43 = store i32 %y, i32 %add255" [../lms_filter.cpp:43]   --->   Operation 37 'store' 'store_ln43' <Predicate = true> <Delay = 1.58>
ST_7 : Operation 38 [1/1] (0.00ns)   --->   "%br_ln41 = br void %for.inc22" [../lms_filter.cpp:41]   --->   Operation 38 'br' 'br_ln41' <Predicate = true> <Delay = 0.00>


============================================================
+ Verbose Summary: Timing violations
============================================================
Target clock period: 10.000ns, clock uncertainty: 2.700ns.

 <State 1>: 4.956ns
The critical path consists of the following:
	'store' operation ('store_ln41', ../lms_filter.cpp:41) of constant 0 5 bit on local variable 'i', ../lms_filter.cpp:41 [6]  (1.588 ns)
	'load' operation 5 bit ('i', ../lms_filter.cpp:41) on local variable 'i', ../lms_filter.cpp:41 [10]  (0.000 ns)
	'icmp' operation 1 bit ('icmp_ln41', ../lms_filter.cpp:41) [11]  (1.780 ns)
	'store' operation ('store_ln41', ../lms_filter.cpp:41) of variable 'add_ln41', ../lms_filter.cpp:41 5 bit on local variable 'i', ../lms_filter.cpp:41 [26]  (1.588 ns)

 <State 2>: 8.024ns
The critical path consists of the following:
	'load' operation 32 bit ('weights_load', ../lms_filter.cpp:43) on array 'weights' [21]  (2.322 ns)
	'fmul' operation 32 bit ('mul', ../lms_filter.cpp:43) [24]  (5.702 ns)

 <State 3>: 5.702ns
The critical path consists of the following:
	'fmul' operation 32 bit ('mul', ../lms_filter.cpp:43) [24]  (5.702 ns)

 <State 4>: 5.702ns
The critical path consists of the following:
	'fmul' operation 32 bit ('mul', ../lms_filter.cpp:43) [24]  (5.702 ns)

 <State 5>: 5.702ns
The critical path consists of the following:
	'fmul' operation 32 bit ('mul', ../lms_filter.cpp:43) [24]  (5.702 ns)

 <State 6>: 22.578ns
The critical path consists of the following:
	'load' operation 32 bit ('add255_load', ../lms_filter.cpp:43) on local variable 'add255' [15]  (0.000 ns)
	'fadd' operation 32 bit ('y', ../lms_filter.cpp:43) [25]  (22.578 ns)

 <State 7>: 46.744ns
The critical path consists of the following:
	'fadd' operation 32 bit ('y', ../lms_filter.cpp:43) [25]  (22.578 ns)
	'store' operation ('store_ln43', ../lms_filter.cpp:43) of variable 'y', ../lms_filter.cpp:43 32 bit on local variable 'add255' [27]  (1.588 ns)
	'load' operation 32 bit ('add255_load', ../lms_filter.cpp:43) on local variable 'add255' [15]  (0.000 ns)
	'fadd' operation 32 bit ('y', ../lms_filter.cpp:43) [25]  (22.578 ns)


============================================================
+ Verbose Summary: Binding
============================================================
N/A
* FSMD analyzer results:
  - Output states:
 - Input state : 
  - Chain level:
	State 1
	State 2
	State 3
	State 4
	State 5
	State 6
	State 7


============================================================
+ Verbose Summary: Datapath Resource usage 
============================================================
N/A
