

================================================================
== Vitis HLS Report for 'lms_filter_Pipeline_VITIS_LOOP_48_3'
================================================================
* Date:           Sun Apr  5 15:19:48 2026

* Version:        2025.2 (Build 6295257 on Nov 14 2025)
* Project:        lms_filter
* Solution:       hls (Vivado IP Flow Target)
* Product family: zynq
* Target device:  xc7z007s-clg400-1


================================================================
== Performance Estimates
================================================================
+ Timing: 
    * Summary: 
    +--------+----------+----------+------------+
    |  Clock |  Target  | Estimated| Uncertainty|
    +--------+----------+----------+------------+
    |ap_clk  |  10.00 ns|  7.256 ns|     2.70 ns|
    +--------+----------+----------+------------+

+ Latency: 
    * Summary: 
    +---------+---------+----------+----------+-----+-----+-------------------+
    |  Latency (cycles) |  Latency (absolute) |  Interval |      Pipeline     |
    |   min   |   max   |    min   |    max   | min | max |        Type       |
    +---------+---------+----------+----------+-----+-----+-------------------+
    |       28|       28|  0.280 us|  0.280 us|    0|    0|  loop pipeline stp|
    +---------+---------+----------+----------+-----+-----+-------------------+

    + Detail: 
        * Instance: 
        N/A

        * Loop: 
        +-------------------+---------+---------+----------+-----------+-----------+------+----------+
        |                   |  Latency (cycles) | Iteration|  Initiation Interval  | Trip |          |
        |     Loop Name     |   min   |   max   |  Latency |  achieved |   target  | Count| Pipelined|
        +-------------------+---------+---------+----------+-----------+-----------+------+----------+
        |- VITIS_LOOP_48_3  |       26|       26|        12|          1|          1|    16|       yes|
        +-------------------+---------+---------+----------+-----------+-----------+------+----------+



================================================================
== Utilization Estimates
================================================================
* Summary: 
+-----------------+---------+----+-------+-------+-----+
|       Name      | BRAM_18K| DSP|   FF  |  LUT  | URAM|
+-----------------+---------+----+-------+-------+-----+
|DSP              |        -|   -|      -|      -|    -|
|Expression       |        -|   -|      0|     29|    -|
|FIFO             |        -|   -|      -|      -|    -|
|Instance         |        -|   -|      -|      -|    -|
|Memory           |        -|   -|      -|      -|    -|
|Multiplexer      |        -|   -|      0|     36|    -|
|Register         |        -|   -|    224|     32|    -|
+-----------------+---------+----+-------+-------+-----+
|Total            |        0|   0|    224|     97|    0|
+-----------------+---------+----+-------+-------+-----+
|Available        |      100|  66|  28800|  14400|    0|
+-----------------+---------+----+-------+-------+-----+
|Utilization (%)  |        0|   0|     ~0|     ~0|    0|
+-----------------+---------+----+-------+-------+-----+

+ Detail: 
    * Instance: 
    N/A

    * DSP: 
    N/A

    * Memory: 
    N/A

    * FIFO: 
    N/A

    * Expression: 
    +--------------------+----------+----+---+----+------------+------------+
    |    Variable Name   | Operation| DSP| FF| LUT| Bitwidth P0| Bitwidth P1|
    +--------------------+----------+----+---+----+------------+------------+
    |add_ln48_fu_95_p2   |         +|   0|  0|  13|           5|           1|
    |icmp_ln48_fu_89_p2  |      icmp|   0|  0|  14|           5|           6|
    |ap_enable_pp0       |       xor|   0|  0|   2|           1|           2|
    +--------------------+----------+----+---+----+------------+------------+
    |Total               |          |   0|  0|  29|          11|           9|
    +--------------------+----------+----+---+----+------------+------------+

    * Multiplexer: 
    +-------------------------+----+-----------+-----+-----------+
    |           Name          | LUT| Input Size| Bits| Total Bits|
    +-------------------------+----+-----------+-----+-----------+
    |ap_done_int              |   9|          2|    1|          2|
    |ap_enable_reg_pp0_iter1  |   9|          2|    1|          2|
    |ap_sig_allocacmp_i_1     |   9|          2|    5|         10|
    |i_fu_34                  |   9|          2|    5|         10|
    +-------------------------+----+-----------+-----+-----------+
    |Total                    |  36|          8|   12|         24|
    +-------------------------+----+-----------+-----+-----------+

    * Register: 
    +-----------------------------------+----+----+-----+-----------+
    |                Name               | FF | LUT| Bits| Const Bits|
    +-----------------------------------+----+----+-----+-----------+
    |add_reg_154                        |  32|   0|   32|          0|
    |ap_CS_fsm                          |   1|   0|    1|          0|
    |ap_done_reg                        |   1|   0|    1|          0|
    |ap_enable_reg_pp0_iter1            |   1|   0|    1|          0|
    |ap_enable_reg_pp0_iter10           |   1|   0|    1|          0|
    |ap_enable_reg_pp0_iter11           |   1|   0|    1|          0|
    |ap_enable_reg_pp0_iter2            |   1|   0|    1|          0|
    |ap_enable_reg_pp0_iter3            |   1|   0|    1|          0|
    |ap_enable_reg_pp0_iter4            |   1|   0|    1|          0|
    |ap_enable_reg_pp0_iter5            |   1|   0|    1|          0|
    |ap_enable_reg_pp0_iter6            |   1|   0|    1|          0|
    |ap_enable_reg_pp0_iter7            |   1|   0|    1|          0|
    |ap_enable_reg_pp0_iter8            |   1|   0|    1|          0|
    |ap_enable_reg_pp0_iter9            |   1|   0|    1|          0|
    |ap_loop_exit_ready_pp0_iter10_reg  |   1|   0|    1|          0|
    |ap_loop_exit_ready_pp0_iter1_reg   |   1|   0|    1|          0|
    |ap_loop_exit_ready_pp0_iter2_reg   |   1|   0|    1|          0|
    |ap_loop_exit_ready_pp0_iter3_reg   |   1|   0|    1|          0|
    |ap_loop_exit_ready_pp0_iter4_reg   |   1|   0|    1|          0|
    |ap_loop_exit_ready_pp0_iter5_reg   |   1|   0|    1|          0|
    |ap_loop_exit_ready_pp0_iter6_reg   |   1|   0|    1|          0|
    |ap_loop_exit_ready_pp0_iter7_reg   |   1|   0|    1|          0|
    |ap_loop_exit_ready_pp0_iter8_reg   |   1|   0|    1|          0|
    |ap_loop_exit_ready_pp0_iter9_reg   |   1|   0|    1|          0|
    |i_fu_34                            |   5|   0|    5|          0|
    |mul2_reg_144                       |  32|   0|   32|          0|
    |weights_addr_reg_133               |   4|   0|    4|          0|
    |weights_load_reg_149               |  32|   0|   32|          0|
    |x_buf_load_reg_139                 |  32|   0|   32|          0|
    |weights_addr_reg_133               |  64|  32|    4|          0|
    +-----------------------------------+----+----+-----+-----------+
    |Total                              | 224|  32|  164|          0|
    +-----------------------------------+----+----+-----+-----------+



================================================================
== Interface
================================================================
* Summary: 
+---------------------+-----+-----+------------+-------------------------------------+--------------+
|      RTL Ports      | Dir | Bits|  Protocol  |            Source Object            |    C Type    |
+---------------------+-----+-----+------------+-------------------------------------+--------------+
|ap_clk               |   in|    1|  ap_ctrl_hs|  lms_filter_Pipeline_VITIS_LOOP_48_3|  return value|
|ap_rst               |   in|    1|  ap_ctrl_hs|  lms_filter_Pipeline_VITIS_LOOP_48_3|  return value|
|ap_start             |   in|    1|  ap_ctrl_hs|  lms_filter_Pipeline_VITIS_LOOP_48_3|  return value|
|ap_done              |  out|    1|  ap_ctrl_hs|  lms_filter_Pipeline_VITIS_LOOP_48_3|  return value|
|ap_idle              |  out|    1|  ap_ctrl_hs|  lms_filter_Pipeline_VITIS_LOOP_48_3|  return value|
|ap_ready             |  out|    1|  ap_ctrl_hs|  lms_filter_Pipeline_VITIS_LOOP_48_3|  return value|
|grp_fu_194_p_din0    |  out|   32|  ap_ctrl_hs|  lms_filter_Pipeline_VITIS_LOOP_48_3|  return value|
|grp_fu_194_p_din1    |  out|   32|  ap_ctrl_hs|  lms_filter_Pipeline_VITIS_LOOP_48_3|  return value|
|grp_fu_194_p_opcode  |  out|    1|  ap_ctrl_hs|  lms_filter_Pipeline_VITIS_LOOP_48_3|  return value|
|grp_fu_194_p_dout0   |   in|   32|  ap_ctrl_hs|  lms_filter_Pipeline_VITIS_LOOP_48_3|  return value|
|grp_fu_194_p_ce      |  out|    1|  ap_ctrl_hs|  lms_filter_Pipeline_VITIS_LOOP_48_3|  return value|
|grp_fu_379_p_din0    |  out|   32|  ap_ctrl_hs|  lms_filter_Pipeline_VITIS_LOOP_48_3|  return value|
|grp_fu_379_p_din1    |  out|   32|  ap_ctrl_hs|  lms_filter_Pipeline_VITIS_LOOP_48_3|  return value|
|grp_fu_379_p_dout0   |   in|   32|  ap_ctrl_hs|  lms_filter_Pipeline_VITIS_LOOP_48_3|  return value|
|grp_fu_379_p_ce      |  out|    1|  ap_ctrl_hs|  lms_filter_Pipeline_VITIS_LOOP_48_3|  return value|
|mul1                 |   in|   32|     ap_none|                                 mul1|        scalar|
|x_buf_address0       |  out|    4|   ap_memory|                                x_buf|         array|
|x_buf_ce0            |  out|    1|   ap_memory|                                x_buf|         array|
|x_buf_q0             |   in|   32|   ap_memory|                                x_buf|         array|
|weights_address0     |  out|    4|   ap_memory|                              weights|         array|
|weights_ce0          |  out|    1|   ap_memory|                              weights|         array|
|weights_we0          |  out|    1|   ap_memory|                              weights|         array|
|weights_d0           |  out|   32|   ap_memory|                              weights|         array|
|weights_address1     |  out|    4|   ap_memory|                              weights|         array|
|weights_ce1          |  out|    1|   ap_memory|                              weights|         array|
|weights_q1           |   in|   32|   ap_memory|                              weights|         array|
+---------------------+-----+-----+------------+-------------------------------------+--------------+

============================================================
+ Verbose Summary: Synthesis Manager
============================================================
InlineROM: 1
ExposeGlobal: 0
============================================================
+ Verbose Summary: CDFG Model
============================================================
IsTopModel: 0
ResetActiveHigh: 1
IsCombinational: 2
IsDatapathOnly: 2
HasWiredReturn: 1
HasMFsm: 2
HasVarLatency: 1
IsPipeline: 0
IsRtlPipelined: 0
IsInstanceOverlapped: 0
IsDontTouch: 0
HasImplIP: 0
IsGatedGlobalClock: 0

+ Individual pipeline summary: 
  * Pipeline-0: initiation interval (II) = 1, depth = 12


============================================================
+ Verbose Summary: Schedule
============================================================
* Number of FSM states : 12
* Pipeline : 1
  Pipeline-0 : II = 1, D = 12, States = { 1 2 3 4 5 6 7 8 9 10 11 12 }
* Dataflow Pipeline: 0

* FSM state transitions: 
1 --> 2 
2 --> 3 
3 --> 4 
4 --> 5 
5 --> 6 
6 --> 7 
7 --> 8 
8 --> 9 
9 --> 10 
10 --> 11 
11 --> 12 
12 --> 

* FSM state operations: 

State 1 <SV = 0> <Delay = 4.95>
ST_1 : Operation 15 [1/1] (0.00ns)   --->   "%i = alloca i32 1" [../lms_filter.cpp:48]   --->   Operation 15 'alloca' 'i' <Predicate = true> <Delay = 0.00>
ST_1 : Operation 16 [1/1] (0.00ns)   --->   "%mul1_read = read i32 @_ssdm_op_Read.ap_auto.float, i32 %mul1"   --->   Operation 16 'read' 'mul1_read' <Predicate = true> <Delay = 0.00>
ST_1 : Operation 17 [1/1] (1.58ns)   --->   "%store_ln48 = store i5 0, i5 %i" [../lms_filter.cpp:48]   --->   Operation 17 'store' 'store_ln48' <Predicate = true> <Delay = 1.58>
ST_1 : Operation 18 [1/1] (0.00ns)   --->   "%br_ln0 = br void %for.inc37"   --->   Operation 18 'br' 'br_ln0' <Predicate = true> <Delay = 0.00>
ST_1 : Operation 19 [1/1] (0.00ns)   --->   "%i_1 = load i5 %i" [../lms_filter.cpp:48]   --->   Operation 19 'load' 'i_1' <Predicate = true> <Delay = 0.00>
ST_1 : Operation 20 [1/1] (1.78ns)   --->   "%icmp_ln48 = icmp_eq  i5 %i_1, i5 16" [../lms_filter.cpp:48]   --->   Operation 20 'icmp' 'icmp_ln48' <Predicate = true> <Delay = 1.78> <CoreInst = "Cmp">   --->   Core 9 'Cmp' <Latency = 0> <II = 1> <Delay = 1.82> <FuncUnit> <Opcode : 'seteq' 'setne' 'setle' 'setge' 'setlt' 'setgt'> <InPorts = 2> <OutPorts = 1>
ST_1 : Operation 21 [1/1] (1.78ns)   --->   "%add_ln48 = add i5 %i_1, i5 1" [../lms_filter.cpp:48]   --->   Operation 21 'add' 'add_ln48' <Predicate = true> <Delay = 1.78> <CoreInst = "Adder">   --->   Core 1 'Adder' <Latency = 0> <II = 1> <Delay = 1.78> <FuncUnit> <Opcode : 'add' 'sub'> <InPorts = 2> <OutPorts = 1>
ST_1 : Operation 22 [1/1] (0.00ns)   --->   "%br_ln48 = br i1 %icmp_ln48, void %for.inc37.split, void %for.end39.exitStub" [../lms_filter.cpp:48]   --->   Operation 22 'br' 'br_ln48' <Predicate = true> <Delay = 0.00>
ST_1 : Operation 23 [1/1] (0.00ns)   --->   "%zext_ln48 = zext i5 %i_1" [../lms_filter.cpp:48]   --->   Operation 23 'zext' 'zext_ln48' <Predicate = (!icmp_ln48)> <Delay = 0.00>
ST_1 : Operation 24 [1/1] (0.00ns)   --->   "%x_buf_addr = getelementptr i32 %x_buf, i64 0, i64 %zext_ln48" [../lms_filter.cpp:50]   --->   Operation 24 'getelementptr' 'x_buf_addr' <Predicate = (!icmp_ln48)> <Delay = 0.00>
ST_1 : Operation 25 [2/2] (2.32ns)   --->   "%x_buf_load = load i4 %x_buf_addr" [../lms_filter.cpp:50]   --->   Operation 25 'load' 'x_buf_load' <Predicate = (!icmp_ln48)> <Delay = 2.32> <CoreInst = "RAM">   --->   Core 81 'RAM' <Latency = 1> <II = 1> <Delay = 2.32> <Storage> <Opcode : 'load' 'store'> <Ports = 2> <Width = 32> <Depth = 16> <RAM>
ST_1 : Operation 26 [1/1] (0.00ns)   --->   "%weights_addr = getelementptr i32 %weights, i64 0, i64 %zext_ln48" [../lms_filter.cpp:50]   --->   Operation 26 'getelementptr' 'weights_addr' <Predicate = (!icmp_ln48)> <Delay = 0.00>
ST_1 : Operation 27 [1/1] (1.58ns)   --->   "%store_ln48 = store i5 %add_ln48, i5 %i" [../lms_filter.cpp:48]   --->   Operation 27 'store' 'store_ln48' <Predicate = (!icmp_ln48)> <Delay = 1.58>

State 2 <SV = 1> <Delay = 2.32>
ST_2 : Operation 28 [1/2] ( I:2.32ns O:2.32ns )   --->   "%x_buf_load = load i4 %x_buf_addr" [../lms_filter.cpp:50]   --->   Operation 28 'load' 'x_buf_load' <Predicate = true> <Delay = 2.32> <CoreInst = "RAM">   --->   Core 81 'RAM' <Latency = 1> <II = 1> <Delay = 2.32> <Storage> <Opcode : 'load' 'store'> <Ports = 2> <Width = 32> <Depth = 16> <RAM>

State 3 <SV = 2> <Delay = 5.70>
ST_3 : Operation 29 [4/4] (5.70ns)   --->   "%mul2 = fmul i32 %mul1_read, i32 %x_buf_load" [../lms_filter.cpp:50]   --->   Operation 29 'fmul' 'mul2' <Predicate = true> <Delay = 5.70> <CoreInst = "FMul_maxdsp">   --->   Core 30 'FMul_maxdsp' <Latency = 3> <II = 1> <Delay = 5.70> <FuncUnit> <Opcode : 'fmul'> <InPorts = 2> <OutPorts = 1>

State 4 <SV = 3> <Delay = 5.70>
ST_4 : Operation 30 [3/4] (5.70ns)   --->   "%mul2 = fmul i32 %mul1_read, i32 %x_buf_load" [../lms_filter.cpp:50]   --->   Operation 30 'fmul' 'mul2' <Predicate = true> <Delay = 5.70> <CoreInst = "FMul_maxdsp">   --->   Core 30 'FMul_maxdsp' <Latency = 3> <II = 1> <Delay = 5.70> <FuncUnit> <Opcode : 'fmul'> <InPorts = 2> <OutPorts = 1>

State 5 <SV = 4> <Delay = 5.70>
ST_5 : Operation 31 [2/4] (5.70ns)   --->   "%mul2 = fmul i32 %mul1_read, i32 %x_buf_load" [../lms_filter.cpp:50]   --->   Operation 31 'fmul' 'mul2' <Predicate = true> <Delay = 5.70> <CoreInst = "FMul_maxdsp">   --->   Core 30 'FMul_maxdsp' <Latency = 3> <II = 1> <Delay = 5.70> <FuncUnit> <Opcode : 'fmul'> <InPorts = 2> <OutPorts = 1>
ST_5 : Operation 32 [2/2] (2.32ns)   --->   "%weights_load = load i4 %weights_addr" [../lms_filter.cpp:50]   --->   Operation 32 'load' 'weights_load' <Predicate = true> <Delay = 2.32> <CoreInst = "RAM">   --->   Core 81 'RAM' <Latency = 1> <II = 1> <Delay = 2.32> <Storage> <Opcode : 'load' 'store'> <Ports = 2> <Width = 32> <Depth = 16> <RAM>

State 6 <SV = 5> <Delay = 5.70>
ST_6 : Operation 33 [1/4] (5.70ns)   --->   "%mul2 = fmul i32 %mul1_read, i32 %x_buf_load" [../lms_filter.cpp:50]   --->   Operation 33 'fmul' 'mul2' <Predicate = true> <Delay = 5.70> <CoreInst = "FMul_maxdsp">   --->   Core 30 'FMul_maxdsp' <Latency = 3> <II = 1> <Delay = 5.70> <FuncUnit> <Opcode : 'fmul'> <InPorts = 2> <OutPorts = 1>
ST_6 : Operation 34 [1/2] ( I:2.32ns O:2.32ns )   --->   "%weights_load = load i4 %weights_addr" [../lms_filter.cpp:50]   --->   Operation 34 'load' 'weights_load' <Predicate = true> <Delay = 2.32> <CoreInst = "RAM">   --->   Core 81 'RAM' <Latency = 1> <II = 1> <Delay = 2.32> <Storage> <Opcode : 'load' 'store'> <Ports = 2> <Width = 32> <Depth = 16> <RAM>

State 7 <SV = 6> <Delay = 7.25>
ST_7 : Operation 35 [5/5] (7.25ns)   --->   "%add = fadd i32 %weights_load, i32 %mul2" [../lms_filter.cpp:50]   --->   Operation 35 'fadd' 'add' <Predicate = true> <Delay = 7.25> <CoreInst = "FAddSub_fulldsp">   --->   Core 18 'FAddSub_fulldsp' <Latency = 4> <II = 1> <Delay = 7.25> <FuncUnit> <Opcode : 'fadd' 'fsub'> <InPorts = 2> <OutPorts = 1>

State 8 <SV = 7> <Delay = 7.25>
ST_8 : Operation 36 [4/5] (7.25ns)   --->   "%add = fadd i32 %weights_load, i32 %mul2" [../lms_filter.cpp:50]   --->   Operation 36 'fadd' 'add' <Predicate = true> <Delay = 7.25> <CoreInst = "FAddSub_fulldsp">   --->   Core 18 'FAddSub_fulldsp' <Latency = 4> <II = 1> <Delay = 7.25> <FuncUnit> <Opcode : 'fadd' 'fsub'> <InPorts = 2> <OutPorts = 1>

State 9 <SV = 8> <Delay = 7.25>
ST_9 : Operation 37 [3/5] (7.25ns)   --->   "%add = fadd i32 %weights_load, i32 %mul2" [../lms_filter.cpp:50]   --->   Operation 37 'fadd' 'add' <Predicate = true> <Delay = 7.25> <CoreInst = "FAddSub_fulldsp">   --->   Core 18 'FAddSub_fulldsp' <Latency = 4> <II = 1> <Delay = 7.25> <FuncUnit> <Opcode : 'fadd' 'fsub'> <InPorts = 2> <OutPorts = 1>

State 10 <SV = 9> <Delay = 7.25>
ST_10 : Operation 38 [2/5] (7.25ns)   --->   "%add = fadd i32 %weights_load, i32 %mul2" [../lms_filter.cpp:50]   --->   Operation 38 'fadd' 'add' <Predicate = true> <Delay = 7.25> <CoreInst = "FAddSub_fulldsp">   --->   Core 18 'FAddSub_fulldsp' <Latency = 4> <II = 1> <Delay = 7.25> <FuncUnit> <Opcode : 'fadd' 'fsub'> <InPorts = 2> <OutPorts = 1>

State 11 <SV = 10> <Delay = 7.25>
ST_11 : Operation 39 [1/5] (7.25ns)   --->   "%add = fadd i32 %weights_load, i32 %mul2" [../lms_filter.cpp:50]   --->   Operation 39 'fadd' 'add' <Predicate = true> <Delay = 7.25> <CoreInst = "FAddSub_fulldsp">   --->   Core 18 'FAddSub_fulldsp' <Latency = 4> <II = 1> <Delay = 7.25> <FuncUnit> <Opcode : 'fadd' 'fsub'> <InPorts = 2> <OutPorts = 1>
ST_11 : Operation 45 [1/1] (1.58ns)   --->   "%ret_ln0 = ret"   --->   Operation 45 'ret' 'ret_ln0' <Predicate = (icmp_ln48)> <Delay = 1.58>

State 12 <SV = 11> <Delay = 2.32>
ST_12 : Operation 40 [1/1] (0.00ns)   --->   "%specpipeline_ln49 = specpipeline void @_ssdm_op_SpecPipeline, i32 1, i32 0, i32 0, i32 0, i32 4294967295, void @empty_1" [../lms_filter.cpp:49]   --->   Operation 40 'specpipeline' 'specpipeline_ln49' <Predicate = true> <Delay = 0.00>
ST_12 : Operation 41 [1/1] (0.00ns)   --->   "%speclooptripcount_ln48 = speclooptripcount void @_ssdm_op_SpecLoopTripCount, i64 16, i64 16, i64 16" [../lms_filter.cpp:48]   --->   Operation 41 'speclooptripcount' 'speclooptripcount_ln48' <Predicate = true> <Delay = 0.00>
ST_12 : Operation 42 [1/1] (0.00ns)   --->   "%specloopname_ln48 = specloopname void @_ssdm_op_SpecLoopName, void @empty_7" [../lms_filter.cpp:48]   --->   Operation 42 'specloopname' 'specloopname_ln48' <Predicate = true> <Delay = 0.00>
ST_12 : Operation 43 [1/1] ( I:2.32ns O:2.32ns )   --->   "%store_ln50 = store i32 %add, i4 %weights_addr" [../lms_filter.cpp:50]   --->   Operation 43 'store' 'store_ln50' <Predicate = true> <Delay = 2.32> <CoreInst = "RAM">   --->   Core 81 'RAM' <Latency = 1> <II = 1> <Delay = 2.32> <Storage> <Opcode : 'load' 'store'> <Ports = 2> <Width = 32> <Depth = 16> <RAM>
ST_12 : Operation 44 [1/1] (0.00ns)   --->   "%br_ln48 = br void %for.inc37" [../lms_filter.cpp:48]   --->   Operation 44 'br' 'br_ln48' <Predicate = true> <Delay = 0.00>


============================================================
+ Verbose Summary: Binding
============================================================
STG Binding: 
---------------- STG Properties BEGIN ----------------
- Is combinational: 0
- Is one-state seq: 0
- Is datapath-only: 0
- Is pipelined: 0
- Is top level: 0
Port [ Return ] is wired: 1; IO mode=ap_ctrl_hs:ce=0
Port [ mul1]:  wired=1; compound=0; hidden=0; nouse=0; global=0; static=0; extern=0; dir=0; type=0; pingpong=0; private_global=0; IO mode=ap_none:ce=0
Port [ x_buf]:  wired=1; compound=1; hidden=0; nouse=0; global=1; static=1; extern=0; dir=0; type=1; pingpong=0; private_global=0; MemPort=[13]; IO mode=ap_memory:ce=0
Port [ weights]:  wired=1; compound=1; hidden=0; nouse=0; global=1; static=1; extern=0; dir=2; type=1; pingpong=0; private_global=0; MemPort=[01]; IO mode=ap_memory:ce=0
---------------- STG Properties END ------------------

---------------- Datapath Model BEGIN ----------------

<LifeTime>
<method=bitvector/>
i                      (alloca           ) [ 0100000000000]
mul1_read              (read             ) [ 0111111000000]
store_ln48             (store            ) [ 0000000000000]
br_ln0                 (br               ) [ 0000000000000]
i_1                    (load             ) [ 0000000000000]
icmp_ln48              (icmp             ) [ 0111111111110]
add_ln48               (add              ) [ 0000000000000]
br_ln48                (br               ) [ 0000000000000]
zext_ln48              (zext             ) [ 0000000000000]
x_buf_addr             (getelementptr    ) [ 0110000000000]
weights_addr           (getelementptr    ) [ 0111111111111]
store_ln48             (store            ) [ 0000000000000]
x_buf_load             (load             ) [ 0101111000000]
mul2                   (fmul             ) [ 0100000111110]
weights_load           (load             ) [ 0100000111110]
add                    (fadd             ) [ 0100000000001]
specpipeline_ln49      (specpipeline     ) [ 0000000000000]
speclooptripcount_ln48 (speclooptripcount) [ 0000000000000]
specloopname_ln48      (specloopname     ) [ 0000000000000]
store_ln50             (store            ) [ 0000000000000]
br_ln48                (br               ) [ 0000000000000]
ret_ln0                (ret              ) [ 0000000000000]
</LifeTime>

<model>

<comp_list>
<comp id="0" class="1000" name="mul1">
<pin_list>
<pin id="1" dir="1" index="0" bw="1" slack="0"/>
</pin_list>
<bind>
<StgValue><ssdm name="mul1"/></StgValue>
</bind>
</comp>

<comp id="2" class="1000" name="x_buf">
<pin_list>
<pin id="3" dir="1" index="0" bw="1" slack="0"/>
</pin_list>
<bind>
<StgValue><ssdm name="x_buf"/><MemPortTyVec>1 3 </MemPortTyVec>
</StgValue>
</bind>
</comp>

<comp id="4" class="1000" name="weights">
<pin_list>
<pin id="5" dir="1" index="0" bw="1" slack="0"/>
</pin_list>
<bind>
<StgValue><ssdm name="weights"/><MemPortTyVec>0 1 </MemPortTyVec>
</StgValue>
</bind>
</comp>

<comp id="6" class="1001" name="const_6">
<pin_list>
<pin id="7" dir="1" index="0" bw="1" slack="0"/>
</pin_list>
<bind>
<StgValue><ssdm name=""/></StgValue>
</bind>
</comp>

<comp id="8" class="1001" name="const_8">
<pin_list>
<pin id="9" dir="1" index="0" bw="1" slack="0"/>
</pin_list>
<bind>
<StgValue><ssdm name="_ssdm_op_Read.ap_auto.float"/></StgValue>
</bind>
</comp>

<comp id="10" class="1001" name="const_10">
<pin_list>
<pin id="11" dir="1" index="0" bw="1" slack="0"/>
</pin_list>
<bind>
<StgValue><ssdm name=""/></StgValue>
</bind>
</comp>

<comp id="12" class="1001" name="const_12">
<pin_list>
<pin id="13" dir="1" index="0" bw="1" slack="0"/>
</pin_list>
<bind>
<StgValue><ssdm name=""/></StgValue>
</bind>
</comp>

<comp id="14" class="1001" name="const_14">
<pin_list>
<pin id="15" dir="1" index="0" bw="1" slack="0"/>
</pin_list>
<bind>
<StgValue><ssdm name=""/></StgValue>
</bind>
</comp>

<comp id="16" class="1001" name="const_16">
<pin_list>
<pin id="17" dir="1" index="0" bw="1" slack="0"/>
</pin_list>
<bind>
<StgValue><ssdm name=""/></StgValue>
</bind>
</comp>

<comp id="18" class="1001" name="const_18">
<pin_list>
<pin id="19" dir="1" index="0" bw="1" slack="2147483647"/>
</pin_list>
<bind>
<StgValue><ssdm name="_ssdm_op_SpecPipeline"/></StgValue>
</bind>
</comp>

<comp id="20" class="1001" name="const_20">
<pin_list>
<pin id="21" dir="1" index="0" bw="1" slack="2147483647"/>
</pin_list>
<bind>
<StgValue><ssdm name=""/></StgValue>
</bind>
</comp>

<comp id="22" class="1001" name="const_22">
<pin_list>
<pin id="23" dir="1" index="0" bw="1" slack="2147483647"/>
</pin_list>
<bind>
<StgValue><ssdm name=""/></StgValue>
</bind>
</comp>

<comp id="24" class="1001" name="const_24">
<pin_list>
<pin id="25" dir="1" index="0" bw="1" slack="2147483647"/>
</pin_list>
<bind>
<StgValue><ssdm name="empty_1"/></StgValue>
</bind>
</comp>

<comp id="26" class="1001" name="const_26">
<pin_list>
<pin id="27" dir="1" index="0" bw="1" slack="2147483647"/>
</pin_list>
<bind>
<StgValue><ssdm name="_ssdm_op_SpecLoopTripCount"/></StgValue>
</bind>
</comp>

<comp id="28" class="1001" name="const_28">
<pin_list>
<pin id="29" dir="1" index="0" bw="1" slack="2147483647"/>
</pin_list>
<bind>
<StgValue><ssdm name=""/></StgValue>
</bind>
</comp>

<comp id="30" class="1001" name="const_30">
<pin_list>
<pin id="31" dir="1" index="0" bw="1" slack="2147483647"/>
</pin_list>
<bind>
<StgValue><ssdm name="_ssdm_op_SpecLoopName"/></StgValue>
</bind>
</comp>

<comp id="32" class="1001" name="const_32">
<pin_list>
<pin id="33" dir="1" index="0" bw="1" slack="2147483647"/>
</pin_list>
<bind>
<StgValue><ssdm name="empty_7"/></StgValue>
</bind>
</comp>

<comp id="34" class="1004" name="i_fu_34">
<pin_list>
<pin id="35" dir="0" index="0" bw="1" slack="0"/>
<pin id="36" dir="1" index="1" bw="5" slack="0"/>
</pin_list>
<bind>
<opcode="alloca(26) " fcode="alloca"/>
<opset="i/1 "/>
</bind>
</comp>

<comp id="38" class="1004" name="mul1_read_read_fu_38">
<pin_list>
<pin id="39" dir="0" index="0" bw="32" slack="0"/>
<pin id="40" dir="0" index="1" bw="32" slack="0"/>
<pin id="41" dir="1" index="2" bw="32" slack="2"/>
</pin_list>
<bind>
<opcode="read(1150) " fcode="read"/>
<opset="mul1_read/1 "/>
</bind>
</comp>

<comp id="44" class="1004" name="x_buf_addr_gep_fu_44">
<pin_list>
<pin id="45" dir="0" index="0" bw="32" slack="0"/>
<pin id="46" dir="0" index="1" bw="1" slack="0"/>
<pin id="47" dir="0" index="2" bw="5" slack="0"/>
<pin id="48" dir="1" index="3" bw="4" slack="0"/>
</pin_list>
<bind>
<opcode="getelementptr(29) " fcode="getelementptr"/>
<opset="x_buf_addr/1 "/>
</bind>
</comp>

<comp id="51" class="1004" name="grp_access_fu_51">
<pin_list>
<pin id="52" dir="0" index="0" bw="4" slack="0"/>
<pin id="53" dir="0" index="1" bw="32" slack="2147483647"/>
<pin id="54" dir="0" index="2" bw="0" slack="2147483647"/>
<pin id="55" dir="1" index="3" bw="32" slack="1"/>
</pin_list>
<bind>
<opcode="load(27) " fcode="load"/>
<opset="x_buf_load/1 "/>
</bind>
</comp>

<comp id="57" class="1004" name="weights_addr_gep_fu_57">
<pin_list>
<pin id="58" dir="0" index="0" bw="32" slack="0"/>
<pin id="59" dir="0" index="1" bw="1" slack="0"/>
<pin id="60" dir="0" index="2" bw="5" slack="0"/>
<pin id="61" dir="1" index="3" bw="4" slack="4"/>
</pin_list>
<bind>
<opcode="getelementptr(29) " fcode="getelementptr"/>
<opset="weights_addr/1 "/>
</bind>
</comp>

<comp id="64" class="1004" name="grp_access_fu_64">
<pin_list>
<pin id="65" dir="0" index="0" bw="4" slack="11"/>
<pin id="66" dir="0" index="1" bw="32" slack="1"/>
<pin id="67" dir="0" index="2" bw="0" slack="4"/>
<pin id="69" dir="0" index="4" bw="4" slack="2147483647"/>
<pin id="70" dir="0" index="5" bw="32" slack="2147483647"/>
<pin id="71" dir="0" index="6" bw="0" slack="2147483647"/>
<pin id="68" dir="1" index="3" bw="32" slack="2147483647"/>
<pin id="72" dir="1" index="7" bw="32" slack="1"/>
</pin_list>
<bind>
<opcode="load(27) store(28) " fcode="store"/>
<opset="weights_load/5 store_ln50/12 "/>
</bind>
</comp>

<comp id="73" class="1004" name="grp_fu_73">
<pin_list>
<pin id="74" dir="0" index="0" bw="32" slack="1"/>
<pin id="75" dir="0" index="1" bw="32" slack="1"/>
<pin id="76" dir="1" index="2" bw="32" slack="1"/>
</pin_list>
<bind>
<opcode="fadd(9) " fcode="fadd"/>
<opset="add/7 "/>
</bind>
</comp>

<comp id="77" class="1004" name="grp_fu_77">
<pin_list>
<pin id="78" dir="0" index="0" bw="32" slack="2"/>
<pin id="79" dir="0" index="1" bw="32" slack="1"/>
<pin id="80" dir="1" index="2" bw="32" slack="1"/>
</pin_list>
<bind>
<opcode="fmul(13) " fcode="fmul"/>
<opset="mul2/3 "/>
</bind>
</comp>

<comp id="81" class="1004" name="store_ln48_store_fu_81">
<pin_list>
<pin id="82" dir="0" index="0" bw="1" slack="0"/>
<pin id="83" dir="0" index="1" bw="5" slack="0"/>
<pin id="84" dir="1" index="2" bw="0" slack="2147483647"/>
</pin_list>
<bind>
<opcode="store(28) " fcode="store"/>
<opset="store_ln48/1 "/>
</bind>
</comp>

<comp id="86" class="1004" name="i_1_load_fu_86">
<pin_list>
<pin id="87" dir="0" index="0" bw="5" slack="0"/>
<pin id="88" dir="1" index="1" bw="5" slack="0"/>
</pin_list>
<bind>
<opcode="load(27) " fcode="load"/>
<opset="i_1/1 "/>
</bind>
</comp>

<comp id="89" class="1004" name="icmp_ln48_fu_89">
<pin_list>
<pin id="90" dir="0" index="0" bw="5" slack="0"/>
<pin id="91" dir="0" index="1" bw="5" slack="0"/>
<pin id="92" dir="1" index="2" bw="1" slack="10"/>
</pin_list>
<bind>
<opcode="icmp(45) " fcode="icmp"/>
<opset="icmp_ln48/1 "/>
</bind>
</comp>

<comp id="95" class="1004" name="add_ln48_fu_95">
<pin_list>
<pin id="96" dir="0" index="0" bw="5" slack="0"/>
<pin id="97" dir="0" index="1" bw="1" slack="0"/>
<pin id="98" dir="1" index="2" bw="5" slack="0"/>
</pin_list>
<bind>
<opcode="add(8) " fcode="add"/>
<opset="add_ln48/1 "/>
</bind>
</comp>

<comp id="101" class="1004" name="zext_ln48_fu_101">
<pin_list>
<pin id="102" dir="0" index="0" bw="5" slack="0"/>
<pin id="103" dir="1" index="1" bw="64" slack="0"/>
</pin_list>
<bind>
<opcode="zext(34) " fcode="zext"/>
<opset="zext_ln48/1 "/>
</bind>
</comp>

<comp id="107" class="1004" name="store_ln48_store_fu_107">
<pin_list>
<pin id="108" dir="0" index="0" bw="5" slack="0"/>
<pin id="109" dir="0" index="1" bw="5" slack="0"/>
<pin id="110" dir="1" index="2" bw="0" slack="2147483647"/>
</pin_list>
<bind>
<opcode="store(28) " fcode="store"/>
<opset="store_ln48/1 "/>
</bind>
</comp>

<comp id="112" class="1005" name="i_reg_112">
<pin_list>
<pin id="113" dir="0" index="0" bw="5" slack="0"/>
<pin id="114" dir="1" index="1" bw="5" slack="0"/>
</pin_list>
<bind>
<opset="i "/>
</bind>
</comp>

<comp id="119" class="1005" name="mul1_read_reg_119">
<pin_list>
<pin id="120" dir="0" index="0" bw="32" slack="2"/>
<pin id="121" dir="1" index="1" bw="32" slack="2"/>
</pin_list>
<bind>
<opset="mul1_read "/>
</bind>
</comp>

<comp id="124" class="1005" name="icmp_ln48_reg_124">
<pin_list>
<pin id="125" dir="0" index="0" bw="1" slack="10"/>
<pin id="126" dir="1" index="1" bw="1" slack="2147483647"/>
</pin_list>
<bind>
<opset="icmp_ln48 "/>
</bind>
</comp>

<comp id="128" class="1005" name="x_buf_addr_reg_128">
<pin_list>
<pin id="129" dir="0" index="0" bw="4" slack="1"/>
<pin id="130" dir="1" index="1" bw="4" slack="1"/>
</pin_list>
<bind>
<opset="x_buf_addr "/>
</bind>
</comp>

<comp id="133" class="1005" name="weights_addr_reg_133">
<pin_list>
<pin id="134" dir="0" index="0" bw="4" slack="4"/>
<pin id="135" dir="1" index="1" bw="4" slack="4"/>
</pin_list>
<bind>
<opset="weights_addr "/>
</bind>
</comp>

<comp id="139" class="1005" name="x_buf_load_reg_139">
<pin_list>
<pin id="140" dir="0" index="0" bw="32" slack="1"/>
<pin id="141" dir="1" index="1" bw="32" slack="1"/>
</pin_list>
<bind>
<opset="x_buf_load "/>
</bind>
</comp>

<comp id="144" class="1005" name="mul2_reg_144">
<pin_list>
<pin id="145" dir="0" index="0" bw="32" slack="1"/>
<pin id="146" dir="1" index="1" bw="32" slack="1"/>
</pin_list>
<bind>
<opset="mul2 "/>
</bind>
</comp>

<comp id="149" class="1005" name="weights_load_reg_149">
<pin_list>
<pin id="150" dir="0" index="0" bw="32" slack="1"/>
<pin id="151" dir="1" index="1" bw="32" slack="1"/>
</pin_list>
<bind>
<opset="weights_load "/>
</bind>
</comp>

<comp id="154" class="1005" name="add_reg_154">
<pin_list>
<pin id="155" dir="0" index="0" bw="32" slack="1"/>
<pin id="156" dir="1" index="1" bw="32" slack="1"/>
</pin_list>
<bind>
<opset="add "/>
</bind>
</comp>

</comp_list>

<net_list>
<net id="37"><net_src comp="6" pin="0"/><net_sink comp="34" pin=0"/></net>

<net id="42"><net_src comp="8" pin="0"/><net_sink comp="38" pin=0"/></net>

<net id="43"><net_src comp="0" pin="0"/><net_sink comp="38" pin=1"/></net>

<net id="49"><net_src comp="2" pin="0"/><net_sink comp="44" pin=0"/></net>

<net id="50"><net_src comp="16" pin="0"/><net_sink comp="44" pin=1"/></net>

<net id="56"><net_src comp="44" pin="3"/><net_sink comp="51" pin=0"/></net>

<net id="62"><net_src comp="4" pin="0"/><net_sink comp="57" pin=0"/></net>

<net id="63"><net_src comp="16" pin="0"/><net_sink comp="57" pin=1"/></net>

<net id="85"><net_src comp="10" pin="0"/><net_sink comp="81" pin=0"/></net>

<net id="93"><net_src comp="86" pin="1"/><net_sink comp="89" pin=0"/></net>

<net id="94"><net_src comp="12" pin="0"/><net_sink comp="89" pin=1"/></net>

<net id="99"><net_src comp="86" pin="1"/><net_sink comp="95" pin=0"/></net>

<net id="100"><net_src comp="14" pin="0"/><net_sink comp="95" pin=1"/></net>

<net id="104"><net_src comp="86" pin="1"/><net_sink comp="101" pin=0"/></net>

<net id="105"><net_src comp="101" pin="1"/><net_sink comp="44" pin=2"/></net>

<net id="106"><net_src comp="101" pin="1"/><net_sink comp="57" pin=2"/></net>

<net id="111"><net_src comp="95" pin="2"/><net_sink comp="107" pin=0"/></net>

<net id="115"><net_src comp="34" pin="1"/><net_sink comp="112" pin=0"/></net>

<net id="116"><net_src comp="112" pin="1"/><net_sink comp="81" pin=1"/></net>

<net id="117"><net_src comp="112" pin="1"/><net_sink comp="86" pin=0"/></net>

<net id="118"><net_src comp="112" pin="1"/><net_sink comp="107" pin=1"/></net>

<net id="122"><net_src comp="38" pin="2"/><net_sink comp="119" pin=0"/></net>

<net id="123"><net_src comp="119" pin="1"/><net_sink comp="77" pin=0"/></net>

<net id="127"><net_src comp="89" pin="2"/><net_sink comp="124" pin=0"/></net>

<net id="131"><net_src comp="44" pin="3"/><net_sink comp="128" pin=0"/></net>

<net id="132"><net_src comp="128" pin="1"/><net_sink comp="51" pin=0"/></net>

<net id="136"><net_src comp="57" pin="3"/><net_sink comp="133" pin=0"/></net>

<net id="137"><net_src comp="133" pin="1"/><net_sink comp="64" pin=2"/></net>

<net id="138"><net_src comp="133" pin="1"/><net_sink comp="64" pin=0"/></net>

<net id="142"><net_src comp="51" pin="3"/><net_sink comp="139" pin=0"/></net>

<net id="143"><net_src comp="139" pin="1"/><net_sink comp="77" pin=1"/></net>

<net id="147"><net_src comp="77" pin="2"/><net_sink comp="144" pin=0"/></net>

<net id="148"><net_src comp="144" pin="1"/><net_sink comp="73" pin=1"/></net>

<net id="152"><net_src comp="64" pin="7"/><net_sink comp="149" pin=0"/></net>

<net id="153"><net_src comp="149" pin="1"/><net_sink comp="73" pin=0"/></net>

<net id="157"><net_src comp="73" pin="2"/><net_sink comp="154" pin=0"/></net>

<net id="158"><net_src comp="154" pin="1"/><net_sink comp="64" pin=1"/></net>

</net_list>

</model> 
---------------- Datapath Model END ------------------

* FSMD analyzer results:
  - Output states:
	Port: x_buf | {}
	Port: weights | {12 }
 - Input state : 
	Port: lms_filter_Pipeline_VITIS_LOOP_48_3 : mul1 | {1 }
	Port: lms_filter_Pipeline_VITIS_LOOP_48_3 : x_buf | {1 2 }
	Port: lms_filter_Pipeline_VITIS_LOOP_48_3 : weights | {5 6 }
  - Chain level:
	State 1
		store_ln48 : 1
		i_1 : 1
		icmp_ln48 : 2
		add_ln48 : 2
		br_ln48 : 3
		zext_ln48 : 2
		x_buf_addr : 3
		x_buf_load : 4
		weights_addr : 3
		store_ln48 : 3
	State 2
	State 3
	State 4
	State 5
	State 6
	State 7
	State 8
	State 9
	State 10
	State 11
	State 12


============================================================
+ Verbose Summary: Datapath Resource usage 
============================================================

* Functional unit list:
|----------|----------------------|---------|---------|---------|
| Operation|    Functional Unit   |   DSP   |    FF   |   LUT   |
|----------|----------------------|---------|---------|---------|
|   fadd   |       grp_fu_73      |    2    |   205   |   390   |
|----------|----------------------|---------|---------|---------|
|   fmul   |       grp_fu_77      |    3    |   143   |   321   |
|----------|----------------------|---------|---------|---------|
|   icmp   |    icmp_ln48_fu_89   |    0    |    0    |    13   |
|----------|----------------------|---------|---------|---------|
|    add   |    add_ln48_fu_95    |    0    |    0    |    13   |
|----------|----------------------|---------|---------|---------|
|   read   | mul1_read_read_fu_38 |    0    |    0    |    0    |
|----------|----------------------|---------|---------|---------|
|   zext   |   zext_ln48_fu_101   |    0    |    0    |    0    |
|----------|----------------------|---------|---------|---------|
|   Total  |                      |    5    |   348   |   737   |
|----------|----------------------|---------|---------|---------|

Memories:
N/A

* Register list:
+--------------------+--------+
|                    |   FF   |
+--------------------+--------+
|     add_reg_154    |   32   |
|      i_reg_112     |    5   |
|  icmp_ln48_reg_124 |    1   |
|  mul1_read_reg_119 |   32   |
|    mul2_reg_144    |   32   |
|weights_addr_reg_133|    4   |
|weights_load_reg_149|   32   |
| x_buf_addr_reg_128 |    4   |
| x_buf_load_reg_139 |   32   |
+--------------------+--------+
|        Total       |   174  |
+--------------------+--------+

* Multiplexer (MUX) list: 
|------------------|------|------|------|--------||---------||---------||---------|
|       Comp       |  Pin | Size |  BW  | S x BW ||  Delay  ||    FF   ||   LUT   |
|------------------|------|------|------|--------||---------||---------||---------|
| grp_access_fu_51 |  p0  |   2  |   4  |    8   ||    0    ||    9    |
|------------------|------|------|------|--------||---------||---------||---------|
|       Total      |      |      |      |    8   ||  1.588  ||    0    ||    9    |
|------------------|------|------|------|--------||---------||---------||---------|



* Summary:
+-----------+--------+--------+--------+--------+
|           |   DSP  |  Delay |   FF   |   LUT  |
+-----------+--------+--------+--------+--------+
|  Function |    5   |    -   |   348  |   737  |
|   Memory  |    -   |    -   |    -   |    -   |
|Multiplexer|    -   |    1   |    0   |    9   |
|  Register |    -   |    -   |   174  |    -   |
+-----------+--------+--------+--------+--------+
|   Total   |    5   |    1   |   522  |   746  |
+-----------+--------+--------+--------+--------+
