

================================================================
== Vitis HLS Report for 'lms_filter'
================================================================
* Date:           Sun Apr 26 14:51:11 2026

* Version:        2025.2 (Build 6295257 on Nov 14 2025)
* Project:        lms_filter
* Solution:       hls (Vivado IP Flow Target)
* Product family: zynq
* Target device:  xc7z007s-clg400-1


================================================================
== Performance Estimates
================================================================
+ Timing: 
    * Summary: 
    +--------+----------+-----------+------------+
    |  Clock |  Target  | Estimated | Uncertainty|
    +--------+----------+-----------+------------+
    |ap_clk  |  10.00 ns|  46.744 ns|     2.70 ns|
    +--------+----------+-----------+------------+

+ Latency: 
    * Summary: 
    +---------+---------+-----------+----------+-----+-----+---------+
    |  Latency (cycles) |  Latency (absolute)  |  Interval | Pipeline|
    |   min   |   max   |    min    |    max   | min | max |   Type  |
    +---------+---------+-----------+----------+-----+-----+---------+
    |        1|       92|  46.744 ns|  4.300 us|    2|   93|       no|
    +---------+---------+-----------+----------+-----+-----+---------+

    + Detail: 
        * Instance: 
        N/A

        * Loop: 
        N/A

============================================================
+ Verbose Summary: Synthesis Manager
============================================================
InlineROM: 1
ExposeGlobal: 0
============================================================
+ Verbose Summary: CDFG Model
============================================================
IsTopModel: 1
ResetActiveHigh: 1
IsCombinational: 0
IsDatapathOnly: 0
HasWiredReturn: 1
HasMFsm: 0
HasVarLatency: 1
IsPipeline: 0
IsRtlPipelined: 0
IsInstanceOverlapped: 0
IsDontTouch: 0
HasImplIP: 0
IsGatedGlobalClock: 0


============================================================
+ Verbose Summary: Schedule
============================================================
* Number of FSM states : 25
* Pipeline : 0
* Dataflow Pipeline: 0

* FSM state transitions: 
1 --> 25 2 
2 --> 3 
3 --> 4 
4 --> 5 
5 --> 6 
6 --> 7 
7 --> 8 
8 --> 9 
9 --> 10 
10 --> 11 
11 --> 12 
12 --> 13 
13 --> 14 
14 --> 15 
15 --> 16 
16 --> 17 
17 --> 18 
18 --> 19 
19 --> 20 
20 --> 21 
21 --> 22 
22 --> 23 
23 --> 24 
24 --> 25 
25 --> 

* FSM state operations: 

State 1 <SV = 0> <Delay = 3.14>
ST_1 : Operation 26 [1/1] (0.00ns)   --->   "%add255_loc = alloca i64 1"   --->   Operation 26 'alloca' 'add255_loc' <Predicate = true> <Delay = 0.00>
ST_1 : Operation 27 [1/1] (0.00ns)   --->   "%spectopmodule_ln12 = spectopmodule void @_ssdm_op_SpecTopModule, void @empty_6" [../lms_filter.cpp:12]   --->   Operation 27 'spectopmodule' 'spectopmodule_ln12' <Predicate = true> <Delay = 0.00>
ST_1 : Operation 28 [1/1] (0.00ns)   --->   "%specinterface_ln12 = specinterface void @_ssdm_op_SpecInterface, i32 0, void @empty_7, i32 0, i32 0, void @empty_1, i32 0, i32 0, void @empty_1, void @empty_1, void @empty_1, i32 0, i32 0, i32 0, i32 0, void @empty_1, void @empty_1, i32 4294967295, i32 0, i32 0, i32 0" [../lms_filter.cpp:12]   --->   Operation 28 'specinterface' 'specinterface_ln12' <Predicate = true> <Delay = 0.00>
ST_1 : Operation 29 [1/1] (0.00ns)   --->   "%specinterface_ln0 = specinterface void @_ssdm_op_SpecInterface, i8 %x_in_V_data_V, i1 %x_in_V_keep_V, i1 %x_in_V_strb_V, i1 %x_in_V_last_V, void @empty, i32 1, i32 1, void @empty_0, i32 0, i32 0, void @empty_1, void @empty_1, void @empty_1, i32 0, i32 0, i32 0, i32 0, void @empty_1, void @empty_1, i32 4294967295, i32 0, i32 0, i32 0"   --->   Operation 29 'specinterface' 'specinterface_ln0' <Predicate = true> <Delay = 0.00>
ST_1 : Operation 30 [1/1] (0.00ns)   --->   "%specbitsmap_ln0 = specbitsmap void @_ssdm_op_SpecBitsMap, i8 %x_in_V_data_V"   --->   Operation 30 'specbitsmap' 'specbitsmap_ln0' <Predicate = true> <Delay = 0.00>
ST_1 : Operation 31 [1/1] (0.00ns)   --->   "%specbitsmap_ln0 = specbitsmap void @_ssdm_op_SpecBitsMap, i1 %x_in_V_keep_V"   --->   Operation 31 'specbitsmap' 'specbitsmap_ln0' <Predicate = true> <Delay = 0.00>
ST_1 : Operation 32 [1/1] (0.00ns)   --->   "%specbitsmap_ln0 = specbitsmap void @_ssdm_op_SpecBitsMap, i1 %x_in_V_strb_V"   --->   Operation 32 'specbitsmap' 'specbitsmap_ln0' <Predicate = true> <Delay = 0.00>
ST_1 : Operation 33 [1/1] (0.00ns)   --->   "%specbitsmap_ln0 = specbitsmap void @_ssdm_op_SpecBitsMap, i1 %x_in_V_last_V"   --->   Operation 33 'specbitsmap' 'specbitsmap_ln0' <Predicate = true> <Delay = 0.00>
ST_1 : Operation 34 [1/1] (0.00ns)   --->   "%specinterface_ln0 = specinterface void @_ssdm_op_SpecInterface, i8 %d_in_V_data_V, i1 %d_in_V_keep_V, i1 %d_in_V_strb_V, i1 %d_in_V_last_V, void @empty, i32 1, i32 1, void @empty_0, i32 0, i32 0, void @empty_1, void @empty_1, void @empty_1, i32 0, i32 0, i32 0, i32 0, void @empty_1, void @empty_1, i32 4294967295, i32 0, i32 0, i32 0"   --->   Operation 34 'specinterface' 'specinterface_ln0' <Predicate = true> <Delay = 0.00>
ST_1 : Operation 35 [1/1] (0.00ns)   --->   "%specbitsmap_ln0 = specbitsmap void @_ssdm_op_SpecBitsMap, i8 %d_in_V_data_V"   --->   Operation 35 'specbitsmap' 'specbitsmap_ln0' <Predicate = true> <Delay = 0.00>
ST_1 : Operation 36 [1/1] (0.00ns)   --->   "%specbitsmap_ln0 = specbitsmap void @_ssdm_op_SpecBitsMap, i1 %d_in_V_keep_V"   --->   Operation 36 'specbitsmap' 'specbitsmap_ln0' <Predicate = true> <Delay = 0.00>
ST_1 : Operation 37 [1/1] (0.00ns)   --->   "%specbitsmap_ln0 = specbitsmap void @_ssdm_op_SpecBitsMap, i1 %d_in_V_strb_V"   --->   Operation 37 'specbitsmap' 'specbitsmap_ln0' <Predicate = true> <Delay = 0.00>
ST_1 : Operation 38 [1/1] (0.00ns)   --->   "%specbitsmap_ln0 = specbitsmap void @_ssdm_op_SpecBitsMap, i1 %d_in_V_last_V"   --->   Operation 38 'specbitsmap' 'specbitsmap_ln0' <Predicate = true> <Delay = 0.00>
ST_1 : Operation 39 [1/1] (0.00ns)   --->   "%specinterface_ln0 = specinterface void @_ssdm_op_SpecInterface, i32 %e_out_V_data_V, i4 %e_out_V_keep_V, i4 %e_out_V_strb_V, i1 %e_out_V_last_V, void @empty, i32 1, i32 1, void @empty_0, i32 0, i32 0, void @empty_1, void @empty_1, void @empty_1, i32 0, i32 0, i32 0, i32 0, void @empty_1, void @empty_1, i32 4294967295, i32 0, i32 0, i32 0"   --->   Operation 39 'specinterface' 'specinterface_ln0' <Predicate = true> <Delay = 0.00>
ST_1 : Operation 40 [1/1] (0.00ns)   --->   "%specbitsmap_ln0 = specbitsmap void @_ssdm_op_SpecBitsMap, i32 %e_out_V_data_V"   --->   Operation 40 'specbitsmap' 'specbitsmap_ln0' <Predicate = true> <Delay = 0.00>
ST_1 : Operation 41 [1/1] (0.00ns)   --->   "%specbitsmap_ln0 = specbitsmap void @_ssdm_op_SpecBitsMap, i4 %e_out_V_keep_V"   --->   Operation 41 'specbitsmap' 'specbitsmap_ln0' <Predicate = true> <Delay = 0.00>
ST_1 : Operation 42 [1/1] (0.00ns)   --->   "%specbitsmap_ln0 = specbitsmap void @_ssdm_op_SpecBitsMap, i4 %e_out_V_strb_V"   --->   Operation 42 'specbitsmap' 'specbitsmap_ln0' <Predicate = true> <Delay = 0.00>
ST_1 : Operation 43 [1/1] (0.00ns)   --->   "%specbitsmap_ln0 = specbitsmap void @_ssdm_op_SpecBitsMap, i1 %e_out_V_last_V"   --->   Operation 43 'specbitsmap' 'specbitsmap_ln0' <Predicate = true> <Delay = 0.00>
ST_1 : Operation 44 [1/1] (0.00ns)   --->   "%specinterface_ln0 = specinterface void @_ssdm_op_SpecInterface, i32 %y_out_V_data_V, i4 %y_out_V_keep_V, i4 %y_out_V_strb_V, i1 %y_out_V_last_V, void @empty, i32 1, i32 1, void @empty_0, i32 0, i32 0, void @empty_1, void @empty_1, void @empty_1, i32 0, i32 0, i32 0, i32 0, void @empty_1, void @empty_1, i32 4294967295, i32 0, i32 0, i32 0"   --->   Operation 44 'specinterface' 'specinterface_ln0' <Predicate = true> <Delay = 0.00>
ST_1 : Operation 45 [1/1] (0.00ns)   --->   "%specbitsmap_ln0 = specbitsmap void @_ssdm_op_SpecBitsMap, i32 %y_out_V_data_V"   --->   Operation 45 'specbitsmap' 'specbitsmap_ln0' <Predicate = true> <Delay = 0.00>
ST_1 : Operation 46 [1/1] (0.00ns)   --->   "%specbitsmap_ln0 = specbitsmap void @_ssdm_op_SpecBitsMap, i4 %y_out_V_keep_V"   --->   Operation 46 'specbitsmap' 'specbitsmap_ln0' <Predicate = true> <Delay = 0.00>
ST_1 : Operation 47 [1/1] (0.00ns)   --->   "%specbitsmap_ln0 = specbitsmap void @_ssdm_op_SpecBitsMap, i4 %y_out_V_strb_V"   --->   Operation 47 'specbitsmap' 'specbitsmap_ln0' <Predicate = true> <Delay = 0.00>
ST_1 : Operation 48 [1/1] (0.00ns)   --->   "%specbitsmap_ln0 = specbitsmap void @_ssdm_op_SpecBitsMap, i1 %y_out_V_last_V"   --->   Operation 48 'specbitsmap' 'specbitsmap_ln0' <Predicate = true> <Delay = 0.00>
ST_1 : Operation 49 [1/1] ( I:1.57ns O:1.57ns )   --->   "%tmp = nbreadreq i1 @_ssdm_op_NbReadReq.axis.i8P0A.i1P0A.i1P0A.i1P0A, i8 %x_in_V_data_V, i1 %x_in_V_keep_V, i1 %x_in_V_strb_V, i1 %x_in_V_last_V, i32 1" [../lms_filter.cpp:24]   --->   Operation 49 'nbreadreq' 'tmp' <Predicate = true> <Delay = 1.57> <CoreInst = "regslice">   --->   Core 135 'regslice' <Latency = 0> <II = 1> <Delay = 2.22> <Adapter> <Opcode : 'read' 'write'>
ST_1 : Operation 50 [1/1] (0.00ns)   --->   "%specaxissidechannel_ln24 = specaxissidechannel void @_ssdm_op_SpecAXISSideChannel, i32 %e_out_V_data_V, i4 %e_out_V_keep_V, i4 %e_out_V_strb_V, i1 0, i1 %e_out_V_last_V, i1 0, i1 0, void @empty_2" [../lms_filter.cpp:24]   --->   Operation 50 'specaxissidechannel' 'specaxissidechannel_ln24' <Predicate = true> <Delay = 0.00>
ST_1 : Operation 51 [1/1] (0.00ns)   --->   "%specaxissidechannel_ln24 = specaxissidechannel void @_ssdm_op_SpecAXISSideChannel, i32 %y_out_V_data_V, i4 %y_out_V_keep_V, i4 %y_out_V_strb_V, i1 0, i1 %y_out_V_last_V, i1 0, i1 0, void @empty_3" [../lms_filter.cpp:24]   --->   Operation 51 'specaxissidechannel' 'specaxissidechannel_ln24' <Predicate = true> <Delay = 0.00>
ST_1 : Operation 52 [1/1] (0.00ns)   --->   "%specaxissidechannel_ln24 = specaxissidechannel void @_ssdm_op_SpecAXISSideChannel, i8 %d_in_V_data_V, i1 %d_in_V_keep_V, i1 %d_in_V_strb_V, i1 0, i1 %d_in_V_last_V, i1 0, i1 0, void @empty_4" [../lms_filter.cpp:24]   --->   Operation 52 'specaxissidechannel' 'specaxissidechannel_ln24' <Predicate = true> <Delay = 0.00>
ST_1 : Operation 53 [1/1] (0.00ns)   --->   "%specaxissidechannel_ln24 = specaxissidechannel void @_ssdm_op_SpecAXISSideChannel, i8 %x_in_V_data_V, i1 %x_in_V_keep_V, i1 %x_in_V_strb_V, i1 0, i1 %x_in_V_last_V, i1 0, i1 0, void @empty_5" [../lms_filter.cpp:24]   --->   Operation 53 'specaxissidechannel' 'specaxissidechannel_ln24' <Predicate = true> <Delay = 0.00>
ST_1 : Operation 54 [1/1] (0.00ns)   --->   "%br_ln24 = br i1 %tmp, void %if.end, void %land.lhs.true" [../lms_filter.cpp:24]   --->   Operation 54 'br' 'br_ln24' <Predicate = true> <Delay = 0.00>
ST_1 : Operation 55 [1/1] ( I:1.57ns O:1.57ns )   --->   "%tmp_1 = nbreadreq i1 @_ssdm_op_NbReadReq.axis.i8P0A.i1P0A.i1P0A.i1P0A, i8 %d_in_V_data_V, i1 %d_in_V_keep_V, i1 %d_in_V_strb_V, i1 %d_in_V_last_V, i32 1" [../lms_filter.cpp:24]   --->   Operation 55 'nbreadreq' 'tmp_1' <Predicate = (tmp)> <Delay = 1.57> <CoreInst = "regslice">   --->   Core 135 'regslice' <Latency = 0> <II = 1> <Delay = 2.22> <Adapter> <Opcode : 'read' 'write'>
ST_1 : Operation 56 [1/1] (0.00ns)   --->   "%br_ln24 = br i1 %tmp_1, void %if.end, void %if.then" [../lms_filter.cpp:24]   --->   Operation 56 'br' 'br_ln24' <Predicate = (tmp)> <Delay = 0.00>
ST_1 : Operation 57 [1/1] ( I:0.51ns O:0.51ns )   --->   "%empty = read i11 @_ssdm_op_Read.axis.volatile.i8P0A.i1P0A.i1P0A.i1P0A, i8 %x_in_V_data_V, i1 %x_in_V_keep_V, i1 %x_in_V_strb_V, i1 %x_in_V_last_V" [../lms_filter.cpp:25]   --->   Operation 57 'read' 'empty' <Predicate = (tmp & tmp_1)> <Delay = 0.51> <CoreInst = "regslice">   --->   Core 135 'regslice' <Latency = 0> <II = 1> <Delay = 2.22> <Adapter> <Opcode : 'read' 'write'>
ST_1 : Operation 58 [1/1] (0.00ns)   --->   "%pkt_x_data = extractvalue i11 %empty" [../lms_filter.cpp:25]   --->   Operation 58 'extractvalue' 'pkt_x_data' <Predicate = (tmp & tmp_1)> <Delay = 0.00>
ST_1 : Operation 59 [1/1] (0.00ns) (grouped into LUT with out node or_ln60)   --->   "%pkt_x_last = extractvalue i11 %empty" [../lms_filter.cpp:25]   --->   Operation 59 'extractvalue' 'pkt_x_last' <Predicate = (tmp & tmp_1)> <Delay = 0.00>
ST_1 : Operation 60 [1/1] ( I:0.51ns O:0.51ns )   --->   "%empty_14 = read i11 @_ssdm_op_Read.axis.volatile.i8P0A.i1P0A.i1P0A.i1P0A, i8 %d_in_V_data_V, i1 %d_in_V_keep_V, i1 %d_in_V_strb_V, i1 %d_in_V_last_V" [../lms_filter.cpp:26]   --->   Operation 60 'read' 'empty_14' <Predicate = (tmp & tmp_1)> <Delay = 0.51> <CoreInst = "regslice">   --->   Core 135 'regslice' <Latency = 0> <II = 1> <Delay = 2.22> <Adapter> <Opcode : 'read' 'write'>
ST_1 : Operation 61 [1/1] (0.00ns)   --->   "%pkt_d_data = extractvalue i11 %empty_14" [../lms_filter.cpp:26]   --->   Operation 61 'extractvalue' 'pkt_d_data' <Predicate = (tmp & tmp_1)> <Delay = 0.00>
ST_1 : Operation 62 [1/1] (0.00ns) (grouped into LUT with out node or_ln60)   --->   "%pkt_d_last = extractvalue i11 %empty_14" [../lms_filter.cpp:26]   --->   Operation 62 'extractvalue' 'pkt_d_last' <Predicate = (tmp & tmp_1)> <Delay = 0.00>
ST_1 : Operation 63 [2/2] (0.00ns)   --->   "%call_ln0 = call void @lms_filter_Pipeline_VITIS_LOOP_33_1, i32 %x_buf"   --->   Operation 63 'call' 'call_ln0' <Predicate = (tmp & tmp_1)> <Delay = 0.00> <CoreType = "Generic">   --->   Generic Core
ST_1 : Operation 64 [1/1] (0.00ns)   --->   "%bit_sel = bitselect i1 @_ssdm_op_BitSelect.i1.i8.i8, i8 %pkt_x_data, i8 7" [../lms_filter.cpp:29]   --->   Operation 64 'bitselect' 'bit_sel' <Predicate = (tmp & tmp_1)> <Delay = 0.00>
ST_1 : Operation 65 [1/1] (0.97ns)   --->   "%xor_ln29 = xor i1 %bit_sel, i1 1" [../lms_filter.cpp:29]   --->   Operation 65 'xor' 'xor_ln29' <Predicate = (tmp & tmp_1)> <Delay = 0.97> <CoreInst = "LogicGate">   --->   Core 74 'LogicGate' <Latency = 0> <II = 1> <Delay = 0.97> <FuncUnit> <Opcode : 'and' 'or' 'xor'> <InPorts = 2> <OutPorts = 1>
ST_1 : Operation 66 [1/1] (0.00ns)   --->   "%trunc_ln29 = trunc i8 %pkt_x_data" [../lms_filter.cpp:29]   --->   Operation 66 'trunc' 'trunc_ln29' <Predicate = (tmp & tmp_1)> <Delay = 0.00>
ST_1 : Operation 67 [1/1] (0.00ns)   --->   "%bit_sel1 = bitselect i1 @_ssdm_op_BitSelect.i1.i8.i8, i8 %pkt_d_data, i8 7" [../lms_filter.cpp:30]   --->   Operation 67 'bitselect' 'bit_sel1' <Predicate = (tmp & tmp_1)> <Delay = 0.00>
ST_1 : Operation 68 [1/1] (0.00ns)   --->   "%trunc_ln30 = trunc i8 %pkt_d_data" [../lms_filter.cpp:30]   --->   Operation 68 'trunc' 'trunc_ln30' <Predicate = (tmp & tmp_1)> <Delay = 0.00>
ST_1 : Operation 69 [1/1] (0.97ns) (out node of the LUT)   --->   "%or_ln60 = or i1 %pkt_x_last, i1 %pkt_d_last" [../lms_filter.cpp:60]   --->   Operation 69 'or' 'or_ln60' <Predicate = (tmp & tmp_1)> <Delay = 0.97> <CoreInst = "LogicGate">   --->   Core 74 'LogicGate' <Latency = 0> <II = 1> <Delay = 0.97> <FuncUnit> <Opcode : 'and' 'or' 'xor'> <InPorts = 2> <OutPorts = 1>

State 2 <SV = 1> <Delay = 6.41>
ST_2 : Operation 70 [1/2] (4.91ns)   --->   "%call_ln0 = call void @lms_filter_Pipeline_VITIS_LOOP_33_1, i32 %x_buf"   --->   Operation 70 'call' 'call_ln0' <Predicate = true> <Delay = 4.91> <CoreType = "Generic">   --->   Generic Core
ST_2 : Operation 71 [1/1] (0.00ns)   --->   "%xor_ln = bitconcatenate i8 @_ssdm_op_BitConcatenate.i8.i1.i7, i1 %xor_ln29, i7 %trunc_ln29" [../lms_filter.cpp:29]   --->   Operation 71 'bitconcatenate' 'xor_ln' <Predicate = true> <Delay = 0.00>
ST_2 : Operation 72 [1/1] (0.00ns)   --->   "%sext_ln29 = sext i8 %xor_ln" [../lms_filter.cpp:29]   --->   Operation 72 'sext' 'sext_ln29' <Predicate = true> <Delay = 0.00>
ST_2 : Operation 73 [6/6] (6.41ns)   --->   "%conv3 = sitofp i32 %sext_ln29" [../lms_filter.cpp:29]   --->   Operation 73 'sitofp' 'conv3' <Predicate = true> <Delay = 6.41> <CoreInst = "Int2Float">   --->   Core 62 'Int2Float' <Latency = 5> <II = 1> <Delay = 6.41> <FuncUnit> <Opcode : 'uitofp' 'sitofp'> <InPorts = 1> <OutPorts = 1>

State 3 <SV = 2> <Delay = 6.41>
ST_3 : Operation 74 [5/6] (6.41ns)   --->   "%conv3 = sitofp i32 %sext_ln29" [../lms_filter.cpp:29]   --->   Operation 74 'sitofp' 'conv3' <Predicate = true> <Delay = 6.41> <CoreInst = "Int2Float">   --->   Core 62 'Int2Float' <Latency = 5> <II = 1> <Delay = 6.41> <FuncUnit> <Opcode : 'uitofp' 'sitofp'> <InPorts = 1> <OutPorts = 1>

State 4 <SV = 3> <Delay = 6.41>
ST_4 : Operation 75 [4/6] (6.41ns)   --->   "%conv3 = sitofp i32 %sext_ln29" [../lms_filter.cpp:29]   --->   Operation 75 'sitofp' 'conv3' <Predicate = true> <Delay = 6.41> <CoreInst = "Int2Float">   --->   Core 62 'Int2Float' <Latency = 5> <II = 1> <Delay = 6.41> <FuncUnit> <Opcode : 'uitofp' 'sitofp'> <InPorts = 1> <OutPorts = 1>
ST_4 : Operation 76 [1/1] (0.97ns)   --->   "%xor_ln30 = xor i1 %bit_sel1, i1 1" [../lms_filter.cpp:30]   --->   Operation 76 'xor' 'xor_ln30' <Predicate = true> <Delay = 0.97> <CoreInst = "LogicGate">   --->   Core 74 'LogicGate' <Latency = 0> <II = 1> <Delay = 0.97> <FuncUnit> <Opcode : 'and' 'or' 'xor'> <InPorts = 2> <OutPorts = 1>

State 5 <SV = 4> <Delay = 6.41>
ST_5 : Operation 77 [3/6] (6.41ns)   --->   "%conv3 = sitofp i32 %sext_ln29" [../lms_filter.cpp:29]   --->   Operation 77 'sitofp' 'conv3' <Predicate = true> <Delay = 6.41> <CoreInst = "Int2Float">   --->   Core 62 'Int2Float' <Latency = 5> <II = 1> <Delay = 6.41> <FuncUnit> <Opcode : 'uitofp' 'sitofp'> <InPorts = 1> <OutPorts = 1>
ST_5 : Operation 78 [1/1] (0.00ns)   --->   "%xor_ln1 = bitconcatenate i8 @_ssdm_op_BitConcatenate.i8.i1.i7, i1 %xor_ln30, i7 %trunc_ln30" [../lms_filter.cpp:30]   --->   Operation 78 'bitconcatenate' 'xor_ln1' <Predicate = true> <Delay = 0.00>
ST_5 : Operation 79 [1/1] (0.00ns)   --->   "%sext_ln30 = sext i8 %xor_ln1" [../lms_filter.cpp:30]   --->   Operation 79 'sext' 'sext_ln30' <Predicate = true> <Delay = 0.00>
ST_5 : Operation 80 [6/6] (6.41ns)   --->   "%conv8 = sitofp i32 %sext_ln30" [../lms_filter.cpp:30]   --->   Operation 80 'sitofp' 'conv8' <Predicate = true> <Delay = 6.41> <CoreInst = "Int2Float">   --->   Core 62 'Int2Float' <Latency = 5> <II = 1> <Delay = 6.41> <FuncUnit> <Opcode : 'uitofp' 'sitofp'> <InPorts = 1> <OutPorts = 1>

State 6 <SV = 5> <Delay = 6.41>
ST_6 : Operation 81 [2/6] (6.41ns)   --->   "%conv3 = sitofp i32 %sext_ln29" [../lms_filter.cpp:29]   --->   Operation 81 'sitofp' 'conv3' <Predicate = true> <Delay = 6.41> <CoreInst = "Int2Float">   --->   Core 62 'Int2Float' <Latency = 5> <II = 1> <Delay = 6.41> <FuncUnit> <Opcode : 'uitofp' 'sitofp'> <InPorts = 1> <OutPorts = 1>
ST_6 : Operation 82 [5/6] (6.41ns)   --->   "%conv8 = sitofp i32 %sext_ln30" [../lms_filter.cpp:30]   --->   Operation 82 'sitofp' 'conv8' <Predicate = true> <Delay = 6.41> <CoreInst = "Int2Float">   --->   Core 62 'Int2Float' <Latency = 5> <II = 1> <Delay = 6.41> <FuncUnit> <Opcode : 'uitofp' 'sitofp'> <InPorts = 1> <OutPorts = 1>

State 7 <SV = 6> <Delay = 6.41>
ST_7 : Operation 83 [1/6] (6.41ns)   --->   "%conv3 = sitofp i32 %sext_ln29" [../lms_filter.cpp:29]   --->   Operation 83 'sitofp' 'conv3' <Predicate = true> <Delay = 6.41> <CoreInst = "Int2Float">   --->   Core 62 'Int2Float' <Latency = 5> <II = 1> <Delay = 6.41> <FuncUnit> <Opcode : 'uitofp' 'sitofp'> <InPorts = 1> <OutPorts = 1>
ST_7 : Operation 84 [4/6] (6.41ns)   --->   "%conv8 = sitofp i32 %sext_ln30" [../lms_filter.cpp:30]   --->   Operation 84 'sitofp' 'conv8' <Predicate = true> <Delay = 6.41> <CoreInst = "Int2Float">   --->   Core 62 'Int2Float' <Latency = 5> <II = 1> <Delay = 6.41> <FuncUnit> <Opcode : 'uitofp' 'sitofp'> <InPorts = 1> <OutPorts = 1>

State 8 <SV = 7> <Delay = 6.41>
ST_8 : Operation 85 [4/4] (5.70ns)   --->   "%x = fmul i32 %conv3, i32 0.0078125" [../lms_filter.cpp:29]   --->   Operation 85 'fmul' 'x' <Predicate = true> <Delay = 5.70> <CoreInst = "FMul_maxdsp">   --->   Core 30 'FMul_maxdsp' <Latency = 3> <II = 1> <Delay = 5.70> <FuncUnit> <Opcode : 'fmul'> <InPorts = 2> <OutPorts = 1>
ST_8 : Operation 86 [3/6] (6.41ns)   --->   "%conv8 = sitofp i32 %sext_ln30" [../lms_filter.cpp:30]   --->   Operation 86 'sitofp' 'conv8' <Predicate = true> <Delay = 6.41> <CoreInst = "Int2Float">   --->   Core 62 'Int2Float' <Latency = 5> <II = 1> <Delay = 6.41> <FuncUnit> <Opcode : 'uitofp' 'sitofp'> <InPorts = 1> <OutPorts = 1>

State 9 <SV = 8> <Delay = 6.41>
ST_9 : Operation 87 [3/4] (5.70ns)   --->   "%x = fmul i32 %conv3, i32 0.0078125" [../lms_filter.cpp:29]   --->   Operation 87 'fmul' 'x' <Predicate = true> <Delay = 5.70> <CoreInst = "FMul_maxdsp">   --->   Core 30 'FMul_maxdsp' <Latency = 3> <II = 1> <Delay = 5.70> <FuncUnit> <Opcode : 'fmul'> <InPorts = 2> <OutPorts = 1>
ST_9 : Operation 88 [2/6] (6.41ns)   --->   "%conv8 = sitofp i32 %sext_ln30" [../lms_filter.cpp:30]   --->   Operation 88 'sitofp' 'conv8' <Predicate = true> <Delay = 6.41> <CoreInst = "Int2Float">   --->   Core 62 'Int2Float' <Latency = 5> <II = 1> <Delay = 6.41> <FuncUnit> <Opcode : 'uitofp' 'sitofp'> <InPorts = 1> <OutPorts = 1>

State 10 <SV = 9> <Delay = 6.41>
ST_10 : Operation 89 [2/4] (5.70ns)   --->   "%x = fmul i32 %conv3, i32 0.0078125" [../lms_filter.cpp:29]   --->   Operation 89 'fmul' 'x' <Predicate = true> <Delay = 5.70> <CoreInst = "FMul_maxdsp">   --->   Core 30 'FMul_maxdsp' <Latency = 3> <II = 1> <Delay = 5.70> <FuncUnit> <Opcode : 'fmul'> <InPorts = 2> <OutPorts = 1>
ST_10 : Operation 90 [1/6] (6.41ns)   --->   "%conv8 = sitofp i32 %sext_ln30" [../lms_filter.cpp:30]   --->   Operation 90 'sitofp' 'conv8' <Predicate = true> <Delay = 6.41> <CoreInst = "Int2Float">   --->   Core 62 'Int2Float' <Latency = 5> <II = 1> <Delay = 6.41> <FuncUnit> <Opcode : 'uitofp' 'sitofp'> <InPorts = 1> <OutPorts = 1>

State 11 <SV = 10> <Delay = 5.70>
ST_11 : Operation 91 [1/4] (5.70ns)   --->   "%x = fmul i32 %conv3, i32 0.0078125" [../lms_filter.cpp:29]   --->   Operation 91 'fmul' 'x' <Predicate = true> <Delay = 5.70> <CoreInst = "FMul_maxdsp">   --->   Core 30 'FMul_maxdsp' <Latency = 3> <II = 1> <Delay = 5.70> <FuncUnit> <Opcode : 'fmul'> <InPorts = 2> <OutPorts = 1>
ST_11 : Operation 92 [4/4] (5.70ns)   --->   "%d = fmul i32 %conv8, i32 0.0078125" [../lms_filter.cpp:30]   --->   Operation 92 'fmul' 'd' <Predicate = true> <Delay = 5.70> <CoreInst = "FMul_maxdsp">   --->   Core 30 'FMul_maxdsp' <Latency = 3> <II = 1> <Delay = 5.70> <FuncUnit> <Opcode : 'fmul'> <InPorts = 2> <OutPorts = 1>

State 12 <SV = 11> <Delay = 5.70>
ST_12 : Operation 93 [1/1] ( I:2.32ns O:2.32ns )   --->   "%store_ln37 = store i32 %x, i32 0" [../lms_filter.cpp:37]   --->   Operation 93 'store' 'store_ln37' <Predicate = true> <Delay = 2.32> <CoreInst = "RAM">   --->   Core 81 'RAM' <Latency = 1> <II = 1> <Delay = 2.32> <Storage> <Opcode : 'load' 'store'> <Ports = 2> <Width = 32> <Depth = 16> <RAM>
ST_12 : Operation 94 [3/4] (5.70ns)   --->   "%d = fmul i32 %conv8, i32 0.0078125" [../lms_filter.cpp:30]   --->   Operation 94 'fmul' 'd' <Predicate = true> <Delay = 5.70> <CoreInst = "FMul_maxdsp">   --->   Core 30 'FMul_maxdsp' <Latency = 3> <II = 1> <Delay = 5.70> <FuncUnit> <Opcode : 'fmul'> <InPorts = 2> <OutPorts = 1>

State 13 <SV = 12> <Delay = 5.70>
ST_13 : Operation 95 [2/2] (0.00ns)   --->   "%call_ln0 = call void @lms_filter_Pipeline_VITIS_LOOP_41_2, i32 %add255_loc, i32 %weights, i32 %x_buf"   --->   Operation 95 'call' 'call_ln0' <Predicate = true> <Delay = 0.00> <CoreType = "Generic">   --->   Generic Core
ST_13 : Operation 96 [2/4] (5.70ns)   --->   "%d = fmul i32 %conv8, i32 0.0078125" [../lms_filter.cpp:30]   --->   Operation 96 'fmul' 'd' <Predicate = true> <Delay = 5.70> <CoreInst = "FMul_maxdsp">   --->   Core 30 'FMul_maxdsp' <Latency = 3> <II = 1> <Delay = 5.70> <FuncUnit> <Opcode : 'fmul'> <InPorts = 2> <OutPorts = 1>

State 14 <SV = 13> <Delay = 5.70>
ST_14 : Operation 97 [1/2] (0.00ns)   --->   "%call_ln0 = call void @lms_filter_Pipeline_VITIS_LOOP_41_2, i32 %add255_loc, i32 %weights, i32 %x_buf"   --->   Operation 97 'call' 'call_ln0' <Predicate = true> <Delay = 0.00> <CoreType = "Generic">   --->   Generic Core
ST_14 : Operation 98 [1/4] (5.70ns)   --->   "%d = fmul i32 %conv8, i32 0.0078125" [../lms_filter.cpp:30]   --->   Operation 98 'fmul' 'd' <Predicate = true> <Delay = 5.70> <CoreInst = "FMul_maxdsp">   --->   Core 30 'FMul_maxdsp' <Latency = 3> <II = 1> <Delay = 5.70> <FuncUnit> <Opcode : 'fmul'> <InPorts = 2> <OutPorts = 1>

State 15 <SV = 14> <Delay = 7.25>
ST_15 : Operation 99 [1/1] (0.00ns)   --->   "%add255_loc_load = load i32 %add255_loc"   --->   Operation 99 'load' 'add255_loc_load' <Predicate = true> <Delay = 0.00>
ST_15 : Operation 100 [5/5] (7.25ns)   --->   "%e = fsub i32 %d, i32 %add255_loc_load" [../lms_filter.cpp:47]   --->   Operation 100 'fsub' 'e' <Predicate = true> <Delay = 7.25> <CoreInst = "FAddSub_fulldsp">   --->   Core 18 'FAddSub_fulldsp' <Latency = 4> <II = 1> <Delay = 7.25> <FuncUnit> <Opcode : 'fadd' 'fsub'> <InPorts = 2> <OutPorts = 1>

State 16 <SV = 15> <Delay = 7.25>
ST_16 : Operation 101 [4/5] (7.25ns)   --->   "%e = fsub i32 %d, i32 %add255_loc_load" [../lms_filter.cpp:47]   --->   Operation 101 'fsub' 'e' <Predicate = true> <Delay = 7.25> <CoreInst = "FAddSub_fulldsp">   --->   Core 18 'FAddSub_fulldsp' <Latency = 4> <II = 1> <Delay = 7.25> <FuncUnit> <Opcode : 'fadd' 'fsub'> <InPorts = 2> <OutPorts = 1>

State 17 <SV = 16> <Delay = 7.25>
ST_17 : Operation 102 [3/5] (7.25ns)   --->   "%e = fsub i32 %d, i32 %add255_loc_load" [../lms_filter.cpp:47]   --->   Operation 102 'fsub' 'e' <Predicate = true> <Delay = 7.25> <CoreInst = "FAddSub_fulldsp">   --->   Core 18 'FAddSub_fulldsp' <Latency = 4> <II = 1> <Delay = 7.25> <FuncUnit> <Opcode : 'fadd' 'fsub'> <InPorts = 2> <OutPorts = 1>

State 18 <SV = 17> <Delay = 7.25>
ST_18 : Operation 103 [2/5] (7.25ns)   --->   "%e = fsub i32 %d, i32 %add255_loc_load" [../lms_filter.cpp:47]   --->   Operation 103 'fsub' 'e' <Predicate = true> <Delay = 7.25> <CoreInst = "FAddSub_fulldsp">   --->   Core 18 'FAddSub_fulldsp' <Latency = 4> <II = 1> <Delay = 7.25> <FuncUnit> <Opcode : 'fadd' 'fsub'> <InPorts = 2> <OutPorts = 1>

State 19 <SV = 18> <Delay = 7.25>
ST_19 : Operation 104 [1/5] (7.25ns)   --->   "%e = fsub i32 %d, i32 %add255_loc_load" [../lms_filter.cpp:47]   --->   Operation 104 'fsub' 'e' <Predicate = true> <Delay = 7.25> <CoreInst = "FAddSub_fulldsp">   --->   Core 18 'FAddSub_fulldsp' <Latency = 4> <II = 1> <Delay = 7.25> <FuncUnit> <Opcode : 'fadd' 'fsub'> <InPorts = 2> <OutPorts = 1>

State 20 <SV = 19> <Delay = 5.70>
ST_20 : Operation 105 [4/4] (5.70ns)   --->   "%mul1 = fmul i32 %e, i32 0.01" [../lms_filter.cpp:51]   --->   Operation 105 'fmul' 'mul1' <Predicate = true> <Delay = 5.70> <CoreInst = "FMul_maxdsp">   --->   Core 30 'FMul_maxdsp' <Latency = 3> <II = 1> <Delay = 5.70> <FuncUnit> <Opcode : 'fmul'> <InPorts = 2> <OutPorts = 1>
ST_20 : Operation 106 [1/1] (0.00ns)   --->   "%bitcast_ln49 = bitcast i32 %e" [../lms_filter.cpp:49]   --->   Operation 106 'bitcast' 'bitcast_ln49' <Predicate = true> <Delay = 0.00>
ST_20 : Operation 107 [1/1] (0.00ns)   --->   "%bitcast_ln49_1 = bitcast i32 %add255_loc_load" [../lms_filter.cpp:49]   --->   Operation 107 'bitcast' 'bitcast_ln49_1' <Predicate = true> <Delay = 0.00>
ST_20 : Operation 108 [2/2] (1.29ns)   --->   "%write_ln61 = write void @_ssdm_op_Write.axis.volatile.i32P0A.i4P0A.i4P0A.i1P0A, i32 %e_out_V_data_V, i4 %e_out_V_keep_V, i4 %e_out_V_strb_V, i1 %e_out_V_last_V, i32 %bitcast_ln49, i4 15, i4 15, i1 %or_ln60" [../lms_filter.cpp:61]   --->   Operation 108 'write' 'write_ln61' <Predicate = true> <Delay = 1.29> <CoreInst = "regslice">   --->   Core 135 'regslice' <Latency = 0> <II = 1> <Delay = 1.86> <Adapter> <Opcode : 'read' 'write'>
ST_20 : Operation 109 [2/2] (1.29ns)   --->   "%write_ln68 = write void @_ssdm_op_Write.axis.volatile.i32P0A.i4P0A.i4P0A.i1P0A, i32 %y_out_V_data_V, i4 %y_out_V_keep_V, i4 %y_out_V_strb_V, i1 %y_out_V_last_V, i32 %bitcast_ln49_1, i4 15, i4 15, i1 %or_ln60" [../lms_filter.cpp:68]   --->   Operation 109 'write' 'write_ln68' <Predicate = true> <Delay = 1.29> <CoreInst = "regslice">   --->   Core 135 'regslice' <Latency = 0> <II = 1> <Delay = 1.86> <Adapter> <Opcode : 'read' 'write'>

State 21 <SV = 20> <Delay = 5.70>
ST_21 : Operation 110 [3/4] (5.70ns)   --->   "%mul1 = fmul i32 %e, i32 0.01" [../lms_filter.cpp:51]   --->   Operation 110 'fmul' 'mul1' <Predicate = true> <Delay = 5.70> <CoreInst = "FMul_maxdsp">   --->   Core 30 'FMul_maxdsp' <Latency = 3> <II = 1> <Delay = 5.70> <FuncUnit> <Opcode : 'fmul'> <InPorts = 2> <OutPorts = 1>
ST_21 : Operation 111 [1/2] ( I:1.29ns O:1.29ns )   --->   "%write_ln61 = write void @_ssdm_op_Write.axis.volatile.i32P0A.i4P0A.i4P0A.i1P0A, i32 %e_out_V_data_V, i4 %e_out_V_keep_V, i4 %e_out_V_strb_V, i1 %e_out_V_last_V, i32 %bitcast_ln49, i4 15, i4 15, i1 %or_ln60" [../lms_filter.cpp:61]   --->   Operation 111 'write' 'write_ln61' <Predicate = true> <Delay = 1.29> <CoreInst = "regslice">   --->   Core 135 'regslice' <Latency = 0> <II = 1> <Delay = 1.86> <Adapter> <Opcode : 'read' 'write'>
ST_21 : Operation 112 [1/2] ( I:1.29ns O:1.29ns )   --->   "%write_ln68 = write void @_ssdm_op_Write.axis.volatile.i32P0A.i4P0A.i4P0A.i1P0A, i32 %y_out_V_data_V, i4 %y_out_V_keep_V, i4 %y_out_V_strb_V, i1 %y_out_V_last_V, i32 %bitcast_ln49_1, i4 15, i4 15, i1 %or_ln60" [../lms_filter.cpp:68]   --->   Operation 112 'write' 'write_ln68' <Predicate = true> <Delay = 1.29> <CoreInst = "regslice">   --->   Core 135 'regslice' <Latency = 0> <II = 1> <Delay = 1.86> <Adapter> <Opcode : 'read' 'write'>

State 22 <SV = 21> <Delay = 5.70>
ST_22 : Operation 113 [2/4] (5.70ns)   --->   "%mul1 = fmul i32 %e, i32 0.01" [../lms_filter.cpp:51]   --->   Operation 113 'fmul' 'mul1' <Predicate = true> <Delay = 5.70> <CoreInst = "FMul_maxdsp">   --->   Core 30 'FMul_maxdsp' <Latency = 3> <II = 1> <Delay = 5.70> <FuncUnit> <Opcode : 'fmul'> <InPorts = 2> <OutPorts = 1>

State 23 <SV = 22> <Delay = 5.70>
ST_23 : Operation 114 [1/4] (5.70ns)   --->   "%mul1 = fmul i32 %e, i32 0.01" [../lms_filter.cpp:51]   --->   Operation 114 'fmul' 'mul1' <Predicate = true> <Delay = 5.70> <CoreInst = "FMul_maxdsp">   --->   Core 30 'FMul_maxdsp' <Latency = 3> <II = 1> <Delay = 5.70> <FuncUnit> <Opcode : 'fmul'> <InPorts = 2> <OutPorts = 1>

State 24 <SV = 23> <Delay = 0.00>
ST_24 : Operation 115 [2/2] (0.00ns)   --->   "%call_ln51 = call void @lms_filter_Pipeline_VITIS_LOOP_49_3, i32 %mul1, i32 %x_buf, i32 %weights" [../lms_filter.cpp:51]   --->   Operation 115 'call' 'call_ln51' <Predicate = true> <Delay = 0.00> <CoreType = "Generic">   --->   Generic Core

State 25 <SV = 24> <Delay = 0.00>
ST_25 : Operation 116 [1/2] (0.00ns)   --->   "%call_ln51 = call void @lms_filter_Pipeline_VITIS_LOOP_49_3, i32 %mul1, i32 %x_buf, i32 %weights" [../lms_filter.cpp:51]   --->   Operation 116 'call' 'call_ln51' <Predicate = (tmp & tmp_1)> <Delay = 0.00> <CoreType = "Generic">   --->   Generic Core
ST_25 : Operation 117 [1/1] (0.00ns)   --->   "%br_ln70 = br void %if.end" [../lms_filter.cpp:70]   --->   Operation 117 'br' 'br_ln70' <Predicate = (tmp & tmp_1)> <Delay = 0.00>
ST_25 : Operation 118 [1/1] (0.00ns)   --->   "%ret_ln71 = ret" [../lms_filter.cpp:71]   --->   Operation 118 'ret' 'ret_ln71' <Predicate = true> <Delay = 0.00>


============================================================
+ Verbose Summary: Timing violations
============================================================
Target clock period: 10.000ns, clock uncertainty: 2.700ns.

 <State 1>: 3.146ns
The critical path consists of the following:
	axis request operation ('tmp', ../lms_filter.cpp:24) on port 'x_in_V_data_V' (../lms_filter.cpp:24) [42]  (1.573 ns)
	axis request operation ('tmp_1', ../lms_filter.cpp:24) on port 'd_in_V_data_V' (../lms_filter.cpp:24) [49]  (1.573 ns)

 <State 2>: 6.413ns
The critical path consists of the following:
	'sitofp' operation 32 bit ('conv3', ../lms_filter.cpp:29) [64]  (6.413 ns)

 <State 3>: 6.413ns
The critical path consists of the following:
	'sitofp' operation 32 bit ('conv3', ../lms_filter.cpp:29) [64]  (6.413 ns)

 <State 4>: 6.413ns
The critical path consists of the following:
	'sitofp' operation 32 bit ('conv3', ../lms_filter.cpp:29) [64]  (6.413 ns)

 <State 5>: 6.413ns
The critical path consists of the following:
	'sitofp' operation 32 bit ('conv3', ../lms_filter.cpp:29) [64]  (6.413 ns)

 <State 6>: 6.413ns
The critical path consists of the following:
	'sitofp' operation 32 bit ('conv3', ../lms_filter.cpp:29) [64]  (6.413 ns)

 <State 7>: 6.413ns
The critical path consists of the following:
	'sitofp' operation 32 bit ('conv3', ../lms_filter.cpp:29) [64]  (6.413 ns)

 <State 8>: 6.413ns
The critical path consists of the following:
	'sitofp' operation 32 bit ('conv8', ../lms_filter.cpp:30) [74]  (6.413 ns)

 <State 9>: 6.413ns
The critical path consists of the following:
	'sitofp' operation 32 bit ('conv8', ../lms_filter.cpp:30) [74]  (6.413 ns)

 <State 10>: 6.413ns
The critical path consists of the following:
	'sitofp' operation 32 bit ('conv8', ../lms_filter.cpp:30) [74]  (6.413 ns)

 <State 11>: 5.702ns
The critical path consists of the following:
	'fmul' operation 32 bit ('x', ../lms_filter.cpp:29) [65]  (5.702 ns)

 <State 12>: 5.702ns
The critical path consists of the following:
	'fmul' operation 32 bit ('d', ../lms_filter.cpp:30) [75]  (5.702 ns)

 <State 13>: 5.702ns
The critical path consists of the following:
	'fmul' operation 32 bit ('d', ../lms_filter.cpp:30) [75]  (5.702 ns)

 <State 14>: 5.702ns
The critical path consists of the following:
	'fmul' operation 32 bit ('d', ../lms_filter.cpp:30) [75]  (5.702 ns)

 <State 15>: 7.256ns
The critical path consists of the following:
	'load' operation 32 bit ('add255_loc_load') on local variable 'add255_loc' [68]  (0.000 ns)
	'fsub' operation 32 bit ('e', ../lms_filter.cpp:47) [76]  (7.256 ns)

 <State 16>: 7.256ns
The critical path consists of the following:
	'fsub' operation 32 bit ('e', ../lms_filter.cpp:47) [76]  (7.256 ns)

 <State 17>: 7.256ns
The critical path consists of the following:
	'fsub' operation 32 bit ('e', ../lms_filter.cpp:47) [76]  (7.256 ns)

 <State 18>: 7.256ns
The critical path consists of the following:
	'fsub' operation 32 bit ('e', ../lms_filter.cpp:47) [76]  (7.256 ns)

 <State 19>: 7.256ns
The critical path consists of the following:
	'fsub' operation 32 bit ('e', ../lms_filter.cpp:47) [76]  (7.256 ns)

 <State 20>: 5.702ns
The critical path consists of the following:
	'fmul' operation 32 bit ('mul1', ../lms_filter.cpp:51) [77]  (5.702 ns)

 <State 21>: 5.702ns
The critical path consists of the following:
	'fmul' operation 32 bit ('mul1', ../lms_filter.cpp:51) [77]  (5.702 ns)

 <State 22>: 5.702ns
The critical path consists of the following:
	'fmul' operation 32 bit ('mul1', ../lms_filter.cpp:51) [77]  (5.702 ns)

 <State 23>: 5.702ns
The critical path consists of the following:
	'fmul' operation 32 bit ('mul1', ../lms_filter.cpp:51) [77]  (5.702 ns)

 <State 24>: 0.000ns
The critical path consists of the following:

 <State 25>: 0.000ns
The critical path consists of the following:


============================================================
+ Verbose Summary: Binding
============================================================
N/A
* FSMD analyzer results:
  - Output states:
 - Input state : 
  - Chain level:
	State 1
	State 2
	State 3
	State 4
	State 5
	State 6
	State 7
	State 8
	State 9
	State 10
	State 11
	State 12
	State 13
	State 14
	State 15
	State 16
	State 17
	State 18
	State 19
	State 20
	State 21
	State 22
	State 23
	State 24
	State 25


============================================================
+ Verbose Summary: Datapath Resource usage 
============================================================
N/A
