

================================================================
== Vitis HLS Report for 'lms_filter_Pipeline_VITIS_LOOP_40_2'
================================================================
* Date:           Sun Apr  5 15:19:46 2026

* Version:        2025.2 (Build 6295257 on Nov 14 2025)
* Project:        lms_filter
* Solution:       hls (Vivado IP Flow Target)
* Product family: zynq
* Target device:  xc7z007s-clg400-1


================================================================
== Performance Estimates
================================================================
+ Timing: 
    * Summary: 
    +--------+----------+-----------+------------+
    |  Clock |  Target  | Estimated | Uncertainty|
    +--------+----------+-----------+------------+
    |ap_clk  |  10.00 ns|  46.744 ns|     2.70 ns|
    +--------+----------+-----------+------------+

+ Latency: 
    * Summary: 
    +---------+---------+----------+----------+-----+-----+-------------------+
    |  Latency (cycles) |  Latency (absolute) |  Interval |      Pipeline     |
    |   min   |   max   |    min   |    max   | min | max |        Type       |
    +---------+---------+----------+----------+-----+-----+-------------------+
    |       23|       23|  1.075 us|  1.075 us|    0|    0|  loop pipeline stp|
    +---------+---------+----------+----------+-----+-----+-------------------+

    + Detail: 
        * Instance: 
        N/A

        * Loop: 
        +-------------------+---------+---------+----------+-----------+-----------+------+----------+
        |                   |  Latency (cycles) | Iteration|  Initiation Interval  | Trip |          |
        |     Loop Name     |   min   |   max   |  Latency |  achieved |   target  | Count| Pipelined|
        +-------------------+---------+---------+----------+-----------+-----------+------+----------+
        |- VITIS_LOOP_40_2  |       21|       21|         7|          1|          1|    16|       yes|
        +-------------------+---------+---------+----------+-----------+-----------+------+----------+



================================================================
== Utilization Estimates
================================================================
* Summary: 
+-----------------+---------+----+-------+-------+-----+
|       Name      | BRAM_18K| DSP|   FF  |  LUT  | URAM|
+-----------------+---------+----+-------+-------+-----+
|DSP              |        -|   -|      -|      -|    -|
|Expression       |        -|   -|      0|     29|    -|
|FIFO             |        -|   -|      -|      -|    -|
|Instance         |        -|   2|    177|    385|    -|
|Memory           |        -|   -|      -|      -|    -|
|Multiplexer      |        -|   -|      0|     54|    -|
|Register         |        -|   -|    147|     32|    -|
+-----------------+---------+----+-------+-------+-----+
|Total            |        0|   2|    324|    500|    0|
+-----------------+---------+----+-------+-------+-----+
|Available        |      100|  66|  28800|  14400|    0|
+-----------------+---------+----+-------+-------+-----+
|Utilization (%)  |        0|   3|      1|      3|    0|
+-----------------+---------+----+-------+-------+-----+

+ Detail: 
    * Instance: 
    +-----------------------------------+--------------------------------+---------+----+-----+-----+-----+
    |              Instance             |             Module             | BRAM_18K| DSP|  FF | LUT | URAM|
    +-----------------------------------+--------------------------------+---------+----+-----+-----+-----+
    |fadd_32ns_32ns_32_2_full_dsp_1_U2  |fadd_32ns_32ns_32_2_full_dsp_1  |        0|   2|  177|  385|    0|
    +-----------------------------------+--------------------------------+---------+----+-----+-----+-----+
    |Total                              |                                |        0|   2|  177|  385|    0|
    +-----------------------------------+--------------------------------+---------+----+-----+-----+-----+

    * DSP: 
    N/A

    * Memory: 
    N/A

    * FIFO: 
    N/A

    * Expression: 
    +---------------------+----------+----+---+----+------------+------------+
    |    Variable Name    | Operation| DSP| FF| LUT| Bitwidth P0| Bitwidth P1|
    +---------------------+----------+----+---+----+------------+------------+
    |add_ln40_fu_106_p2   |         +|   0|  0|  13|           5|           1|
    |icmp_ln40_fu_100_p2  |      icmp|   0|  0|  14|           5|           6|
    |ap_enable_pp0        |       xor|   0|  0|   2|           1|           2|
    +---------------------+----------+----+---+----+------------+------------+
    |Total                |          |   0|  0|  29|          11|           9|
    +---------------------+----------+----+---+----+------------+------------+

    * Multiplexer: 
    +-------------------------+----+-----------+-----+-----------+
    |           Name          | LUT| Input Size| Bits| Total Bits|
    +-------------------------+----+-----------+-----+-----------+
    |ap_done_int              |   9|          2|    1|          2|
    |ap_enable_reg_pp0_iter1  |   9|          2|    1|          2|
    |ap_sig_allocacmp_i       |   9|          2|    5|         10|
    |ap_sig_allocacmp_y_load  |   9|          2|   32|         64|
    |i_1_fu_40                |   9|          2|    5|         10|
    |y_fu_36                  |   9|          2|   32|         64|
    +-------------------------+----+-----------+-----+-----------+
    |Total                    |  54|         12|   76|        152|
    +-------------------------+----+-----------+-----+-----------+

    * Register: 
    +----------------------------------+----+----+-----+-----------+
    |               Name               | FF | LUT| Bits| Const Bits|
    +----------------------------------+----+----+-----+-----------+
    |ap_CS_fsm                         |   1|   0|    1|          0|
    |ap_done_reg                       |   1|   0|    1|          0|
    |ap_enable_reg_pp0_iter1           |   1|   0|    1|          0|
    |ap_enable_reg_pp0_iter2           |   1|   0|    1|          0|
    |ap_enable_reg_pp0_iter3           |   1|   0|    1|          0|
    |ap_enable_reg_pp0_iter4           |   1|   0|    1|          0|
    |ap_enable_reg_pp0_iter5           |   1|   0|    1|          0|
    |ap_enable_reg_pp0_iter6           |   1|   0|    1|          0|
    |ap_loop_exit_ready_pp0_iter1_reg  |   1|   0|    1|          0|
    |ap_loop_exit_ready_pp0_iter2_reg  |   1|   0|    1|          0|
    |ap_loop_exit_ready_pp0_iter3_reg  |   1|   0|    1|          0|
    |ap_loop_exit_ready_pp0_iter4_reg  |   1|   0|    1|          0|
    |ap_loop_exit_ready_pp0_iter5_reg  |   1|   0|    1|          0|
    |i_1_fu_40                         |   5|   0|    5|          0|
    |icmp_ln40_reg_151                 |   1|   0|    1|          0|
    |mul_reg_175                       |  32|   0|   32|          0|
    |y_fu_36                           |  32|   0|   32|          0|
    |icmp_ln40_reg_151                 |  64|  32|    1|          0|
    +----------------------------------+----+----+-----+-----------+
    |Total                             | 147|  32|   84|          0|
    +----------------------------------+----+----+-----+-----------+



================================================================
== Interface
================================================================
* Summary: 
+--------------------+-----+-----+------------+-------------------------------------+--------------+
|      RTL Ports     | Dir | Bits|  Protocol  |            Source Object            |    C Type    |
+--------------------+-----+-----+------------+-------------------------------------+--------------+
|ap_clk              |   in|    1|  ap_ctrl_hs|  lms_filter_Pipeline_VITIS_LOOP_40_2|  return value|
|ap_rst              |   in|    1|  ap_ctrl_hs|  lms_filter_Pipeline_VITIS_LOOP_40_2|  return value|
|ap_start            |   in|    1|  ap_ctrl_hs|  lms_filter_Pipeline_VITIS_LOOP_40_2|  return value|
|ap_done             |  out|    1|  ap_ctrl_hs|  lms_filter_Pipeline_VITIS_LOOP_40_2|  return value|
|ap_idle             |  out|    1|  ap_ctrl_hs|  lms_filter_Pipeline_VITIS_LOOP_40_2|  return value|
|ap_ready            |  out|    1|  ap_ctrl_hs|  lms_filter_Pipeline_VITIS_LOOP_40_2|  return value|
|grp_fu_379_p_din0   |  out|   32|  ap_ctrl_hs|  lms_filter_Pipeline_VITIS_LOOP_40_2|  return value|
|grp_fu_379_p_din1   |  out|   32|  ap_ctrl_hs|  lms_filter_Pipeline_VITIS_LOOP_40_2|  return value|
|grp_fu_379_p_dout0  |   in|   32|  ap_ctrl_hs|  lms_filter_Pipeline_VITIS_LOOP_40_2|  return value|
|grp_fu_379_p_ce     |  out|    1|  ap_ctrl_hs|  lms_filter_Pipeline_VITIS_LOOP_40_2|  return value|
|y_out               |  out|   32|      ap_vld|                                y_out|       pointer|
|y_out_ap_vld        |  out|    1|      ap_vld|                                y_out|       pointer|
|weights_address0    |  out|    4|   ap_memory|                              weights|         array|
|weights_ce0         |  out|    1|   ap_memory|                              weights|         array|
|weights_q0          |   in|   32|   ap_memory|                              weights|         array|
|x_buf_address0      |  out|    4|   ap_memory|                                x_buf|         array|
|x_buf_ce0           |  out|    1|   ap_memory|                                x_buf|         array|
|x_buf_q0            |   in|   32|   ap_memory|                                x_buf|         array|
+--------------------+-----+-----+------------+-------------------------------------+--------------+

============================================================
+ Verbose Summary: Synthesis Manager
============================================================
InlineROM: 1
ExposeGlobal: 0
============================================================
+ Verbose Summary: CDFG Model
============================================================
IsTopModel: 0
ResetActiveHigh: 1
IsCombinational: 2
IsDatapathOnly: 2
HasWiredReturn: 1
HasMFsm: 2
HasVarLatency: 1
IsPipeline: 0
IsRtlPipelined: 0
IsInstanceOverlapped: 0
IsDontTouch: 0
HasImplIP: 0
IsGatedGlobalClock: 0

+ Individual pipeline summary: 
  * Pipeline-0: initiation interval (II) = 1, depth = 7


============================================================
+ Verbose Summary: Schedule
============================================================
* Number of FSM states : 7
* Pipeline : 1
  Pipeline-0 : II = 1, D = 7, States = { 1 2 3 4 5 6 7 }
* Dataflow Pipeline: 0

* FSM state transitions: 
1 --> 2 
2 --> 3 
3 --> 4 
4 --> 5 
5 --> 6 
6 --> 7 
7 --> 

* FSM state operations: 

State 1 <SV = 0> <Delay = 4.95>
ST_1 : Operation 10 [1/1] (0.00ns)   --->   "%y = alloca i32 1" [../lms_filter.cpp:39]   --->   Operation 10 'alloca' 'y' <Predicate = true> <Delay = 0.00>
ST_1 : Operation 11 [1/1] (0.00ns)   --->   "%i_1 = alloca i32 1" [../lms_filter.cpp:40]   --->   Operation 11 'alloca' 'i_1' <Predicate = true> <Delay = 0.00>
ST_1 : Operation 12 [1/1] (1.58ns)   --->   "%store_ln40 = store i5 0, i5 %i_1" [../lms_filter.cpp:40]   --->   Operation 12 'store' 'store_ln40' <Predicate = true> <Delay = 1.58>
ST_1 : Operation 13 [1/1] (1.58ns)   --->   "%store_ln39 = store i32 0, i32 %y" [../lms_filter.cpp:39]   --->   Operation 13 'store' 'store_ln39' <Predicate = true> <Delay = 1.58>
ST_1 : Operation 14 [1/1] (0.00ns)   --->   "%br_ln0 = br void %for.inc22"   --->   Operation 14 'br' 'br_ln0' <Predicate = true> <Delay = 0.00>
ST_1 : Operation 15 [1/1] (0.00ns)   --->   "%i = load i5 %i_1" [../lms_filter.cpp:40]   --->   Operation 15 'load' 'i' <Predicate = true> <Delay = 0.00>
ST_1 : Operation 16 [1/1] (1.78ns)   --->   "%icmp_ln40 = icmp_eq  i5 %i, i5 16" [../lms_filter.cpp:40]   --->   Operation 16 'icmp' 'icmp_ln40' <Predicate = true> <Delay = 1.78> <CoreInst = "Cmp">   --->   Core 9 'Cmp' <Latency = 0> <II = 1> <Delay = 1.82> <FuncUnit> <Opcode : 'seteq' 'setne' 'setle' 'setge' 'setlt' 'setgt'> <InPorts = 2> <OutPorts = 1>
ST_1 : Operation 17 [1/1] (1.78ns)   --->   "%add_ln40 = add i5 %i, i5 1" [../lms_filter.cpp:40]   --->   Operation 17 'add' 'add_ln40' <Predicate = true> <Delay = 1.78> <CoreInst = "Adder">   --->   Core 1 'Adder' <Latency = 0> <II = 1> <Delay = 1.78> <FuncUnit> <Opcode : 'add' 'sub'> <InPorts = 2> <OutPorts = 1>
ST_1 : Operation 18 [1/1] (0.00ns)   --->   "%br_ln40 = br i1 %icmp_ln40, void %for.inc22.split, void %for.end23.exitStub" [../lms_filter.cpp:40]   --->   Operation 18 'br' 'br_ln40' <Predicate = true> <Delay = 0.00>
ST_1 : Operation 19 [1/1] (0.00ns)   --->   "%zext_ln40 = zext i5 %i" [../lms_filter.cpp:40]   --->   Operation 19 'zext' 'zext_ln40' <Predicate = (!icmp_ln40)> <Delay = 0.00>
ST_1 : Operation 20 [1/1] (0.00ns)   --->   "%weights_addr = getelementptr i32 %weights, i64 0, i64 %zext_ln40" [../lms_filter.cpp:42]   --->   Operation 20 'getelementptr' 'weights_addr' <Predicate = (!icmp_ln40)> <Delay = 0.00>
ST_1 : Operation 21 [2/2] (2.32ns)   --->   "%weights_load = load i4 %weights_addr" [../lms_filter.cpp:42]   --->   Operation 21 'load' 'weights_load' <Predicate = (!icmp_ln40)> <Delay = 2.32> <CoreInst = "RAM">   --->   Core 81 'RAM' <Latency = 1> <II = 1> <Delay = 2.32> <Storage> <Opcode : 'load' 'store'> <Ports = 2> <Width = 32> <Depth = 16> <RAM>
ST_1 : Operation 22 [1/1] (0.00ns)   --->   "%x_buf_addr = getelementptr i32 %x_buf, i64 0, i64 %zext_ln40" [../lms_filter.cpp:42]   --->   Operation 22 'getelementptr' 'x_buf_addr' <Predicate = (!icmp_ln40)> <Delay = 0.00>
ST_1 : Operation 23 [2/2] (2.32ns)   --->   "%x_buf_load = load i4 %x_buf_addr" [../lms_filter.cpp:42]   --->   Operation 23 'load' 'x_buf_load' <Predicate = (!icmp_ln40)> <Delay = 2.32> <CoreInst = "RAM">   --->   Core 81 'RAM' <Latency = 1> <II = 1> <Delay = 2.32> <Storage> <Opcode : 'load' 'store'> <Ports = 2> <Width = 32> <Depth = 16> <RAM>
ST_1 : Operation 24 [1/1] (1.58ns)   --->   "%store_ln40 = store i5 %add_ln40, i5 %i_1" [../lms_filter.cpp:40]   --->   Operation 24 'store' 'store_ln40' <Predicate = (!icmp_ln40)> <Delay = 1.58>

State 2 <SV = 1> <Delay = 8.02>
ST_2 : Operation 25 [1/2] ( I:2.32ns O:2.32ns )   --->   "%weights_load = load i4 %weights_addr" [../lms_filter.cpp:42]   --->   Operation 25 'load' 'weights_load' <Predicate = true> <Delay = 2.32> <CoreInst = "RAM">   --->   Core 81 'RAM' <Latency = 1> <II = 1> <Delay = 2.32> <Storage> <Opcode : 'load' 'store'> <Ports = 2> <Width = 32> <Depth = 16> <RAM>
ST_2 : Operation 26 [1/2] ( I:2.32ns O:2.32ns )   --->   "%x_buf_load = load i4 %x_buf_addr" [../lms_filter.cpp:42]   --->   Operation 26 'load' 'x_buf_load' <Predicate = true> <Delay = 2.32> <CoreInst = "RAM">   --->   Core 81 'RAM' <Latency = 1> <II = 1> <Delay = 2.32> <Storage> <Opcode : 'load' 'store'> <Ports = 2> <Width = 32> <Depth = 16> <RAM>
ST_2 : Operation 27 [4/4] (5.70ns)   --->   "%mul = fmul i32 %weights_load, i32 %x_buf_load" [../lms_filter.cpp:42]   --->   Operation 27 'fmul' 'mul' <Predicate = true> <Delay = 5.70> <CoreInst = "FMul_maxdsp">   --->   Core 30 'FMul_maxdsp' <Latency = 3> <II = 1> <Delay = 5.70> <FuncUnit> <Opcode : 'fmul'> <InPorts = 2> <OutPorts = 1>

State 3 <SV = 2> <Delay = 5.70>
ST_3 : Operation 28 [3/4] (5.70ns)   --->   "%mul = fmul i32 %weights_load, i32 %x_buf_load" [../lms_filter.cpp:42]   --->   Operation 28 'fmul' 'mul' <Predicate = true> <Delay = 5.70> <CoreInst = "FMul_maxdsp">   --->   Core 30 'FMul_maxdsp' <Latency = 3> <II = 1> <Delay = 5.70> <FuncUnit> <Opcode : 'fmul'> <InPorts = 2> <OutPorts = 1>

State 4 <SV = 3> <Delay = 5.70>
ST_4 : Operation 29 [2/4] (5.70ns)   --->   "%mul = fmul i32 %weights_load, i32 %x_buf_load" [../lms_filter.cpp:42]   --->   Operation 29 'fmul' 'mul' <Predicate = true> <Delay = 5.70> <CoreInst = "FMul_maxdsp">   --->   Core 30 'FMul_maxdsp' <Latency = 3> <II = 1> <Delay = 5.70> <FuncUnit> <Opcode : 'fmul'> <InPorts = 2> <OutPorts = 1>

State 5 <SV = 4> <Delay = 5.70>
ST_5 : Operation 30 [1/4] (5.70ns)   --->   "%mul = fmul i32 %weights_load, i32 %x_buf_load" [../lms_filter.cpp:42]   --->   Operation 30 'fmul' 'mul' <Predicate = true> <Delay = 5.70> <CoreInst = "FMul_maxdsp">   --->   Core 30 'FMul_maxdsp' <Latency = 3> <II = 1> <Delay = 5.70> <FuncUnit> <Opcode : 'fmul'> <InPorts = 2> <OutPorts = 1>

State 6 <SV = 5> <Delay = 22.5>
ST_6 : Operation 31 [1/1] (0.00ns)   --->   "%y_load = load i32 %y" [../lms_filter.cpp:42]   --->   Operation 31 'load' 'y_load' <Predicate = true> <Delay = 0.00>
ST_6 : Operation 32 [2/2] (22.5ns)   --->   "%y_1 = fadd i32 %y_load, i32 %mul" [../lms_filter.cpp:42]   --->   Operation 32 'fadd' 'y_1' <Predicate = true> <Delay = 22.5> <CoreInst = "FAddSub_fulldsp">   --->   Core 18 'FAddSub_fulldsp' <Latency = 1> <II = 1> <Delay = 22.5> <FuncUnit> <Opcode : 'fadd' 'fsub'> <InPorts = 2> <OutPorts = 1>
ST_6 : Operation 39 [1/1] (0.00ns)   --->   "%y_load_1 = load i32 %y"   --->   Operation 39 'load' 'y_load_1' <Predicate = (icmp_ln40)> <Delay = 0.00>
ST_6 : Operation 40 [1/1] (0.00ns)   --->   "%write_ln0 = write void @_ssdm_op_Write.ap_auto.floatP0A, i32 %y_out, i32 %y_load_1"   --->   Operation 40 'write' 'write_ln0' <Predicate = (icmp_ln40)> <Delay = 0.00>
ST_6 : Operation 41 [1/1] (1.58ns)   --->   "%ret_ln0 = ret"   --->   Operation 41 'ret' 'ret_ln0' <Predicate = (icmp_ln40)> <Delay = 1.58>

State 7 <SV = 6> <Delay = 46.7>
ST_7 : Operation 33 [1/1] (0.00ns)   --->   "%specpipeline_ln41 = specpipeline void @_ssdm_op_SpecPipeline, i32 1, i32 0, i32 0, i32 0, i32 4294967295, void @empty_1" [../lms_filter.cpp:41]   --->   Operation 33 'specpipeline' 'specpipeline_ln41' <Predicate = true> <Delay = 0.00>
ST_7 : Operation 34 [1/1] (0.00ns)   --->   "%speclooptripcount_ln39 = speclooptripcount void @_ssdm_op_SpecLoopTripCount, i64 16, i64 16, i64 16" [../lms_filter.cpp:39]   --->   Operation 34 'speclooptripcount' 'speclooptripcount_ln39' <Predicate = true> <Delay = 0.00>
ST_7 : Operation 35 [1/1] (0.00ns)   --->   "%specloopname_ln40 = specloopname void @_ssdm_op_SpecLoopName, void @empty_8" [../lms_filter.cpp:40]   --->   Operation 35 'specloopname' 'specloopname_ln40' <Predicate = true> <Delay = 0.00>
ST_7 : Operation 36 [1/2] (22.5ns)   --->   "%y_1 = fadd i32 %y_load, i32 %mul" [../lms_filter.cpp:42]   --->   Operation 36 'fadd' 'y_1' <Predicate = true> <Delay = 22.5> <CoreInst = "FAddSub_fulldsp">   --->   Core 18 'FAddSub_fulldsp' <Latency = 1> <II = 1> <Delay = 22.5> <FuncUnit> <Opcode : 'fadd' 'fsub'> <InPorts = 2> <OutPorts = 1>
ST_7 : Operation 37 [1/1] (1.58ns)   --->   "%store_ln39 = store i32 %y_1, i32 %y" [../lms_filter.cpp:39]   --->   Operation 37 'store' 'store_ln39' <Predicate = true> <Delay = 1.58>
ST_7 : Operation 38 [1/1] (0.00ns)   --->   "%br_ln40 = br void %for.inc22" [../lms_filter.cpp:40]   --->   Operation 38 'br' 'br_ln40' <Predicate = true> <Delay = 0.00>


============================================================
+ Verbose Summary: Binding
============================================================
STG Binding: 
---------------- STG Properties BEGIN ----------------
- Is combinational: 0
- Is one-state seq: 0
- Is datapath-only: 0
- Is pipelined: 0
- Is top level: 0
Port [ Return ] is wired: 1; IO mode=ap_ctrl_hs:ce=0
Port [ y_out]:  wired=1; compound=0; hidden=0; nouse=0; global=0; static=0; extern=0; dir=1; type=0; pingpong=0; private_global=0; IO mode=ap_vld:ce=0
Port [ weights]:  wired=1; compound=1; hidden=0; nouse=0; global=1; static=1; extern=0; dir=0; type=1; pingpong=0; private_global=0; MemPort=[13]; IO mode=ap_memory:ce=0
Port [ x_buf]:  wired=1; compound=1; hidden=0; nouse=0; global=1; static=1; extern=0; dir=0; type=1; pingpong=0; private_global=0; MemPort=[13]; IO mode=ap_memory:ce=0
---------------- STG Properties END ------------------

---------------- Datapath Model BEGIN ----------------

<LifeTime>
<method=bitvector/>
y                      (alloca           ) [ 01111111]
i_1                    (alloca           ) [ 01000000]
store_ln40             (store            ) [ 00000000]
store_ln39             (store            ) [ 00000000]
br_ln0                 (br               ) [ 00000000]
i                      (load             ) [ 00000000]
icmp_ln40              (icmp             ) [ 01111110]
add_ln40               (add              ) [ 00000000]
br_ln40                (br               ) [ 00000000]
zext_ln40              (zext             ) [ 00000000]
weights_addr           (getelementptr    ) [ 01100000]
x_buf_addr             (getelementptr    ) [ 01100000]
store_ln40             (store            ) [ 00000000]
weights_load           (load             ) [ 01011100]
x_buf_load             (load             ) [ 01011100]
mul                    (fmul             ) [ 01000011]
y_load                 (load             ) [ 01000001]
specpipeline_ln41      (specpipeline     ) [ 00000000]
speclooptripcount_ln39 (speclooptripcount) [ 00000000]
specloopname_ln40      (specloopname     ) [ 00000000]
y_1                    (fadd             ) [ 00000000]
store_ln39             (store            ) [ 00000000]
br_ln40                (br               ) [ 00000000]
y_load_1               (load             ) [ 00000000]
write_ln0              (write            ) [ 00000000]
ret_ln0                (ret              ) [ 00000000]
</LifeTime>

<model>

<comp_list>
<comp id="0" class="1000" name="y_out">
<pin_list>
<pin id="1" dir="1" index="0" bw="1" slack="0"/>
</pin_list>
<bind>
<StgValue><ssdm name="y_out"/></StgValue>
</bind>
</comp>

<comp id="2" class="1000" name="weights">
<pin_list>
<pin id="3" dir="1" index="0" bw="1" slack="0"/>
</pin_list>
<bind>
<StgValue><ssdm name="weights"/><MemPortTyVec>1 3 </MemPortTyVec>
</StgValue>
</bind>
</comp>

<comp id="4" class="1000" name="x_buf">
<pin_list>
<pin id="5" dir="1" index="0" bw="1" slack="0"/>
</pin_list>
<bind>
<StgValue><ssdm name="x_buf"/><MemPortTyVec>1 3 </MemPortTyVec>
</StgValue>
</bind>
</comp>

<comp id="6" class="1001" name="const_6">
<pin_list>
<pin id="7" dir="1" index="0" bw="1" slack="0"/>
</pin_list>
<bind>
<StgValue><ssdm name=""/></StgValue>
</bind>
</comp>

<comp id="8" class="1001" name="const_8">
<pin_list>
<pin id="9" dir="1" index="0" bw="1" slack="0"/>
</pin_list>
<bind>
<StgValue><ssdm name=""/></StgValue>
</bind>
</comp>

<comp id="10" class="1001" name="const_10">
<pin_list>
<pin id="11" dir="1" index="0" bw="1" slack="0"/>
</pin_list>
<bind>
<StgValue><ssdm name=""/></StgValue>
</bind>
</comp>

<comp id="12" class="1001" name="const_12">
<pin_list>
<pin id="13" dir="1" index="0" bw="1" slack="0"/>
</pin_list>
<bind>
<StgValue><ssdm name=""/></StgValue>
</bind>
</comp>

<comp id="14" class="1001" name="const_14">
<pin_list>
<pin id="15" dir="1" index="0" bw="1" slack="0"/>
</pin_list>
<bind>
<StgValue><ssdm name=""/></StgValue>
</bind>
</comp>

<comp id="16" class="1001" name="const_16">
<pin_list>
<pin id="17" dir="1" index="0" bw="1" slack="0"/>
</pin_list>
<bind>
<StgValue><ssdm name=""/></StgValue>
</bind>
</comp>

<comp id="18" class="1001" name="const_18">
<pin_list>
<pin id="19" dir="1" index="0" bw="1" slack="2147483647"/>
</pin_list>
<bind>
<StgValue><ssdm name="_ssdm_op_SpecPipeline"/></StgValue>
</bind>
</comp>

<comp id="20" class="1001" name="const_20">
<pin_list>
<pin id="21" dir="1" index="0" bw="1" slack="2147483647"/>
</pin_list>
<bind>
<StgValue><ssdm name=""/></StgValue>
</bind>
</comp>

<comp id="22" class="1001" name="const_22">
<pin_list>
<pin id="23" dir="1" index="0" bw="1" slack="2147483647"/>
</pin_list>
<bind>
<StgValue><ssdm name=""/></StgValue>
</bind>
</comp>

<comp id="24" class="1001" name="const_24">
<pin_list>
<pin id="25" dir="1" index="0" bw="1" slack="2147483647"/>
</pin_list>
<bind>
<StgValue><ssdm name="empty_1"/></StgValue>
</bind>
</comp>

<comp id="26" class="1001" name="const_26">
<pin_list>
<pin id="27" dir="1" index="0" bw="1" slack="2147483647"/>
</pin_list>
<bind>
<StgValue><ssdm name="_ssdm_op_SpecLoopTripCount"/></StgValue>
</bind>
</comp>

<comp id="28" class="1001" name="const_28">
<pin_list>
<pin id="29" dir="1" index="0" bw="1" slack="2147483647"/>
</pin_list>
<bind>
<StgValue><ssdm name=""/></StgValue>
</bind>
</comp>

<comp id="30" class="1001" name="const_30">
<pin_list>
<pin id="31" dir="1" index="0" bw="1" slack="2147483647"/>
</pin_list>
<bind>
<StgValue><ssdm name="_ssdm_op_SpecLoopName"/></StgValue>
</bind>
</comp>

<comp id="32" class="1001" name="const_32">
<pin_list>
<pin id="33" dir="1" index="0" bw="1" slack="2147483647"/>
</pin_list>
<bind>
<StgValue><ssdm name="empty_8"/></StgValue>
</bind>
</comp>

<comp id="34" class="1001" name="const_34">
<pin_list>
<pin id="35" dir="1" index="0" bw="1" slack="0"/>
</pin_list>
<bind>
<StgValue><ssdm name="_ssdm_op_Write.ap_auto.floatP0A"/></StgValue>
</bind>
</comp>

<comp id="36" class="1004" name="y_fu_36">
<pin_list>
<pin id="37" dir="0" index="0" bw="1" slack="0"/>
<pin id="38" dir="1" index="1" bw="32" slack="0"/>
</pin_list>
<bind>
<opcode="alloca(26) " fcode="alloca"/>
<opset="y/1 "/>
</bind>
</comp>

<comp id="40" class="1004" name="i_1_fu_40">
<pin_list>
<pin id="41" dir="0" index="0" bw="1" slack="0"/>
<pin id="42" dir="1" index="1" bw="5" slack="0"/>
</pin_list>
<bind>
<opcode="alloca(26) " fcode="alloca"/>
<opset="i_1/1 "/>
</bind>
</comp>

<comp id="44" class="1004" name="write_ln0_write_fu_44">
<pin_list>
<pin id="45" dir="0" index="0" bw="0" slack="0"/>
<pin id="46" dir="0" index="1" bw="32" slack="0"/>
<pin id="47" dir="0" index="2" bw="32" slack="0"/>
<pin id="48" dir="1" index="3" bw="0" slack="2147483647"/>
</pin_list>
<bind>
<opcode="write(1151) " fcode="write"/>
<opset="write_ln0/6 "/>
</bind>
</comp>

<comp id="51" class="1004" name="weights_addr_gep_fu_51">
<pin_list>
<pin id="52" dir="0" index="0" bw="32" slack="0"/>
<pin id="53" dir="0" index="1" bw="1" slack="0"/>
<pin id="54" dir="0" index="2" bw="5" slack="0"/>
<pin id="55" dir="1" index="3" bw="4" slack="0"/>
</pin_list>
<bind>
<opcode="getelementptr(29) " fcode="getelementptr"/>
<opset="weights_addr/1 "/>
</bind>
</comp>

<comp id="58" class="1004" name="grp_access_fu_58">
<pin_list>
<pin id="59" dir="0" index="0" bw="4" slack="0"/>
<pin id="60" dir="0" index="1" bw="32" slack="2147483647"/>
<pin id="61" dir="0" index="2" bw="0" slack="2147483647"/>
<pin id="62" dir="1" index="3" bw="32" slack="0"/>
</pin_list>
<bind>
<opcode="load(27) " fcode="load"/>
<opset="weights_load/1 "/>
</bind>
</comp>

<comp id="64" class="1004" name="x_buf_addr_gep_fu_64">
<pin_list>
<pin id="65" dir="0" index="0" bw="32" slack="0"/>
<pin id="66" dir="0" index="1" bw="1" slack="0"/>
<pin id="67" dir="0" index="2" bw="5" slack="0"/>
<pin id="68" dir="1" index="3" bw="4" slack="0"/>
</pin_list>
<bind>
<opcode="getelementptr(29) " fcode="getelementptr"/>
<opset="x_buf_addr/1 "/>
</bind>
</comp>

<comp id="71" class="1004" name="grp_access_fu_71">
<pin_list>
<pin id="72" dir="0" index="0" bw="4" slack="0"/>
<pin id="73" dir="0" index="1" bw="32" slack="2147483647"/>
<pin id="74" dir="0" index="2" bw="0" slack="2147483647"/>
<pin id="75" dir="1" index="3" bw="32" slack="0"/>
</pin_list>
<bind>
<opcode="load(27) " fcode="load"/>
<opset="x_buf_load/1 "/>
</bind>
</comp>

<comp id="77" class="1004" name="grp_fu_77">
<pin_list>
<pin id="78" dir="0" index="0" bw="32" slack="0"/>
<pin id="79" dir="0" index="1" bw="32" slack="1"/>
<pin id="80" dir="1" index="2" bw="32" slack="0"/>
</pin_list>
<bind>
<opcode="fadd(9) " fcode="fadd"/>
<opset="y_1/6 "/>
</bind>
</comp>

<comp id="81" class="1004" name="grp_fu_81">
<pin_list>
<pin id="82" dir="0" index="0" bw="32" slack="0"/>
<pin id="83" dir="0" index="1" bw="32" slack="0"/>
<pin id="84" dir="1" index="2" bw="32" slack="1"/>
</pin_list>
<bind>
<opcode="fmul(13) " fcode="fmul"/>
<opset="mul/2 "/>
</bind>
</comp>

<comp id="87" class="1004" name="store_ln40_store_fu_87">
<pin_list>
<pin id="88" dir="0" index="0" bw="1" slack="0"/>
<pin id="89" dir="0" index="1" bw="5" slack="0"/>
<pin id="90" dir="1" index="2" bw="0" slack="2147483647"/>
</pin_list>
<bind>
<opcode="store(28) " fcode="store"/>
<opset="store_ln40/1 "/>
</bind>
</comp>

<comp id="92" class="1004" name="store_ln39_store_fu_92">
<pin_list>
<pin id="93" dir="0" index="0" bw="32" slack="0"/>
<pin id="94" dir="0" index="1" bw="32" slack="0"/>
<pin id="95" dir="1" index="2" bw="0" slack="2147483647"/>
</pin_list>
<bind>
<opcode="store(28) " fcode="store"/>
<opset="store_ln39/1 "/>
</bind>
</comp>

<comp id="97" class="1004" name="i_load_fu_97">
<pin_list>
<pin id="98" dir="0" index="0" bw="5" slack="0"/>
<pin id="99" dir="1" index="1" bw="5" slack="0"/>
</pin_list>
<bind>
<opcode="load(27) " fcode="load"/>
<opset="i/1 "/>
</bind>
</comp>

<comp id="100" class="1004" name="icmp_ln40_fu_100">
<pin_list>
<pin id="101" dir="0" index="0" bw="5" slack="0"/>
<pin id="102" dir="0" index="1" bw="5" slack="0"/>
<pin id="103" dir="1" index="2" bw="1" slack="5"/>
</pin_list>
<bind>
<opcode="icmp(45) " fcode="icmp"/>
<opset="icmp_ln40/1 "/>
</bind>
</comp>

<comp id="106" class="1004" name="add_ln40_fu_106">
<pin_list>
<pin id="107" dir="0" index="0" bw="5" slack="0"/>
<pin id="108" dir="0" index="1" bw="1" slack="0"/>
<pin id="109" dir="1" index="2" bw="5" slack="0"/>
</pin_list>
<bind>
<opcode="add(8) " fcode="add"/>
<opset="add_ln40/1 "/>
</bind>
</comp>

<comp id="112" class="1004" name="zext_ln40_fu_112">
<pin_list>
<pin id="113" dir="0" index="0" bw="5" slack="0"/>
<pin id="114" dir="1" index="1" bw="64" slack="0"/>
</pin_list>
<bind>
<opcode="zext(34) " fcode="zext"/>
<opset="zext_ln40/1 "/>
</bind>
</comp>

<comp id="118" class="1004" name="store_ln40_store_fu_118">
<pin_list>
<pin id="119" dir="0" index="0" bw="5" slack="0"/>
<pin id="120" dir="0" index="1" bw="5" slack="0"/>
<pin id="121" dir="1" index="2" bw="0" slack="2147483647"/>
</pin_list>
<bind>
<opcode="store(28) " fcode="store"/>
<opset="store_ln40/1 "/>
</bind>
</comp>

<comp id="123" class="1004" name="y_load_load_fu_123">
<pin_list>
<pin id="124" dir="0" index="0" bw="32" slack="5"/>
<pin id="125" dir="1" index="1" bw="32" slack="0"/>
</pin_list>
<bind>
<opcode="load(27) " fcode="load"/>
<opset="y_load/6 "/>
</bind>
</comp>

<comp id="127" class="1004" name="store_ln39_store_fu_127">
<pin_list>
<pin id="128" dir="0" index="0" bw="32" slack="0"/>
<pin id="129" dir="0" index="1" bw="32" slack="6"/>
<pin id="130" dir="1" index="2" bw="0" slack="2147483647"/>
</pin_list>
<bind>
<opcode="store(28) " fcode="store"/>
<opset="store_ln39/7 "/>
</bind>
</comp>

<comp id="132" class="1004" name="y_load_1_load_fu_132">
<pin_list>
<pin id="133" dir="0" index="0" bw="32" slack="5"/>
<pin id="134" dir="1" index="1" bw="32" slack="0"/>
</pin_list>
<bind>
<opcode="load(27) " fcode="load"/>
<opset="y_load_1/6 "/>
</bind>
</comp>

<comp id="136" class="1005" name="y_reg_136">
<pin_list>
<pin id="137" dir="0" index="0" bw="32" slack="0"/>
<pin id="138" dir="1" index="1" bw="32" slack="0"/>
</pin_list>
<bind>
<opset="y "/>
</bind>
</comp>

<comp id="144" class="1005" name="i_1_reg_144">
<pin_list>
<pin id="145" dir="0" index="0" bw="5" slack="0"/>
<pin id="146" dir="1" index="1" bw="5" slack="0"/>
</pin_list>
<bind>
<opset="i_1 "/>
</bind>
</comp>

<comp id="151" class="1005" name="icmp_ln40_reg_151">
<pin_list>
<pin id="152" dir="0" index="0" bw="1" slack="5"/>
<pin id="153" dir="1" index="1" bw="1" slack="2147483647"/>
</pin_list>
<bind>
<opset="icmp_ln40 "/>
</bind>
</comp>

<comp id="155" class="1005" name="weights_addr_reg_155">
<pin_list>
<pin id="156" dir="0" index="0" bw="4" slack="1"/>
<pin id="157" dir="1" index="1" bw="4" slack="1"/>
</pin_list>
<bind>
<opset="weights_addr "/>
</bind>
</comp>

<comp id="160" class="1005" name="x_buf_addr_reg_160">
<pin_list>
<pin id="161" dir="0" index="0" bw="4" slack="1"/>
<pin id="162" dir="1" index="1" bw="4" slack="1"/>
</pin_list>
<bind>
<opset="x_buf_addr "/>
</bind>
</comp>

<comp id="165" class="1005" name="weights_load_reg_165">
<pin_list>
<pin id="166" dir="0" index="0" bw="32" slack="1"/>
<pin id="167" dir="1" index="1" bw="32" slack="1"/>
</pin_list>
<bind>
<opset="weights_load "/>
</bind>
</comp>

<comp id="170" class="1005" name="x_buf_load_reg_170">
<pin_list>
<pin id="171" dir="0" index="0" bw="32" slack="1"/>
<pin id="172" dir="1" index="1" bw="32" slack="1"/>
</pin_list>
<bind>
<opset="x_buf_load "/>
</bind>
</comp>

<comp id="175" class="1005" name="mul_reg_175">
<pin_list>
<pin id="176" dir="0" index="0" bw="32" slack="1"/>
<pin id="177" dir="1" index="1" bw="32" slack="1"/>
</pin_list>
<bind>
<opset="mul "/>
</bind>
</comp>

<comp id="180" class="1005" name="y_load_reg_180">
<pin_list>
<pin id="181" dir="0" index="0" bw="32" slack="1"/>
<pin id="182" dir="1" index="1" bw="32" slack="1"/>
</pin_list>
<bind>
<opset="y_load "/>
</bind>
</comp>

</comp_list>

<net_list>
<net id="39"><net_src comp="6" pin="0"/><net_sink comp="36" pin=0"/></net>

<net id="43"><net_src comp="6" pin="0"/><net_sink comp="40" pin=0"/></net>

<net id="49"><net_src comp="34" pin="0"/><net_sink comp="44" pin=0"/></net>

<net id="50"><net_src comp="0" pin="0"/><net_sink comp="44" pin=1"/></net>

<net id="56"><net_src comp="2" pin="0"/><net_sink comp="51" pin=0"/></net>

<net id="57"><net_src comp="16" pin="0"/><net_sink comp="51" pin=1"/></net>

<net id="63"><net_src comp="51" pin="3"/><net_sink comp="58" pin=0"/></net>

<net id="69"><net_src comp="4" pin="0"/><net_sink comp="64" pin=0"/></net>

<net id="70"><net_src comp="16" pin="0"/><net_sink comp="64" pin=1"/></net>

<net id="76"><net_src comp="64" pin="3"/><net_sink comp="71" pin=0"/></net>

<net id="85"><net_src comp="58" pin="3"/><net_sink comp="81" pin=0"/></net>

<net id="86"><net_src comp="71" pin="3"/><net_sink comp="81" pin=1"/></net>

<net id="91"><net_src comp="8" pin="0"/><net_sink comp="87" pin=0"/></net>

<net id="96"><net_src comp="10" pin="0"/><net_sink comp="92" pin=0"/></net>

<net id="104"><net_src comp="97" pin="1"/><net_sink comp="100" pin=0"/></net>

<net id="105"><net_src comp="12" pin="0"/><net_sink comp="100" pin=1"/></net>

<net id="110"><net_src comp="97" pin="1"/><net_sink comp="106" pin=0"/></net>

<net id="111"><net_src comp="14" pin="0"/><net_sink comp="106" pin=1"/></net>

<net id="115"><net_src comp="97" pin="1"/><net_sink comp="112" pin=0"/></net>

<net id="116"><net_src comp="112" pin="1"/><net_sink comp="51" pin=2"/></net>

<net id="117"><net_src comp="112" pin="1"/><net_sink comp="64" pin=2"/></net>

<net id="122"><net_src comp="106" pin="2"/><net_sink comp="118" pin=0"/></net>

<net id="126"><net_src comp="123" pin="1"/><net_sink comp="77" pin=0"/></net>

<net id="131"><net_src comp="77" pin="2"/><net_sink comp="127" pin=0"/></net>

<net id="135"><net_src comp="132" pin="1"/><net_sink comp="44" pin=2"/></net>

<net id="139"><net_src comp="36" pin="1"/><net_sink comp="136" pin=0"/></net>

<net id="140"><net_src comp="136" pin="1"/><net_sink comp="92" pin=1"/></net>

<net id="141"><net_src comp="136" pin="1"/><net_sink comp="123" pin=0"/></net>

<net id="142"><net_src comp="136" pin="1"/><net_sink comp="127" pin=1"/></net>

<net id="143"><net_src comp="136" pin="1"/><net_sink comp="132" pin=0"/></net>

<net id="147"><net_src comp="40" pin="1"/><net_sink comp="144" pin=0"/></net>

<net id="148"><net_src comp="144" pin="1"/><net_sink comp="87" pin=1"/></net>

<net id="149"><net_src comp="144" pin="1"/><net_sink comp="97" pin=0"/></net>

<net id="150"><net_src comp="144" pin="1"/><net_sink comp="118" pin=1"/></net>

<net id="154"><net_src comp="100" pin="2"/><net_sink comp="151" pin=0"/></net>

<net id="158"><net_src comp="51" pin="3"/><net_sink comp="155" pin=0"/></net>

<net id="159"><net_src comp="155" pin="1"/><net_sink comp="58" pin=0"/></net>

<net id="163"><net_src comp="64" pin="3"/><net_sink comp="160" pin=0"/></net>

<net id="164"><net_src comp="160" pin="1"/><net_sink comp="71" pin=0"/></net>

<net id="168"><net_src comp="58" pin="3"/><net_sink comp="165" pin=0"/></net>

<net id="169"><net_src comp="165" pin="1"/><net_sink comp="81" pin=0"/></net>

<net id="173"><net_src comp="71" pin="3"/><net_sink comp="170" pin=0"/></net>

<net id="174"><net_src comp="170" pin="1"/><net_sink comp="81" pin=1"/></net>

<net id="178"><net_src comp="81" pin="2"/><net_sink comp="175" pin=0"/></net>

<net id="179"><net_src comp="175" pin="1"/><net_sink comp="77" pin=1"/></net>

<net id="183"><net_src comp="123" pin="1"/><net_sink comp="180" pin=0"/></net>

<net id="184"><net_src comp="180" pin="1"/><net_sink comp="77" pin=0"/></net>

</net_list>

</model> 
---------------- Datapath Model END ------------------

* FSMD analyzer results:
  - Output states:
	Port: y_out | {6 }
	Port: weights | {}
	Port: x_buf | {}
 - Input state : 
	Port: lms_filter_Pipeline_VITIS_LOOP_40_2 : weights | {1 2 }
	Port: lms_filter_Pipeline_VITIS_LOOP_40_2 : x_buf | {1 2 }
  - Chain level:
	State 1
		store_ln40 : 1
		store_ln39 : 1
		i : 1
		icmp_ln40 : 2
		add_ln40 : 2
		br_ln40 : 3
		zext_ln40 : 2
		weights_addr : 3
		weights_load : 4
		x_buf_addr : 3
		x_buf_load : 4
		store_ln40 : 3
	State 2
		mul : 1
	State 3
	State 4
	State 5
	State 6
		y_1 : 1
		write_ln0 : 1
	State 7
		store_ln39 : 1


============================================================
+ Verbose Summary: Datapath Resource usage 
============================================================

* Functional unit list:
|----------|-----------------------|---------|---------|---------|
| Operation|    Functional Unit    |   DSP   |    FF   |   LUT   |
|----------|-----------------------|---------|---------|---------|
|   fadd   |       grp_fu_77       |    2    |   177   |   385   |
|----------|-----------------------|---------|---------|---------|
|   fmul   |       grp_fu_81       |    3    |   143   |   321   |
|----------|-----------------------|---------|---------|---------|
|   icmp   |    icmp_ln40_fu_100   |    0    |    0    |    13   |
|----------|-----------------------|---------|---------|---------|
|    add   |    add_ln40_fu_106    |    0    |    0    |    13   |
|----------|-----------------------|---------|---------|---------|
|   write  | write_ln0_write_fu_44 |    0    |    0    |    0    |
|----------|-----------------------|---------|---------|---------|
|   zext   |    zext_ln40_fu_112   |    0    |    0    |    0    |
|----------|-----------------------|---------|---------|---------|
|   Total  |                       |    5    |   320   |   732   |
|----------|-----------------------|---------|---------|---------|

Memories:
N/A

* Register list:
+--------------------+--------+
|                    |   FF   |
+--------------------+--------+
|     i_1_reg_144    |    5   |
|  icmp_ln40_reg_151 |    1   |
|     mul_reg_175    |   32   |
|weights_addr_reg_155|    4   |
|weights_load_reg_165|   32   |
| x_buf_addr_reg_160 |    4   |
| x_buf_load_reg_170 |   32   |
|   y_load_reg_180   |   32   |
|      y_reg_136     |   32   |
+--------------------+--------+
|        Total       |   174  |
+--------------------+--------+

* Multiplexer (MUX) list: 
|------------------|------|------|------|--------||---------||---------||---------|
|       Comp       |  Pin | Size |  BW  | S x BW ||  Delay  ||    FF   ||   LUT   |
|------------------|------|------|------|--------||---------||---------||---------|
| grp_access_fu_58 |  p0  |   2  |   4  |    8   ||    0    ||    9    |
| grp_access_fu_71 |  p0  |   2  |   4  |    8   ||    0    ||    9    |
|     grp_fu_77    |  p0  |   2  |  32  |   64   ||    0    ||    9    |
|     grp_fu_81    |  p0  |   2  |  32  |   64   ||    0    ||    9    |
|     grp_fu_81    |  p1  |   2  |  32  |   64   ||    0    ||    9    |
|------------------|------|------|------|--------||---------||---------||---------|
|       Total      |      |      |      |   208  ||   7.94  ||    0    ||    45   |
|------------------|------|------|------|--------||---------||---------||---------|



* Summary:
+-----------+--------+--------+--------+--------+
|           |   DSP  |  Delay |   FF   |   LUT  |
+-----------+--------+--------+--------+--------+
|  Function |    5   |    -   |   320  |   732  |
|   Memory  |    -   |    -   |    -   |    -   |
|Multiplexer|    -   |    7   |    0   |   45   |
|  Register |    -   |    -   |   174  |    -   |
+-----------+--------+--------+--------+--------+
|   Total   |    5   |    7   |   494  |   777  |
+-----------+--------+--------+--------+--------+
