

================================================================
== Vitis HLS Report for 'lms_filter_Pipeline_VITIS_LOOP_33_1'
================================================================
* Date:           Sun Apr 26 14:51:11 2026

* Version:        2025.2 (Build 6295257 on Nov 14 2025)
* Project:        lms_filter
* Solution:       hls (Vivado IP Flow Target)
* Product family: zynq
* Target device:  xc7z007s-clg400-1


================================================================
== Performance Estimates
================================================================
+ Timing: 
    * Summary: 
    +--------+----------+----------+------------+
    |  Clock |  Target  | Estimated| Uncertainty|
    +--------+----------+----------+------------+
    |ap_clk  |  10.00 ns|  5.645 ns|     2.70 ns|
    +--------+----------+----------+------------+

+ Latency: 
    * Summary: 
    +---------+---------+----------+----------+-----+-----+-------------------+
    |  Latency (cycles) |  Latency (absolute) |  Interval |      Pipeline     |
    |   min   |   max   |    min   |    max   | min | max |        Type       |
    +---------+---------+----------+----------+-----+-----+-------------------+
    |       17|       17|  0.170 us|  0.170 us|    0|    0|  loop pipeline stp|
    +---------+---------+----------+----------+-----+-----+-------------------+

    + Detail: 
        * Instance: 
        N/A

        * Loop: 
        +-------------------+---------+---------+----------+-----------+-----------+------+----------+
        |                   |  Latency (cycles) | Iteration|  Initiation Interval  | Trip |          |
        |     Loop Name     |   min   |   max   |  Latency |  achieved |   target  | Count| Pipelined|
        +-------------------+---------+---------+----------+-----------+-----------+------+----------+
        |- VITIS_LOOP_33_1  |       15|       15|         2|          1|          1|    15|       yes|
        +-------------------+---------+---------+----------+-----------+-----------+------+----------+



================================================================
== Utilization Estimates
================================================================
* Summary: 
+-----------------+---------+----+-------+-------+-----+
|       Name      | BRAM_18K| DSP|   FF  |  LUT  | URAM|
+-----------------+---------+----+-------+-------+-----+
|DSP              |        -|   -|      -|      -|    -|
|Expression       |        -|   -|      0|     28|    -|
|FIFO             |        -|   -|      -|      -|    -|
|Instance         |        -|   -|      -|      -|    -|
|Memory           |        -|   -|      -|      -|    -|
|Multiplexer      |        -|   -|      0|     36|    -|
|Register         |        -|   -|     11|      -|    -|
+-----------------+---------+----+-------+-------+-----+
|Total            |        0|   0|     11|     64|    0|
+-----------------+---------+----+-------+-------+-----+
|Available        |      100|  66|  28800|  14400|    0|
+-----------------+---------+----+-------+-------+-----+
|Utilization (%)  |        0|   0|     ~0|     ~0|    0|
+-----------------+---------+----+-------+-------+-----+

+ Detail: 
    * Instance: 
    N/A

    * DSP: 
    N/A

    * Memory: 
    N/A

    * FIFO: 
    N/A

    * Expression: 
    +--------------------+----------+----+---+----+------------+------------+
    |    Variable Name   | Operation| DSP| FF| LUT| Bitwidth P0| Bitwidth P1|
    +--------------------+----------+----+---+----+------------+------------+
    |add_ln35_fu_70_p2   |         +|   0|  0|  13|           4|           2|
    |icmp_ln33_fu_64_p2  |      icmp|   0|  0|  13|           4|           1|
    |ap_enable_pp0       |       xor|   0|  0|   2|           1|           2|
    +--------------------+----------+----+---+----+------------+------------+
    |Total               |          |   0|  0|  28|           9|           5|
    +--------------------+----------+----+---+----+------------+------------+

    * Multiplexer: 
    +-------------------------+----+-----------+-----+-----------+
    |           Name          | LUT| Input Size| Bits| Total Bits|
    +-------------------------+----+-----------+-----+-----------+
    |ap_done_int              |   9|          2|    1|          2|
    |ap_enable_reg_pp0_iter1  |   9|          2|    1|          2|
    |ap_sig_allocacmp_i_2     |   9|          2|    4|          8|
    |i_fu_26                  |   9|          2|    4|          8|
    +-------------------------+----+-----------+-----+-----------+
    |Total                    |  36|          8|   10|         20|
    +-------------------------+----+-----------+-----+-----------+

    * Register: 
    +-------------------------+---+----+-----+-----------+
    |           Name          | FF| LUT| Bits| Const Bits|
    +-------------------------+---+----+-----+-----------+
    |ap_CS_fsm                |  1|   0|    1|          0|
    |ap_done_reg              |  1|   0|    1|          0|
    |ap_enable_reg_pp0_iter1  |  1|   0|    1|          0|
    |i_2_reg_97               |  4|   0|    4|          0|
    |i_fu_26                  |  4|   0|    4|          0|
    +-------------------------+---+----+-----+-----------+
    |Total                    | 11|   0|   11|          0|
    +-------------------------+---+----+-----+-----------+



================================================================
== Interface
================================================================
* Summary: 
+----------------+-----+-----+------------+-------------------------------------+--------------+
|    RTL Ports   | Dir | Bits|  Protocol  |            Source Object            |    C Type    |
+----------------+-----+-----+------------+-------------------------------------+--------------+
|ap_clk          |   in|    1|  ap_ctrl_hs|  lms_filter_Pipeline_VITIS_LOOP_33_1|  return value|
|ap_rst          |   in|    1|  ap_ctrl_hs|  lms_filter_Pipeline_VITIS_LOOP_33_1|  return value|
|ap_start        |   in|    1|  ap_ctrl_hs|  lms_filter_Pipeline_VITIS_LOOP_33_1|  return value|
|ap_done         |  out|    1|  ap_ctrl_hs|  lms_filter_Pipeline_VITIS_LOOP_33_1|  return value|
|ap_idle         |  out|    1|  ap_ctrl_hs|  lms_filter_Pipeline_VITIS_LOOP_33_1|  return value|
|ap_ready        |  out|    1|  ap_ctrl_hs|  lms_filter_Pipeline_VITIS_LOOP_33_1|  return value|
|x_buf_address0  |  out|    4|   ap_memory|                                x_buf|         array|
|x_buf_ce0       |  out|    1|   ap_memory|                                x_buf|         array|
|x_buf_we0       |  out|    1|   ap_memory|                                x_buf|         array|
|x_buf_d0        |  out|   32|   ap_memory|                                x_buf|         array|
|x_buf_address1  |  out|    4|   ap_memory|                                x_buf|         array|
|x_buf_ce1       |  out|    1|   ap_memory|                                x_buf|         array|
|x_buf_q1        |   in|   32|   ap_memory|                                x_buf|         array|
+----------------+-----+-----+------------+-------------------------------------+--------------+

============================================================
+ Verbose Summary: Synthesis Manager
============================================================
InlineROM: 1
ExposeGlobal: 0
============================================================
+ Verbose Summary: CDFG Model
============================================================
IsTopModel: 0
ResetActiveHigh: 1
IsCombinational: 2
IsDatapathOnly: 2
HasWiredReturn: 1
HasMFsm: 2
HasVarLatency: 1
IsPipeline: 0
IsRtlPipelined: 0
IsInstanceOverlapped: 0
IsDontTouch: 0
HasImplIP: 0
IsGatedGlobalClock: 0

+ Individual pipeline summary: 
  * Pipeline-0: initiation interval (II) = 1, depth = 2


============================================================
+ Verbose Summary: Schedule
============================================================
* Number of FSM states : 2
* Pipeline : 1
  Pipeline-0 : II = 1, D = 2, States = { 1 2 }
* Dataflow Pipeline: 0

* FSM state transitions: 
1 --> 2 
2 --> 

* FSM state operations: 

State 1 <SV = 0> <Delay = 5.64>
ST_1 : Operation 5 [1/1] (0.00ns)   --->   "%i = alloca i32 1" [../lms_filter.cpp:33]   --->   Operation 5 'alloca' 'i' <Predicate = true> <Delay = 0.00>
ST_1 : Operation 6 [1/1] (1.58ns)   --->   "%store_ln33 = store i4 15, i4 %i" [../lms_filter.cpp:33]   --->   Operation 6 'store' 'store_ln33' <Predicate = true> <Delay = 1.58>
ST_1 : Operation 7 [1/1] (0.00ns)   --->   "%br_ln0 = br void %for.inc"   --->   Operation 7 'br' 'br_ln0' <Predicate = true> <Delay = 0.00>
ST_1 : Operation 8 [1/1] (0.00ns)   --->   "%i_2 = load i4 %i" [../lms_filter.cpp:35]   --->   Operation 8 'load' 'i_2' <Predicate = true> <Delay = 0.00>
ST_1 : Operation 9 [1/1] (1.73ns)   --->   "%icmp_ln33 = icmp_eq  i4 %i_2, i4 0" [../lms_filter.cpp:33]   --->   Operation 9 'icmp' 'icmp_ln33' <Predicate = true> <Delay = 1.73> <CoreInst = "Cmp">   --->   Core 9 'Cmp' <Latency = 0> <II = 1> <Delay = 1.73> <FuncUnit> <Opcode : 'seteq' 'setne' 'setle' 'setge' 'setlt' 'setgt'> <InPorts = 2> <OutPorts = 1>
ST_1 : Operation 10 [1/1] (0.00ns)   --->   "%br_ln33 = br i1 %icmp_ln33, void %for.inc.split, void %for.end.exitStub" [../lms_filter.cpp:33]   --->   Operation 10 'br' 'br_ln33' <Predicate = true> <Delay = 0.00>
ST_1 : Operation 11 [1/1] (1.73ns)   --->   "%add_ln35 = add i4 %i_2, i4 15" [../lms_filter.cpp:35]   --->   Operation 11 'add' 'add_ln35' <Predicate = (!icmp_ln33)> <Delay = 1.73> <CoreInst = "Adder">   --->   Core 1 'Adder' <Latency = 0> <II = 1> <Delay = 1.73> <FuncUnit> <Opcode : 'add' 'sub'> <InPorts = 2> <OutPorts = 1>
ST_1 : Operation 12 [1/1] (0.00ns)   --->   "%zext_ln35 = zext i4 %add_ln35" [../lms_filter.cpp:35]   --->   Operation 12 'zext' 'zext_ln35' <Predicate = (!icmp_ln33)> <Delay = 0.00>
ST_1 : Operation 13 [1/1] (0.00ns)   --->   "%x_buf_addr = getelementptr i32 %x_buf, i64 0, i64 %zext_ln35" [../lms_filter.cpp:35]   --->   Operation 13 'getelementptr' 'x_buf_addr' <Predicate = (!icmp_ln33)> <Delay = 0.00>
ST_1 : Operation 14 [2/2] (2.32ns)   --->   "%x_buf_load = load i4 %x_buf_addr" [../lms_filter.cpp:35]   --->   Operation 14 'load' 'x_buf_load' <Predicate = (!icmp_ln33)> <Delay = 2.32> <CoreInst = "RAM">   --->   Core 81 'RAM' <Latency = 1> <II = 1> <Delay = 2.32> <Storage> <Opcode : 'load' 'store'> <Ports = 2> <Width = 32> <Depth = 16> <RAM>
ST_1 : Operation 15 [1/1] (1.58ns)   --->   "%store_ln33 = store i4 %add_ln35, i4 %i" [../lms_filter.cpp:33]   --->   Operation 15 'store' 'store_ln33' <Predicate = (!icmp_ln33)> <Delay = 1.58>
ST_1 : Operation 24 [1/1] (1.58ns)   --->   "%ret_ln0 = ret"   --->   Operation 24 'ret' 'ret_ln0' <Predicate = (icmp_ln33)> <Delay = 1.58>

State 2 <SV = 1> <Delay = 4.64>
ST_2 : Operation 16 [1/1] (0.00ns)   --->   "%zext_ln33 = zext i4 %i_2" [../lms_filter.cpp:33]   --->   Operation 16 'zext' 'zext_ln33' <Predicate = true> <Delay = 0.00>
ST_2 : Operation 17 [1/1] (0.00ns)   --->   "%specpipeline_ln33 = specpipeline void @_ssdm_op_SpecPipeline, i32 4294967295, i32 0, i32 0, i32 0, i32 4294967295, void @empty_1" [../lms_filter.cpp:33]   --->   Operation 17 'specpipeline' 'specpipeline_ln33' <Predicate = true> <Delay = 0.00>
ST_2 : Operation 18 [1/1] (0.00ns)   --->   "%speclooptripcount_ln33 = speclooptripcount void @_ssdm_op_SpecLoopTripCount, i64 15, i64 15, i64 15" [../lms_filter.cpp:33]   --->   Operation 18 'speclooptripcount' 'speclooptripcount_ln33' <Predicate = true> <Delay = 0.00>
ST_2 : Operation 19 [1/1] (0.00ns)   --->   "%specloopname_ln33 = specloopname void @_ssdm_op_SpecLoopName, void @empty_10" [../lms_filter.cpp:33]   --->   Operation 19 'specloopname' 'specloopname_ln33' <Predicate = true> <Delay = 0.00>
ST_2 : Operation 20 [1/2] ( I:2.32ns O:2.32ns )   --->   "%x_buf_load = load i4 %x_buf_addr" [../lms_filter.cpp:35]   --->   Operation 20 'load' 'x_buf_load' <Predicate = true> <Delay = 2.32> <CoreInst = "RAM">   --->   Core 81 'RAM' <Latency = 1> <II = 1> <Delay = 2.32> <Storage> <Opcode : 'load' 'store'> <Ports = 2> <Width = 32> <Depth = 16> <RAM>
ST_2 : Operation 21 [1/1] (0.00ns)   --->   "%x_buf_addr_1 = getelementptr i32 %x_buf, i64 0, i64 %zext_ln33" [../lms_filter.cpp:35]   --->   Operation 21 'getelementptr' 'x_buf_addr_1' <Predicate = true> <Delay = 0.00>
ST_2 : Operation 22 [1/1] ( I:2.32ns O:2.32ns )   --->   "%store_ln35 = store i32 %x_buf_load, i4 %x_buf_addr_1" [../lms_filter.cpp:35]   --->   Operation 22 'store' 'store_ln35' <Predicate = true> <Delay = 2.32> <CoreInst = "RAM">   --->   Core 81 'RAM' <Latency = 1> <II = 1> <Delay = 2.32> <Storage> <Opcode : 'load' 'store'> <Ports = 2> <Width = 32> <Depth = 16> <RAM>
ST_2 : Operation 23 [1/1] (0.00ns)   --->   "%br_ln33 = br void %for.inc" [../lms_filter.cpp:33]   --->   Operation 23 'br' 'br_ln33' <Predicate = true> <Delay = 0.00>


============================================================
+ Verbose Summary: Binding
============================================================
STG Binding: 
---------------- STG Properties BEGIN ----------------
- Is combinational: 0
- Is one-state seq: 0
- Is datapath-only: 0
- Is pipelined: 0
- Is top level: 0
Port [ Return ] is wired: 1; IO mode=ap_ctrl_hs:ce=0
Port [ x_buf]:  wired=1; compound=1; hidden=0; nouse=0; global=1; static=1; extern=0; dir=2; type=1; pingpong=0; private_global=0; MemPort=[01]; IO mode=ap_memory:ce=0
---------------- STG Properties END ------------------

---------------- Datapath Model BEGIN ----------------

<LifeTime>
<method=bitvector/>
i                      (alloca           ) [ 010]
store_ln33             (store            ) [ 000]
br_ln0                 (br               ) [ 000]
i_2                    (load             ) [ 011]
icmp_ln33              (icmp             ) [ 010]
br_ln33                (br               ) [ 000]
add_ln35               (add              ) [ 000]
zext_ln35              (zext             ) [ 000]
x_buf_addr             (getelementptr    ) [ 011]
store_ln33             (store            ) [ 000]
zext_ln33              (zext             ) [ 000]
specpipeline_ln33      (specpipeline     ) [ 000]
speclooptripcount_ln33 (speclooptripcount) [ 000]
specloopname_ln33      (specloopname     ) [ 000]
x_buf_load             (load             ) [ 000]
x_buf_addr_1           (getelementptr    ) [ 000]
store_ln35             (store            ) [ 000]
br_ln33                (br               ) [ 000]
ret_ln0                (ret              ) [ 000]
</LifeTime>

<model>

<comp_list>
<comp id="0" class="1000" name="x_buf">
<pin_list>
<pin id="1" dir="1" index="0" bw="1" slack="0"/>
</pin_list>
<bind>
<StgValue><ssdm name="x_buf"/><MemPortTyVec>0 1 </MemPortTyVec>
</StgValue>
</bind>
</comp>

<comp id="2" class="1001" name="const_2">
<pin_list>
<pin id="3" dir="1" index="0" bw="1" slack="0"/>
</pin_list>
<bind>
<StgValue><ssdm name=""/></StgValue>
</bind>
</comp>

<comp id="4" class="1001" name="const_4">
<pin_list>
<pin id="5" dir="1" index="0" bw="1" slack="0"/>
</pin_list>
<bind>
<StgValue><ssdm name=""/></StgValue>
</bind>
</comp>

<comp id="6" class="1001" name="const_6">
<pin_list>
<pin id="7" dir="1" index="0" bw="1" slack="0"/>
</pin_list>
<bind>
<StgValue><ssdm name=""/></StgValue>
</bind>
</comp>

<comp id="8" class="1001" name="const_8">
<pin_list>
<pin id="9" dir="1" index="0" bw="1" slack="0"/>
</pin_list>
<bind>
<StgValue><ssdm name=""/></StgValue>
</bind>
</comp>

<comp id="10" class="1001" name="const_10">
<pin_list>
<pin id="11" dir="1" index="0" bw="1" slack="2147483647"/>
</pin_list>
<bind>
<StgValue><ssdm name="_ssdm_op_SpecPipeline"/></StgValue>
</bind>
</comp>

<comp id="12" class="1001" name="const_12">
<pin_list>
<pin id="13" dir="1" index="0" bw="1" slack="2147483647"/>
</pin_list>
<bind>
<StgValue><ssdm name=""/></StgValue>
</bind>
</comp>

<comp id="14" class="1001" name="const_14">
<pin_list>
<pin id="15" dir="1" index="0" bw="1" slack="2147483647"/>
</pin_list>
<bind>
<StgValue><ssdm name=""/></StgValue>
</bind>
</comp>

<comp id="16" class="1001" name="const_16">
<pin_list>
<pin id="17" dir="1" index="0" bw="1" slack="2147483647"/>
</pin_list>
<bind>
<StgValue><ssdm name="empty_1"/></StgValue>
</bind>
</comp>

<comp id="18" class="1001" name="const_18">
<pin_list>
<pin id="19" dir="1" index="0" bw="1" slack="2147483647"/>
</pin_list>
<bind>
<StgValue><ssdm name="_ssdm_op_SpecLoopTripCount"/></StgValue>
</bind>
</comp>

<comp id="20" class="1001" name="const_20">
<pin_list>
<pin id="21" dir="1" index="0" bw="1" slack="2147483647"/>
</pin_list>
<bind>
<StgValue><ssdm name=""/></StgValue>
</bind>
</comp>

<comp id="22" class="1001" name="const_22">
<pin_list>
<pin id="23" dir="1" index="0" bw="1" slack="2147483647"/>
</pin_list>
<bind>
<StgValue><ssdm name="_ssdm_op_SpecLoopName"/></StgValue>
</bind>
</comp>

<comp id="24" class="1001" name="const_24">
<pin_list>
<pin id="25" dir="1" index="0" bw="1" slack="2147483647"/>
</pin_list>
<bind>
<StgValue><ssdm name="empty_10"/></StgValue>
</bind>
</comp>

<comp id="26" class="1004" name="i_fu_26">
<pin_list>
<pin id="27" dir="0" index="0" bw="1" slack="0"/>
<pin id="28" dir="1" index="1" bw="4" slack="0"/>
</pin_list>
<bind>
<opcode="alloca(26) " fcode="alloca"/>
<opset="i/1 "/>
</bind>
</comp>

<comp id="30" class="1004" name="x_buf_addr_gep_fu_30">
<pin_list>
<pin id="31" dir="0" index="0" bw="32" slack="0"/>
<pin id="32" dir="0" index="1" bw="1" slack="0"/>
<pin id="33" dir="0" index="2" bw="4" slack="0"/>
<pin id="34" dir="1" index="3" bw="4" slack="0"/>
</pin_list>
<bind>
<opcode="getelementptr(29) " fcode="getelementptr"/>
<opset="x_buf_addr/1 "/>
</bind>
</comp>

<comp id="37" class="1004" name="grp_access_fu_37">
<pin_list>
<pin id="38" dir="0" index="0" bw="4" slack="0"/>
<pin id="39" dir="0" index="1" bw="32" slack="0"/>
<pin id="40" dir="0" index="2" bw="0" slack="0"/>
<pin id="42" dir="0" index="4" bw="4" slack="2147483647"/>
<pin id="43" dir="0" index="5" bw="32" slack="2147483647"/>
<pin id="44" dir="0" index="6" bw="0" slack="2147483647"/>
<pin id="41" dir="1" index="3" bw="32" slack="2147483647"/>
<pin id="45" dir="1" index="7" bw="32" slack="0"/>
</pin_list>
<bind>
<opcode="load(27) store(28) " fcode="store"/>
<opset="x_buf_load/1 store_ln35/2 "/>
</bind>
</comp>

<comp id="47" class="1004" name="x_buf_addr_1_gep_fu_47">
<pin_list>
<pin id="48" dir="0" index="0" bw="32" slack="0"/>
<pin id="49" dir="0" index="1" bw="1" slack="0"/>
<pin id="50" dir="0" index="2" bw="4" slack="0"/>
<pin id="51" dir="1" index="3" bw="4" slack="0"/>
</pin_list>
<bind>
<opcode="getelementptr(29) " fcode="getelementptr"/>
<opset="x_buf_addr_1/2 "/>
</bind>
</comp>

<comp id="56" class="1004" name="store_ln33_store_fu_56">
<pin_list>
<pin id="57" dir="0" index="0" bw="1" slack="0"/>
<pin id="58" dir="0" index="1" bw="4" slack="0"/>
<pin id="59" dir="1" index="2" bw="0" slack="2147483647"/>
</pin_list>
<bind>
<opcode="store(28) " fcode="store"/>
<opset="store_ln33/1 "/>
</bind>
</comp>

<comp id="61" class="1004" name="i_2_load_fu_61">
<pin_list>
<pin id="62" dir="0" index="0" bw="4" slack="0"/>
<pin id="63" dir="1" index="1" bw="4" slack="0"/>
</pin_list>
<bind>
<opcode="load(27) " fcode="load"/>
<opset="i_2/1 "/>
</bind>
</comp>

<comp id="64" class="1004" name="icmp_ln33_fu_64">
<pin_list>
<pin id="65" dir="0" index="0" bw="4" slack="0"/>
<pin id="66" dir="0" index="1" bw="4" slack="0"/>
<pin id="67" dir="1" index="2" bw="1" slack="2147483647"/>
</pin_list>
<bind>
<opcode="icmp(45) " fcode="icmp"/>
<opset="icmp_ln33/1 "/>
</bind>
</comp>

<comp id="70" class="1004" name="add_ln35_fu_70">
<pin_list>
<pin id="71" dir="0" index="0" bw="4" slack="0"/>
<pin id="72" dir="0" index="1" bw="1" slack="0"/>
<pin id="73" dir="1" index="2" bw="4" slack="0"/>
</pin_list>
<bind>
<opcode="add(8) " fcode="add"/>
<opset="add_ln35/1 "/>
</bind>
</comp>

<comp id="76" class="1004" name="zext_ln35_fu_76">
<pin_list>
<pin id="77" dir="0" index="0" bw="4" slack="0"/>
<pin id="78" dir="1" index="1" bw="64" slack="0"/>
</pin_list>
<bind>
<opcode="zext(34) " fcode="zext"/>
<opset="zext_ln35/1 "/>
</bind>
</comp>

<comp id="81" class="1004" name="store_ln33_store_fu_81">
<pin_list>
<pin id="82" dir="0" index="0" bw="4" slack="0"/>
<pin id="83" dir="0" index="1" bw="4" slack="0"/>
<pin id="84" dir="1" index="2" bw="0" slack="2147483647"/>
</pin_list>
<bind>
<opcode="store(28) " fcode="store"/>
<opset="store_ln33/1 "/>
</bind>
</comp>

<comp id="86" class="1004" name="zext_ln33_fu_86">
<pin_list>
<pin id="87" dir="0" index="0" bw="4" slack="1"/>
<pin id="88" dir="1" index="1" bw="64" slack="0"/>
</pin_list>
<bind>
<opcode="zext(34) " fcode="zext"/>
<opset="zext_ln33/2 "/>
</bind>
</comp>

<comp id="90" class="1005" name="i_reg_90">
<pin_list>
<pin id="91" dir="0" index="0" bw="4" slack="0"/>
<pin id="92" dir="1" index="1" bw="4" slack="0"/>
</pin_list>
<bind>
<opset="i "/>
</bind>
</comp>

<comp id="97" class="1005" name="i_2_reg_97">
<pin_list>
<pin id="98" dir="0" index="0" bw="4" slack="1"/>
<pin id="99" dir="1" index="1" bw="4" slack="1"/>
</pin_list>
<bind>
<opset="i_2 "/>
</bind>
</comp>

<comp id="105" class="1005" name="x_buf_addr_reg_105">
<pin_list>
<pin id="106" dir="0" index="0" bw="4" slack="1"/>
<pin id="107" dir="1" index="1" bw="4" slack="1"/>
</pin_list>
<bind>
<opset="x_buf_addr "/>
</bind>
</comp>

</comp_list>

<net_list>
<net id="29"><net_src comp="2" pin="0"/><net_sink comp="26" pin=0"/></net>

<net id="35"><net_src comp="0" pin="0"/><net_sink comp="30" pin=0"/></net>

<net id="36"><net_src comp="8" pin="0"/><net_sink comp="30" pin=1"/></net>

<net id="46"><net_src comp="30" pin="3"/><net_sink comp="37" pin=2"/></net>

<net id="52"><net_src comp="0" pin="0"/><net_sink comp="47" pin=0"/></net>

<net id="53"><net_src comp="8" pin="0"/><net_sink comp="47" pin=1"/></net>

<net id="54"><net_src comp="37" pin="7"/><net_sink comp="37" pin=1"/></net>

<net id="55"><net_src comp="47" pin="3"/><net_sink comp="37" pin=0"/></net>

<net id="60"><net_src comp="4" pin="0"/><net_sink comp="56" pin=0"/></net>

<net id="68"><net_src comp="61" pin="1"/><net_sink comp="64" pin=0"/></net>

<net id="69"><net_src comp="6" pin="0"/><net_sink comp="64" pin=1"/></net>

<net id="74"><net_src comp="61" pin="1"/><net_sink comp="70" pin=0"/></net>

<net id="75"><net_src comp="4" pin="0"/><net_sink comp="70" pin=1"/></net>

<net id="79"><net_src comp="70" pin="2"/><net_sink comp="76" pin=0"/></net>

<net id="80"><net_src comp="76" pin="1"/><net_sink comp="30" pin=2"/></net>

<net id="85"><net_src comp="70" pin="2"/><net_sink comp="81" pin=0"/></net>

<net id="89"><net_src comp="86" pin="1"/><net_sink comp="47" pin=2"/></net>

<net id="93"><net_src comp="26" pin="1"/><net_sink comp="90" pin=0"/></net>

<net id="94"><net_src comp="90" pin="1"/><net_sink comp="56" pin=1"/></net>

<net id="95"><net_src comp="90" pin="1"/><net_sink comp="61" pin=0"/></net>

<net id="96"><net_src comp="90" pin="1"/><net_sink comp="81" pin=1"/></net>

<net id="100"><net_src comp="61" pin="1"/><net_sink comp="97" pin=0"/></net>

<net id="101"><net_src comp="97" pin="1"/><net_sink comp="86" pin=0"/></net>

<net id="108"><net_src comp="30" pin="3"/><net_sink comp="105" pin=0"/></net>

<net id="109"><net_src comp="105" pin="1"/><net_sink comp="37" pin=2"/></net>

</net_list>

</model> 
---------------- Datapath Model END ------------------

* FSMD analyzer results:
  - Output states:
	Port: x_buf | {2 }
 - Input state : 
	Port: lms_filter_Pipeline_VITIS_LOOP_33_1 : x_buf | {1 2 }
  - Chain level:
	State 1
		store_ln33 : 1
		i_2 : 1
		icmp_ln33 : 2
		br_ln33 : 3
		add_ln35 : 2
		zext_ln35 : 3
		x_buf_addr : 4
		x_buf_load : 5
		store_ln33 : 3
	State 2
		x_buf_addr_1 : 1
		store_ln35 : 2


============================================================
+ Verbose Summary: Datapath Resource usage 
============================================================

* Functional unit list:
|----------|-----------------|---------|---------|
| Operation| Functional Unit |    FF   |   LUT   |
|----------|-----------------|---------|---------|
|   icmp   | icmp_ln33_fu_64 |    0    |    13   |
|----------|-----------------|---------|---------|
|    add   |  add_ln35_fu_70 |    0    |    13   |
|----------|-----------------|---------|---------|
|   zext   | zext_ln35_fu_76 |    0    |    0    |
|          | zext_ln33_fu_86 |    0    |    0    |
|----------|-----------------|---------|---------|
|   Total  |                 |    0    |    26   |
|----------|-----------------|---------|---------|

Memories:
N/A

* Register list:
+------------------+--------+
|                  |   FF   |
+------------------+--------+
|    i_2_reg_97    |    4   |
|     i_reg_90     |    4   |
|x_buf_addr_reg_105|    4   |
+------------------+--------+
|       Total      |   12   |
+------------------+--------+

* Multiplexer (MUX) list: 
|------------------|------|------|------|--------||---------||---------||---------|
|       Comp       |  Pin | Size |  BW  | S x BW ||  Delay  ||    FF   ||   LUT   |
|------------------|------|------|------|--------||---------||---------||---------|
| grp_access_fu_37 |  p2  |   2  |   0  |    0   ||    0    ||    9    |
|------------------|------|------|------|--------||---------||---------||---------|
|       Total      |      |      |      |    0   ||  1.588  ||    0    ||    9    |
|------------------|------|------|------|--------||---------||---------||---------|



* Summary:
+-----------+--------+--------+--------+
|           |  Delay |   FF   |   LUT  |
+-----------+--------+--------+--------+
|  Function |    -   |    0   |   26   |
|   Memory  |    -   |    -   |    -   |
|Multiplexer|    1   |    0   |    9   |
|  Register |    -   |   12   |    -   |
+-----------+--------+--------+--------+
|   Total   |    1   |   12   |   35   |
+-----------+--------+--------+--------+
